[1.449s] Invoking command in '/home/johnsmith/Desktop/underwater/ros_ws/src/imu_publisher': PYTHONPATH=/home/johnsmith/Desktop/underwater/ros_ws/build/imu_publisher/prefix_override:/home/johnsmith/Desktop/underwater/ros_ws/install/imu_publisher/lib/python3.8/site-packages:${PYTHONPATH} /usr/bin/python3 setup.py egg_info --egg-base ../../build/imu_publisher build --build-base /home/johnsmith/Desktop/underwater/ros_ws/build/imu_publisher/build install --record /home/johnsmith/Desktop/underwater/ros_ws/build/imu_publisher/install.log --install-scripts $base/lib/imu_publisher --single-version-externally-managed
[1.783s] running egg_info
[1.784s] writing ../../build/imu_publisher/imu_publisher.egg-info/PKG-INFO
[1.785s] writing dependency_links to ../../build/imu_publisher/imu_publisher.egg-info/dependency_links.txt
[1.785s] writing entry points to ../../build/imu_publisher/imu_publisher.egg-info/entry_points.txt
[1.785s] writing requirements to ../../build/imu_publisher/imu_publisher.egg-info/requires.txt
[1.785s] writing top-level names to ../../build/imu_publisher/imu_publisher.egg-info/top_level.txt
[1.835s] reading manifest file '../../build/imu_publisher/imu_publisher.egg-info/SOURCES.txt'
[1.836s] writing manifest file '../../build/imu_publisher/imu_publisher.egg-info/SOURCES.txt'
[1.836s] running build
[1.836s] running build_py
[1.837s] running install
[1.838s] running install_lib
[1.840s] running install_data
[1.841s] running install_egg_info
[1.843s] removing '/home/johnsmith/Desktop/underwater/ros_ws/install/imu_publisher/lib/python3.8/site-packages/imu_publisher-0.0.0-py3.8.egg-info' (and everything under it)
[1.844s] Copying ../../build/imu_publisher/imu_publisher.egg-info to /home/johnsmith/Desktop/underwater/ros_ws/install/imu_publisher/lib/python3.8/site-packages/imu_publisher-0.0.0-py3.8.egg-info
[1.845s] running install_scripts
[1.874s] Installing imu_publisher_node script to /home/johnsmith/Desktop/underwater/ros_ws/install/imu_publisher/lib/imu_publisher
[1.874s] writing list of installed files to '/home/johnsmith/Desktop/underwater/ros_ws/build/imu_publisher/install.log'
[1.928s] Invoked command in '/home/johnsmith/Desktop/underwater/ros_ws/src/imu_publisher' returned '0': PYTHONPATH=/home/johnsmith/Desktop/underwater/ros_ws/build/imu_publisher/prefix_override:/home/johnsmith/Desktop/underwater/ros_ws/install/imu_publisher/lib/python3.8/site-packages:${PYTHONPATH} /usr/bin/python3 setup.py egg_info --egg-base ../../build/imu_publisher build --build-base /home/johnsmith/Desktop/underwater/ros_ws/build/imu_publisher/build install --record /home/johnsmith/Desktop/underwater/ros_ws/build/imu_publisher/install.log --install-scripts $base/lib/imu_publisher --single-version-externally-managed
