[0.484s] DEBUG:colcon:Command line arguments: ['/usr/bin/colcon', 'build']
[0.484s] DEBUG:colcon:Parsed command line arguments: Namespace(allow_overriding=[], ament_cmake_args=None, base_paths=['.'], build_base='build', catkin_cmake_args=None, catkin_skip_building_tests=False, cmake_args=None, cmake_clean_cache=False, cmake_clean_first=False, cmake_force_configure=False, cmake_target=None, cmake_target_skip_unavailable=False, continue_on_error=False, event_handlers=None, executor='parallel', ignore_user_meta=False, install_base='install', log_base=None, log_level=None, main=<bound method BuildVerb.main of <colcon_core.verb.build.BuildVerb object at 0xffffa19c2760>>, merge_install=False, metas=['./colcon.meta'], packages_above=None, packages_above_and_dependencies=None, packages_above_depth=None, packages_end=None, packages_ignore=None, packages_ignore_regex=None, packages_select=None, packages_select_build_failed=False, packages_select_by_dep=None, packages_select_regex=None, packages_select_test_failures=False, packages_skip=None, packages_skip_build_finished=False, packages_skip_by_dep=None, packages_skip_regex=None, packages_skip_test_passed=False, packages_skip_up_to=None, packages_start=None, packages_up_to=None, packages_up_to_regex=None, parallel_workers=8, paths=None, symlink_install=False, test_result_base=None, verb_extension=<colcon_core.verb.build.BuildVerb object at 0xffffa19c2760>, verb_name='build', verb_parser=<colcon_defaults.argument_parser.defaults.DefaultArgumentsDecorator object at 0xffffa19c2ca0>)
[0.526s] Level 1:colcon.colcon_core.package_discovery:discover_packages(colcon_meta) check parameters
[0.526s] Level 1:colcon.colcon_core.package_discovery:discover_packages(recursive) check parameters
[0.526s] Level 1:colcon.colcon_core.package_discovery:discover_packages(ignore) check parameters
[0.526s] Level 1:colcon.colcon_core.package_discovery:discover_packages(path) check parameters
[0.526s] Level 1:colcon.colcon_core.package_discovery:discover_packages(colcon_meta) discover
[0.527s] Level 1:colcon.colcon_core.package_discovery:discover_packages(recursive) discover
[0.527s] INFO:colcon.colcon_core.package_discovery:Crawling recursively for packages in '/home/johnsmith/Desktop/underwater/ros_ws'
[0.527s] Level 1:colcon.colcon_core.package_identification:_identify(.) by extensions ['ignore', 'ignore_ament_install']
[0.527s] Level 1:colcon.colcon_core.package_identification:_identify(.) by extension 'ignore'
[0.527s] Level 1:colcon.colcon_core.package_identification:_identify(.) by extension 'ignore_ament_install'
[0.527s] Level 1:colcon.colcon_core.package_identification:_identify(.) by extensions ['colcon_pkg']
[0.527s] Level 1:colcon.colcon_core.package_identification:_identify(.) by extension 'colcon_pkg'
[0.527s] Level 1:colcon.colcon_core.package_identification:_identify(.) by extensions ['colcon_meta']
[0.528s] Level 1:colcon.colcon_core.package_identification:_identify(.) by extension 'colcon_meta'
[0.528s] Level 1:colcon.colcon_core.package_identification:_identify(.) by extensions ['ros']
[0.528s] Level 1:colcon.colcon_core.package_identification:_identify(.) by extension 'ros'
[0.567s] Level 1:colcon.colcon_core.package_identification:_identify(.) by extensions ['cmake', 'python']
[0.567s] Level 1:colcon.colcon_core.package_identification:_identify(.) by extension 'cmake'
[0.567s] Level 1:colcon.colcon_core.package_identification:_identify(.) by extension 'python'
[0.567s] Level 1:colcon.colcon_core.package_identification:_identify(.) by extensions ['python_setup_py']
[0.567s] Level 1:colcon.colcon_core.package_identification:_identify(.) by extension 'python_setup_py'
[0.567s] Level 1:colcon.colcon_core.package_identification:_identify(build) by extensions ['ignore', 'ignore_ament_install']
[0.568s] Level 1:colcon.colcon_core.package_identification:_identify(build) by extension 'ignore'
[0.568s] Level 1:colcon.colcon_core.package_identification:_identify(build) ignored
[0.568s] Level 1:colcon.colcon_core.package_identification:_identify(install) by extensions ['ignore', 'ignore_ament_install']
[0.568s] Level 1:colcon.colcon_core.package_identification:_identify(install) by extension 'ignore'
[0.568s] Level 1:colcon.colcon_core.package_identification:_identify(install) ignored
[0.568s] Level 1:colcon.colcon_core.package_identification:_identify(log) by extensions ['ignore', 'ignore_ament_install']
[0.569s] Level 1:colcon.colcon_core.package_identification:_identify(log) by extension 'ignore'
[0.569s] Level 1:colcon.colcon_core.package_identification:_identify(log) ignored
[0.569s] Level 1:colcon.colcon_core.package_identification:_identify(src) by extensions ['ignore', 'ignore_ament_install']
[0.569s] Level 1:colcon.colcon_core.package_identification:_identify(src) by extension 'ignore'
[0.569s] Level 1:colcon.colcon_core.package_identification:_identify(src) by extension 'ignore_ament_install'
[0.569s] Level 1:colcon.colcon_core.package_identification:_identify(src) by extensions ['colcon_pkg']
[0.569s] Level 1:colcon.colcon_core.package_identification:_identify(src) by extension 'colcon_pkg'
[0.569s] Level 1:colcon.colcon_core.package_identification:_identify(src) by extensions ['colcon_meta']
[0.569s] Level 1:colcon.colcon_core.package_identification:_identify(src) by extension 'colcon_meta'
[0.569s] Level 1:colcon.colcon_core.package_identification:_identify(src) by extensions ['ros']
[0.569s] Level 1:colcon.colcon_core.package_identification:_identify(src) by extension 'ros'
[0.570s] Level 1:colcon.colcon_core.package_identification:_identify(src) by extensions ['cmake', 'python']
[0.570s] Level 1:colcon.colcon_core.package_identification:_identify(src) by extension 'cmake'
[0.570s] Level 1:colcon.colcon_core.package_identification:_identify(src) by extension 'python'
[0.570s] Level 1:colcon.colcon_core.package_identification:_identify(src) by extensions ['python_setup_py']
[0.570s] Level 1:colcon.colcon_core.package_identification:_identify(src) by extension 'python_setup_py'
[0.570s] Level 1:colcon.colcon_core.package_identification:_identify(src/imu_publisher) by extensions ['ignore', 'ignore_ament_install']
[0.570s] Level 1:colcon.colcon_core.package_identification:_identify(src/imu_publisher) by extension 'ignore'
[0.570s] Level 1:colcon.colcon_core.package_identification:_identify(src/imu_publisher) by extension 'ignore_ament_install'
[0.570s] Level 1:colcon.colcon_core.package_identification:_identify(src/imu_publisher) by extensions ['colcon_pkg']
[0.570s] Level 1:colcon.colcon_core.package_identification:_identify(src/imu_publisher) by extension 'colcon_pkg'
[0.570s] Level 1:colcon.colcon_core.package_identification:_identify(src/imu_publisher) by extensions ['colcon_meta']
[0.570s] Level 1:colcon.colcon_core.package_identification:_identify(src/imu_publisher) by extension 'colcon_meta'
[0.571s] Level 1:colcon.colcon_core.package_identification:_identify(src/imu_publisher) by extensions ['ros']
[0.571s] Level 1:colcon.colcon_core.package_identification:_identify(src/imu_publisher) by extension 'ros'
[0.575s] DEBUG:colcon.colcon_core.package_identification:Package 'src/imu_publisher' with type 'ros.ament_python' and name 'imu_publisher'
[0.575s] Level 1:colcon.colcon_core.package_identification:_identify(src/joy_subscriber) by extensions ['ignore', 'ignore_ament_install']
[0.575s] Level 1:colcon.colcon_core.package_identification:_identify(src/joy_subscriber) by extension 'ignore'
[0.575s] Level 1:colcon.colcon_core.package_identification:_identify(src/joy_subscriber) by extension 'ignore_ament_install'
[0.575s] Level 1:colcon.colcon_core.package_identification:_identify(src/joy_subscriber) by extensions ['colcon_pkg']
[0.575s] Level 1:colcon.colcon_core.package_identification:_identify(src/joy_subscriber) by extension 'colcon_pkg'
[0.575s] Level 1:colcon.colcon_core.package_identification:_identify(src/joy_subscriber) by extensions ['colcon_meta']
[0.575s] Level 1:colcon.colcon_core.package_identification:_identify(src/joy_subscriber) by extension 'colcon_meta'
[0.575s] Level 1:colcon.colcon_core.package_identification:_identify(src/joy_subscriber) by extensions ['ros']
[0.576s] Level 1:colcon.colcon_core.package_identification:_identify(src/joy_subscriber) by extension 'ros'
[0.576s] DEBUG:colcon.colcon_core.package_identification:Package 'src/joy_subscriber' with type 'ros.ament_python' and name 'joy_subscriber'
[0.576s] Level 1:colcon.colcon_core.package_discovery:discover_packages(recursive) using defaults
[0.577s] Level 1:colcon.colcon_core.package_discovery:discover_packages(ignore) discover
[0.577s] Level 1:colcon.colcon_core.package_discovery:discover_packages(ignore) using defaults
[0.577s] Level 1:colcon.colcon_core.package_discovery:discover_packages(path) discover
[0.577s] Level 1:colcon.colcon_core.package_discovery:discover_packages(path) using defaults
[0.609s] Level 1:colcon.colcon_core.package_discovery:discover_packages(prefix_path) check parameters
[0.610s] Level 1:colcon.colcon_core.package_discovery:discover_packages(prefix_path) discover
[0.614s] DEBUG:colcon.colcon_installed_package_information.package_discovery:Found 2 installed packages in /home/johnsmith/Desktop/underwater/ros_ws/install
[0.616s] DEBUG:colcon.colcon_installed_package_information.package_discovery:Found 261 installed packages in /opt/ros/foxy
[0.618s] Level 1:colcon.colcon_core.package_discovery:discover_packages(prefix_path) using defaults
[0.723s] Level 5:colcon.colcon_core.verb:set package 'imu_publisher' build argument 'cmake_args' from command line to 'None'
[0.723s] Level 5:colcon.colcon_core.verb:set package 'imu_publisher' build argument 'cmake_target' from command line to 'None'
[0.723s] Level 5:colcon.colcon_core.verb:set package 'imu_publisher' build argument 'cmake_target_skip_unavailable' from command line to 'False'
[0.723s] Level 5:colcon.colcon_core.verb:set package 'imu_publisher' build argument 'cmake_clean_cache' from command line to 'False'
[0.723s] Level 5:colcon.colcon_core.verb:set package 'imu_publisher' build argument 'cmake_clean_first' from command line to 'False'
[0.723s] Level 5:colcon.colcon_core.verb:set package 'imu_publisher' build argument 'cmake_force_configure' from command line to 'False'
[0.723s] Level 5:colcon.colcon_core.verb:set package 'imu_publisher' build argument 'ament_cmake_args' from command line to 'None'
[0.723s] Level 5:colcon.colcon_core.verb:set package 'imu_publisher' build argument 'catkin_cmake_args' from command line to 'None'
[0.723s] Level 5:colcon.colcon_core.verb:set package 'imu_publisher' build argument 'catkin_skip_building_tests' from command line to 'False'
[0.723s] DEBUG:colcon.colcon_core.verb:Building package 'imu_publisher' with the following arguments: {'ament_cmake_args': None, 'build_base': '/home/johnsmith/Desktop/underwater/ros_ws/build/imu_publisher', 'catkin_cmake_args': None, 'catkin_skip_building_tests': False, 'cmake_args': None, 'cmake_clean_cache': False, 'cmake_clean_first': False, 'cmake_force_configure': False, 'cmake_target': None, 'cmake_target_skip_unavailable': False, 'install_base': '/home/johnsmith/Desktop/underwater/ros_ws/install/imu_publisher', 'merge_install': False, 'path': '/home/johnsmith/Desktop/underwater/ros_ws/src/imu_publisher', 'symlink_install': False, 'test_result_base': None}
[0.725s] Level 5:colcon.colcon_core.verb:set package 'joy_subscriber' build argument 'cmake_args' from command line to 'None'
[0.725s] Level 5:colcon.colcon_core.verb:set package 'joy_subscriber' build argument 'cmake_target' from command line to 'None'
[0.725s] Level 5:colcon.colcon_core.verb:set package 'joy_subscriber' build argument 'cmake_target_skip_unavailable' from command line to 'False'
[0.725s] Level 5:colcon.colcon_core.verb:set package 'joy_subscriber' build argument 'cmake_clean_cache' from command line to 'False'
[0.725s] Level 5:colcon.colcon_core.verb:set package 'joy_subscriber' build argument 'cmake_clean_first' from command line to 'False'
[0.725s] Level 5:colcon.colcon_core.verb:set package 'joy_subscriber' build argument 'cmake_force_configure' from command line to 'False'
[0.725s] Level 5:colcon.colcon_core.verb:set package 'joy_subscriber' build argument 'ament_cmake_args' from command line to 'None'
[0.725s] Level 5:colcon.colcon_core.verb:set package 'joy_subscriber' build argument 'catkin_cmake_args' from command line to 'None'
[0.725s] Level 5:colcon.colcon_core.verb:set package 'joy_subscriber' build argument 'catkin_skip_building_tests' from command line to 'False'
[0.725s] DEBUG:colcon.colcon_core.verb:Building package 'joy_subscriber' with the following arguments: {'ament_cmake_args': None, 'build_base': '/home/johnsmith/Desktop/underwater/ros_ws/build/joy_subscriber', 'catkin_cmake_args': None, 'catkin_skip_building_tests': False, 'cmake_args': None, 'cmake_clean_cache': False, 'cmake_clean_first': False, 'cmake_force_configure': False, 'cmake_target': None, 'cmake_target_skip_unavailable': False, 'install_base': '/home/johnsmith/Desktop/underwater/ros_ws/install/joy_subscriber', 'merge_install': False, 'path': '/home/johnsmith/Desktop/underwater/ros_ws/src/joy_subscriber', 'symlink_install': False, 'test_result_base': None}
[0.726s] INFO:colcon.colcon_core.executor:Executing jobs using 'parallel' executor
[0.732s] DEBUG:colcon.colcon_parallel_executor.executor.parallel:run_until_complete
[0.732s] INFO:colcon.colcon_ros.task.ament_python.build:Building ROS package in '/home/johnsmith/Desktop/underwater/ros_ws/src/imu_publisher' with build type 'ament_python'
[0.732s] Level 1:colcon.colcon_core.shell:create_environment_hook('imu_publisher', 'ament_prefix_path')
[0.740s] INFO:colcon.colcon_core.plugin_system:Skipping extension 'colcon_core.shell.bat': Not used on non-Windows systems
[0.740s] INFO:colcon.colcon_core.shell:Creating environment hook '/home/johnsmith/Desktop/underwater/ros_ws/install/imu_publisher/share/imu_publisher/hook/ament_prefix_path.ps1'
[0.742s] INFO:colcon.colcon_core.shell:Creating environment descriptor '/home/johnsmith/Desktop/underwater/ros_ws/install/imu_publisher/share/imu_publisher/hook/ament_prefix_path.dsv'
[0.742s] INFO:colcon.colcon_core.shell:Creating environment hook '/home/johnsmith/Desktop/underwater/ros_ws/install/imu_publisher/share/imu_publisher/hook/ament_prefix_path.sh'
[0.745s] INFO:colcon.colcon_core.shell:Skip shell extension 'powershell' for command environment: Not usable outside of PowerShell
[0.745s] DEBUG:colcon.colcon_core.shell:Skip shell extension 'dsv' for command environment
[0.758s] INFO:colcon.colcon_ros.task.ament_python.build:Building ROS package in '/home/johnsmith/Desktop/underwater/ros_ws/src/joy_subscriber' with build type 'ament_python'
[0.759s] Level 1:colcon.colcon_core.shell:create_environment_hook('joy_subscriber', 'ament_prefix_path')
[0.762s] INFO:colcon.colcon_core.shell:Creating environment hook '/home/johnsmith/Desktop/underwater/ros_ws/install/joy_subscriber/share/joy_subscriber/hook/ament_prefix_path.ps1'
[0.763s] INFO:colcon.colcon_core.shell:Creating environment descriptor '/home/johnsmith/Desktop/underwater/ros_ws/install/joy_subscriber/share/joy_subscriber/hook/ament_prefix_path.dsv'
[0.763s] INFO:colcon.colcon_core.shell:Creating environment hook '/home/johnsmith/Desktop/underwater/ros_ws/install/joy_subscriber/share/joy_subscriber/hook/ament_prefix_path.sh'
[0.766s] INFO:colcon.colcon_core.shell:Skip shell extension 'powershell' for command environment: Not usable outside of PowerShell
[0.766s] DEBUG:colcon.colcon_core.shell:Skip shell extension 'dsv' for command environment
[1.134s] INFO:colcon.colcon_core.task.python.build:Building Python package in '/home/johnsmith/Desktop/underwater/ros_ws/src/imu_publisher'
[1.137s] INFO:colcon.colcon_core.shell:Skip shell extension 'powershell' for command environment: Not usable outside of PowerShell
[1.137s] DEBUG:colcon.colcon_core.shell:Skip shell extension 'dsv' for command environment
[1.513s] INFO:colcon.colcon_core.task.python.build:Building Python package in '/home/johnsmith/Desktop/underwater/ros_ws/src/joy_subscriber'
[1.519s] INFO:colcon.colcon_core.shell:Skip shell extension 'powershell' for command environment: Not usable outside of PowerShell
[1.519s] DEBUG:colcon.colcon_core.shell:Skip shell extension 'dsv' for command environment
[2.179s] DEBUG:colcon.colcon_core.event_handler.log_command:Invoking command in '/home/johnsmith/Desktop/underwater/ros_ws/src/imu_publisher': PYTHONPATH=/home/johnsmith/Desktop/underwater/ros_ws/build/imu_publisher/prefix_override:/home/johnsmith/Desktop/underwater/ros_ws/install/imu_publisher/lib/python3.8/site-packages:${PYTHONPATH} /usr/bin/python3 setup.py egg_info --egg-base ../../build/imu_publisher build --build-base /home/johnsmith/Desktop/underwater/ros_ws/build/imu_publisher/build install --record /home/johnsmith/Desktop/underwater/ros_ws/build/imu_publisher/install.log --install-scripts $base/lib/imu_publisher --single-version-externally-managed
[2.197s] DEBUG:colcon.colcon_core.event_handler.log_command:Invoking command in '/home/johnsmith/Desktop/underwater/ros_ws/src/joy_subscriber': PYTHONPATH=/home/johnsmith/Desktop/underwater/ros_ws/build/joy_subscriber/prefix_override:/home/johnsmith/Desktop/underwater/ros_ws/install/joy_subscriber/lib/python3.8/site-packages:${PYTHONPATH} /usr/bin/python3 setup.py egg_info --egg-base ../../build/joy_subscriber build --build-base /home/johnsmith/Desktop/underwater/ros_ws/build/joy_subscriber/build install --record /home/johnsmith/Desktop/underwater/ros_ws/build/joy_subscriber/install.log --install-scripts $base/lib/joy_subscriber --single-version-externally-managed
[2.686s] DEBUG:colcon.colcon_core.event_handler.log_command:Invoked command in '/home/johnsmith/Desktop/underwater/ros_ws/src/imu_publisher' returned '0': PYTHONPATH=/home/johnsmith/Desktop/underwater/ros_ws/build/imu_publisher/prefix_override:/home/johnsmith/Desktop/underwater/ros_ws/install/imu_publisher/lib/python3.8/site-packages:${PYTHONPATH} /usr/bin/python3 setup.py egg_info --egg-base ../../build/imu_publisher build --build-base /home/johnsmith/Desktop/underwater/ros_ws/build/imu_publisher/build install --record /home/johnsmith/Desktop/underwater/ros_ws/build/imu_publisher/install.log --install-scripts $base/lib/imu_publisher --single-version-externally-managed
[2.703s] Level 1:colcon.colcon_core.environment:checking '/home/johnsmith/Desktop/underwater/ros_ws/install/imu_publisher' for CMake module files
[2.705s] Level 1:colcon.colcon_core.environment:checking '/home/johnsmith/Desktop/underwater/ros_ws/install/imu_publisher' for CMake config files
[2.708s] Level 1:colcon.colcon_core.environment:checking '/home/johnsmith/Desktop/underwater/ros_ws/install/imu_publisher/lib'
[2.709s] Level 1:colcon.colcon_core.environment:checking '/home/johnsmith/Desktop/underwater/ros_ws/install/imu_publisher/bin'
[2.709s] Level 1:colcon.colcon_core.environment:checking '/home/johnsmith/Desktop/underwater/ros_ws/install/imu_publisher/lib/pkgconfig/imu_publisher.pc'
[2.710s] Level 1:colcon.colcon_core.environment:checking '/home/johnsmith/Desktop/underwater/ros_ws/install/imu_publisher/lib/python3.8/site-packages'
[2.711s] Level 1:colcon.colcon_core.shell:create_environment_hook('imu_publisher', 'pythonpath')
[2.716s] INFO:colcon.colcon_core.shell:Creating environment hook '/home/johnsmith/Desktop/underwater/ros_ws/install/imu_publisher/share/imu_publisher/hook/pythonpath.ps1'
[2.717s] INFO:colcon.colcon_core.shell:Creating environment descriptor '/home/johnsmith/Desktop/underwater/ros_ws/install/imu_publisher/share/imu_publisher/hook/pythonpath.dsv'
[2.718s] INFO:colcon.colcon_core.shell:Creating environment hook '/home/johnsmith/Desktop/underwater/ros_ws/install/imu_publisher/share/imu_publisher/hook/pythonpath.sh'
[2.720s] Level 1:colcon.colcon_core.environment:checking '/home/johnsmith/Desktop/underwater/ros_ws/install/imu_publisher/bin'
[2.720s] Level 1:colcon.colcon_core.environment:create_environment_scripts_only(imu_publisher)
[2.724s] INFO:colcon.colcon_core.shell:Creating package script '/home/johnsmith/Desktop/underwater/ros_ws/install/imu_publisher/share/imu_publisher/package.ps1'
[2.726s] INFO:colcon.colcon_core.shell:Creating package descriptor '/home/johnsmith/Desktop/underwater/ros_ws/install/imu_publisher/share/imu_publisher/package.dsv'
[2.728s] INFO:colcon.colcon_core.shell:Creating package script '/home/johnsmith/Desktop/underwater/ros_ws/install/imu_publisher/share/imu_publisher/package.sh'
[2.729s] INFO:colcon.colcon_core.shell:Creating package script '/home/johnsmith/Desktop/underwater/ros_ws/install/imu_publisher/share/imu_publisher/package.bash'
[2.731s] INFO:colcon.colcon_core.shell:Creating package script '/home/johnsmith/Desktop/underwater/ros_ws/install/imu_publisher/share/imu_publisher/package.zsh'
[2.732s] Level 1:colcon.colcon_core.environment:create_file_with_runtime_dependencies(/home/johnsmith/Desktop/underwater/ros_ws/install/imu_publisher/share/colcon-core/packages/imu_publisher)
[2.739s] Level 1:colcon.colcon_core.environment:checking '/home/johnsmith/Desktop/underwater/ros_ws/install/joy_subscriber' for CMake module files
[2.741s] DEBUG:colcon.colcon_core.event_handler.log_command:Invoked command in '/home/johnsmith/Desktop/underwater/ros_ws/src/joy_subscriber' returned '0': PYTHONPATH=/home/johnsmith/Desktop/underwater/ros_ws/build/joy_subscriber/prefix_override:/home/johnsmith/Desktop/underwater/ros_ws/install/joy_subscriber/lib/python3.8/site-packages:${PYTHONPATH} /usr/bin/python3 setup.py egg_info --egg-base ../../build/joy_subscriber build --build-base /home/johnsmith/Desktop/underwater/ros_ws/build/joy_subscriber/build install --record /home/johnsmith/Desktop/underwater/ros_ws/build/joy_subscriber/install.log --install-scripts $base/lib/joy_subscriber --single-version-externally-managed
[2.742s] Level 1:colcon.colcon_core.environment:checking '/home/johnsmith/Desktop/underwater/ros_ws/install/joy_subscriber' for CMake config files
[2.743s] Level 1:colcon.colcon_core.environment:checking '/home/johnsmith/Desktop/underwater/ros_ws/install/joy_subscriber/lib'
[2.744s] Level 1:colcon.colcon_core.environment:checking '/home/johnsmith/Desktop/underwater/ros_ws/install/joy_subscriber/bin'
[2.744s] Level 1:colcon.colcon_core.environment:checking '/home/johnsmith/Desktop/underwater/ros_ws/install/joy_subscriber/lib/pkgconfig/joy_subscriber.pc'
[2.744s] Level 1:colcon.colcon_core.environment:checking '/home/johnsmith/Desktop/underwater/ros_ws/install/joy_subscriber/lib/python3.8/site-packages'
[2.744s] Level 1:colcon.colcon_core.shell:create_environment_hook('joy_subscriber', 'pythonpath')
[2.748s] INFO:colcon.colcon_core.shell:Creating environment hook '/home/johnsmith/Desktop/underwater/ros_ws/install/joy_subscriber/share/joy_subscriber/hook/pythonpath.ps1'
[2.749s] INFO:colcon.colcon_core.shell:Creating environment descriptor '/home/johnsmith/Desktop/underwater/ros_ws/install/joy_subscriber/share/joy_subscriber/hook/pythonpath.dsv'
[2.750s] INFO:colcon.colcon_core.shell:Creating environment hook '/home/johnsmith/Desktop/underwater/ros_ws/install/joy_subscriber/share/joy_subscriber/hook/pythonpath.sh'
[2.751s] Level 1:colcon.colcon_core.environment:checking '/home/johnsmith/Desktop/underwater/ros_ws/install/joy_subscriber/bin'
[2.751s] Level 1:colcon.colcon_core.environment:create_environment_scripts_only(joy_subscriber)
[2.754s] INFO:colcon.colcon_core.shell:Creating package script '/home/johnsmith/Desktop/underwater/ros_ws/install/joy_subscriber/share/joy_subscriber/package.ps1'
[2.755s] INFO:colcon.colcon_core.shell:Creating package descriptor '/home/johnsmith/Desktop/underwater/ros_ws/install/joy_subscriber/share/joy_subscriber/package.dsv'
[2.756s] INFO:colcon.colcon_core.shell:Creating package script '/home/johnsmith/Desktop/underwater/ros_ws/install/joy_subscriber/share/joy_subscriber/package.sh'
[2.757s] INFO:colcon.colcon_core.shell:Creating package script '/home/johnsmith/Desktop/underwater/ros_ws/install/joy_subscriber/share/joy_subscriber/package.bash'
[2.758s] INFO:colcon.colcon_core.shell:Creating package script '/home/johnsmith/Desktop/underwater/ros_ws/install/joy_subscriber/share/joy_subscriber/package.zsh'
[2.758s] Level 1:colcon.colcon_core.environment:create_file_with_runtime_dependencies(/home/johnsmith/Desktop/underwater/ros_ws/install/joy_subscriber/share/colcon-core/packages/joy_subscriber)
[2.759s] DEBUG:colcon.colcon_parallel_executor.executor.parallel:closing loop
[2.759s] DEBUG:colcon.colcon_parallel_executor.executor.parallel:loop closed
[2.760s] DEBUG:colcon.colcon_parallel_executor.executor.parallel:run_until_complete finished with '0'
[2.760s] DEBUG:colcon.colcon_core.event_reactor:joining thread
[2.776s] INFO:colcon.colcon_core.plugin_system:Skipping extension 'colcon_notification.desktop_notification.terminal_notifier': Not used on non-Darwin systems
[2.776s] INFO:colcon.colcon_core.plugin_system:Skipping extension 'colcon_notification.desktop_notification.win32': Not used on non-Windows systems
[2.776s] INFO:colcon.colcon_notification.desktop_notification:Sending desktop notification using 'notify2'
[2.803s] DEBUG:colcon.colcon_core.event_reactor:joined thread
[2.806s] INFO:colcon.colcon_core.shell:Creating prefix script '/home/johnsmith/Desktop/underwater/ros_ws/install/local_setup.ps1'
[2.808s] INFO:colcon.colcon_core.shell:Creating prefix util module '/home/johnsmith/Desktop/underwater/ros_ws/install/_local_setup_util_ps1.py'
[2.810s] INFO:colcon.colcon_core.shell:Creating prefix chain script '/home/johnsmith/Desktop/underwater/ros_ws/install/setup.ps1'
[2.812s] INFO:colcon.colcon_core.shell:Creating prefix script '/home/johnsmith/Desktop/underwater/ros_ws/install/local_setup.sh'
[2.813s] INFO:colcon.colcon_core.shell:Creating prefix util module '/home/johnsmith/Desktop/underwater/ros_ws/install/_local_setup_util_sh.py'
[2.814s] INFO:colcon.colcon_core.shell:Creating prefix chain script '/home/johnsmith/Desktop/underwater/ros_ws/install/setup.sh'
[2.816s] INFO:colcon.colcon_core.shell:Creating prefix script '/home/johnsmith/Desktop/underwater/ros_ws/install/local_setup.bash'
[2.817s] INFO:colcon.colcon_core.shell:Creating prefix chain script '/home/johnsmith/Desktop/underwater/ros_ws/install/setup.bash'
[2.819s] INFO:colcon.colcon_core.shell:Creating prefix script '/home/johnsmith/Desktop/underwater/ros_ws/install/local_setup.zsh'
[2.820s] INFO:colcon.colcon_core.shell:Creating prefix chain script '/home/johnsmith/Desktop/underwater/ros_ws/install/setup.zsh'
