[0.622s] DEBUG:colcon:Command line arguments: ['/usr/bin/colcon', 'build', '--packages-select', 'imu_publisher']
[0.622s] DEBUG:colcon:Parsed command line arguments: Namespace(allow_overriding=[], ament_cmake_args=None, base_paths=['.'], build_base='build', catkin_cmake_args=None, catkin_skip_building_tests=False, cmake_args=None, cmake_clean_cache=False, cmake_clean_first=False, cmake_force_configure=False, cmake_target=None, cmake_target_skip_unavailable=False, continue_on_error=False, event_handlers=None, executor='parallel', ignore_user_meta=False, install_base='install', log_base=None, log_level=None, main=<bound method BuildVerb.main of <colcon_core.verb.build.BuildVerb object at 0xffff9c404520>>, merge_install=False, metas=['./colcon.meta'], packages_above=None, packages_above_and_dependencies=None, packages_above_depth=None, packages_end=None, packages_ignore=None, packages_ignore_regex=None, packages_select=['imu_publisher'], packages_select_build_failed=False, packages_select_by_dep=None, packages_select_regex=None, packages_select_test_failures=False, packages_skip=None, packages_skip_build_finished=False, packages_skip_by_dep=None, packages_skip_regex=None, packages_skip_test_passed=False, packages_skip_up_to=None, packages_start=None, packages_up_to=None, packages_up_to_regex=None, parallel_workers=4, paths=None, symlink_install=False, test_result_base=None, verb_extension=<colcon_core.verb.build.BuildVerb object at 0xffff9c404520>, verb_name='build', verb_parser=<colcon_defaults.argument_parser.defaults.DefaultArgumentsDecorator object at 0xffff9c404a60>)
[0.711s] Level 1:colcon.colcon_core.package_discovery:discover_packages(colcon_meta) check parameters
[0.712s] Level 1:colcon.colcon_core.package_discovery:discover_packages(recursive) check parameters
[0.712s] Level 1:colcon.colcon_core.package_discovery:discover_packages(ignore) check parameters
[0.712s] Level 1:colcon.colcon_core.package_discovery:discover_packages(path) check parameters
[0.712s] Level 1:colcon.colcon_core.package_discovery:discover_packages(colcon_meta) discover
[0.712s] Level 1:colcon.colcon_core.package_discovery:discover_packages(recursive) discover
[0.712s] INFO:colcon.colcon_core.package_discovery:Crawling recursively for packages in '/home/johnsmith/Desktop/underwater/ros_ws'
[0.714s] Level 1:colcon.colcon_core.package_identification:_identify(.) by extensions ['ignore', 'ignore_ament_install']
[0.714s] Level 1:colcon.colcon_core.package_identification:_identify(.) by extension 'ignore'
[0.714s] Level 1:colcon.colcon_core.package_identification:_identify(.) by extension 'ignore_ament_install'
[0.714s] Level 1:colcon.colcon_core.package_identification:_identify(.) by extensions ['colcon_pkg']
[0.714s] Level 1:colcon.colcon_core.package_identification:_identify(.) by extension 'colcon_pkg'
[0.714s] Level 1:colcon.colcon_core.package_identification:_identify(.) by extensions ['colcon_meta']
[0.715s] Level 1:colcon.colcon_core.package_identification:_identify(.) by extension 'colcon_meta'
[0.715s] Level 1:colcon.colcon_core.package_identification:_identify(.) by extensions ['ros']
[0.715s] Level 1:colcon.colcon_core.package_identification:_identify(.) by extension 'ros'
[0.773s] Level 1:colcon.colcon_core.package_identification:_identify(.) by extensions ['cmake', 'python']
[0.773s] Level 1:colcon.colcon_core.package_identification:_identify(.) by extension 'cmake'
[0.774s] Level 1:colcon.colcon_core.package_identification:_identify(.) by extension 'python'
[0.774s] Level 1:colcon.colcon_core.package_identification:_identify(.) by extensions ['python_setup_py']
[0.774s] Level 1:colcon.colcon_core.package_identification:_identify(.) by extension 'python_setup_py'
[0.774s] Level 1:colcon.colcon_core.package_identification:_identify(build) by extensions ['ignore', 'ignore_ament_install']
[0.774s] Level 1:colcon.colcon_core.package_identification:_identify(build) by extension 'ignore'
[0.774s] Level 1:colcon.colcon_core.package_identification:_identify(build) ignored
[0.775s] Level 1:colcon.colcon_core.package_identification:_identify(install) by extensions ['ignore', 'ignore_ament_install']
[0.775s] Level 1:colcon.colcon_core.package_identification:_identify(install) by extension 'ignore'
[0.775s] Level 1:colcon.colcon_core.package_identification:_identify(install) ignored
[0.775s] Level 1:colcon.colcon_core.package_identification:_identify(log) by extensions ['ignore', 'ignore_ament_install']
[0.776s] Level 1:colcon.colcon_core.package_identification:_identify(log) by extension 'ignore'
[0.776s] Level 1:colcon.colcon_core.package_identification:_identify(log) ignored
[0.776s] Level 1:colcon.colcon_core.package_identification:_identify(src) by extensions ['ignore', 'ignore_ament_install']
[0.776s] Level 1:colcon.colcon_core.package_identification:_identify(src) by extension 'ignore'
[0.776s] Level 1:colcon.colcon_core.package_identification:_identify(src) by extension 'ignore_ament_install'
[0.776s] Level 1:colcon.colcon_core.package_identification:_identify(src) by extensions ['colcon_pkg']
[0.776s] Level 1:colcon.colcon_core.package_identification:_identify(src) by extension 'colcon_pkg'
[0.777s] Level 1:colcon.colcon_core.package_identification:_identify(src) by extensions ['colcon_meta']
[0.777s] Level 1:colcon.colcon_core.package_identification:_identify(src) by extension 'colcon_meta'
[0.777s] Level 1:colcon.colcon_core.package_identification:_identify(src) by extensions ['ros']
[0.777s] Level 1:colcon.colcon_core.package_identification:_identify(src) by extension 'ros'
[0.777s] Level 1:colcon.colcon_core.package_identification:_identify(src) by extensions ['cmake', 'python']
[0.777s] Level 1:colcon.colcon_core.package_identification:_identify(src) by extension 'cmake'
[0.777s] Level 1:colcon.colcon_core.package_identification:_identify(src) by extension 'python'
[0.777s] Level 1:colcon.colcon_core.package_identification:_identify(src) by extensions ['python_setup_py']
[0.777s] Level 1:colcon.colcon_core.package_identification:_identify(src) by extension 'python_setup_py'
[0.778s] Level 1:colcon.colcon_core.package_identification:_identify(src/imu_publisher) by extensions ['ignore', 'ignore_ament_install']
[0.778s] Level 1:colcon.colcon_core.package_identification:_identify(src/imu_publisher) by extension 'ignore'
[0.778s] Level 1:colcon.colcon_core.package_identification:_identify(src/imu_publisher) by extension 'ignore_ament_install'
[0.778s] Level 1:colcon.colcon_core.package_identification:_identify(src/imu_publisher) by extensions ['colcon_pkg']
[0.778s] Level 1:colcon.colcon_core.package_identification:_identify(src/imu_publisher) by extension 'colcon_pkg'
[0.778s] Level 1:colcon.colcon_core.package_identification:_identify(src/imu_publisher) by extensions ['colcon_meta']
[0.778s] Level 1:colcon.colcon_core.package_identification:_identify(src/imu_publisher) by extension 'colcon_meta'
[0.778s] Level 1:colcon.colcon_core.package_identification:_identify(src/imu_publisher) by extensions ['ros']
[0.778s] Level 1:colcon.colcon_core.package_identification:_identify(src/imu_publisher) by extension 'ros'
[0.784s] DEBUG:colcon.colcon_core.package_identification:Package 'src/imu_publisher' with type 'ros.ament_python' and name 'imu_publisher'
[0.785s] Level 1:colcon.colcon_core.package_identification:_identify(src/joy_subscriber) by extensions ['ignore', 'ignore_ament_install']
[0.785s] Level 1:colcon.colcon_core.package_identification:_identify(src/joy_subscriber) by extension 'ignore'
[0.785s] Level 1:colcon.colcon_core.package_identification:_identify(src/joy_subscriber) by extension 'ignore_ament_install'
[0.785s] Level 1:colcon.colcon_core.package_identification:_identify(src/joy_subscriber) by extensions ['colcon_pkg']
[0.785s] Level 1:colcon.colcon_core.package_identification:_identify(src/joy_subscriber) by extension 'colcon_pkg'
[0.785s] Level 1:colcon.colcon_core.package_identification:_identify(src/joy_subscriber) by extensions ['colcon_meta']
[0.785s] Level 1:colcon.colcon_core.package_identification:_identify(src/joy_subscriber) by extension 'colcon_meta'
[0.786s] Level 1:colcon.colcon_core.package_identification:_identify(src/joy_subscriber) by extensions ['ros']
[0.786s] Level 1:colcon.colcon_core.package_identification:_identify(src/joy_subscriber) by extension 'ros'
[0.787s] DEBUG:colcon.colcon_core.package_identification:Package 'src/joy_subscriber' with type 'ros.ament_python' and name 'joy_subscriber'
[0.787s] Level 1:colcon.colcon_core.package_discovery:discover_packages(recursive) using defaults
[0.787s] Level 1:colcon.colcon_core.package_discovery:discover_packages(ignore) discover
[0.787s] Level 1:colcon.colcon_core.package_discovery:discover_packages(ignore) using defaults
[0.787s] Level 1:colcon.colcon_core.package_discovery:discover_packages(path) discover
[0.787s] Level 1:colcon.colcon_core.package_discovery:discover_packages(path) using defaults
[0.829s] INFO:colcon.colcon_core.package_selection:Skipping not selected package 'joy_subscriber' in 'src/joy_subscriber'
[0.831s] Level 1:colcon.colcon_core.package_discovery:discover_packages(prefix_path) check parameters
[0.831s] Level 1:colcon.colcon_core.package_discovery:discover_packages(prefix_path) discover
[0.837s] DEBUG:colcon.colcon_installed_package_information.package_discovery:Found 2 installed packages in /home/johnsmith/Desktop/underwater/ros_ws/install
[0.841s] DEBUG:colcon.colcon_installed_package_information.package_discovery:Found 256 installed packages in /opt/ros/foxy
[0.843s] Level 1:colcon.colcon_core.package_discovery:discover_packages(prefix_path) using defaults
[0.975s] Level 5:colcon.colcon_core.verb:set package 'imu_publisher' build argument 'cmake_args' from command line to 'None'
[0.975s] Level 5:colcon.colcon_core.verb:set package 'imu_publisher' build argument 'cmake_target' from command line to 'None'
[0.975s] Level 5:colcon.colcon_core.verb:set package 'imu_publisher' build argument 'cmake_target_skip_unavailable' from command line to 'False'
[0.975s] Level 5:colcon.colcon_core.verb:set package 'imu_publisher' build argument 'cmake_clean_cache' from command line to 'False'
[0.975s] Level 5:colcon.colcon_core.verb:set package 'imu_publisher' build argument 'cmake_clean_first' from command line to 'False'
[0.975s] Level 5:colcon.colcon_core.verb:set package 'imu_publisher' build argument 'cmake_force_configure' from command line to 'False'
[0.976s] Level 5:colcon.colcon_core.verb:set package 'imu_publisher' build argument 'ament_cmake_args' from command line to 'None'
[0.976s] Level 5:colcon.colcon_core.verb:set package 'imu_publisher' build argument 'catkin_cmake_args' from command line to 'None'
[0.976s] Level 5:colcon.colcon_core.verb:set package 'imu_publisher' build argument 'catkin_skip_building_tests' from command line to 'False'
[0.976s] DEBUG:colcon.colcon_core.verb:Building package 'imu_publisher' with the following arguments: {'ament_cmake_args': None, 'build_base': '/home/johnsmith/Desktop/underwater/ros_ws/build/imu_publisher', 'catkin_cmake_args': None, 'catkin_skip_building_tests': False, 'cmake_args': None, 'cmake_clean_cache': False, 'cmake_clean_first': False, 'cmake_force_configure': False, 'cmake_target': None, 'cmake_target_skip_unavailable': False, 'install_base': '/home/johnsmith/Desktop/underwater/ros_ws/install/imu_publisher', 'merge_install': False, 'path': '/home/johnsmith/Desktop/underwater/ros_ws/src/imu_publisher', 'symlink_install': False, 'test_result_base': None}
[0.977s] INFO:colcon.colcon_core.executor:Executing jobs using 'parallel' executor
[0.987s] DEBUG:colcon.colcon_parallel_executor.executor.parallel:run_until_complete
[0.987s] INFO:colcon.colcon_ros.task.ament_python.build:Building ROS package in '/home/johnsmith/Desktop/underwater/ros_ws/src/imu_publisher' with build type 'ament_python'
[0.988s] Level 1:colcon.colcon_core.shell:create_environment_hook('imu_publisher', 'ament_prefix_path')
[0.998s] INFO:colcon.colcon_core.plugin_system:Skipping extension 'colcon_core.shell.bat': Not used on non-Windows systems
[0.998s] INFO:colcon.colcon_core.shell:Creating environment hook '/home/johnsmith/Desktop/underwater/ros_ws/install/imu_publisher/share/imu_publisher/hook/ament_prefix_path.ps1'
[1.000s] INFO:colcon.colcon_core.shell:Creating environment descriptor '/home/johnsmith/Desktop/underwater/ros_ws/install/imu_publisher/share/imu_publisher/hook/ament_prefix_path.dsv'
[1.001s] INFO:colcon.colcon_core.shell:Creating environment hook '/home/johnsmith/Desktop/underwater/ros_ws/install/imu_publisher/share/imu_publisher/hook/ament_prefix_path.sh'
[1.004s] INFO:colcon.colcon_core.shell:Skip shell extension 'powershell' for command environment: Not usable outside of PowerShell
[1.004s] DEBUG:colcon.colcon_core.shell:Skip shell extension 'dsv' for command environment
[1.471s] INFO:colcon.colcon_core.task.python.build:Building Python package in '/home/johnsmith/Desktop/underwater/ros_ws/src/imu_publisher'
[1.475s] INFO:colcon.colcon_core.shell:Skip shell extension 'powershell' for command environment: Not usable outside of PowerShell
[1.475s] DEBUG:colcon.colcon_core.shell:Skip shell extension 'dsv' for command environment
[2.296s] DEBUG:colcon.colcon_core.event_handler.log_command:Invoking command in '/home/johnsmith/Desktop/underwater/ros_ws/src/imu_publisher': PYTHONPATH=/home/johnsmith/Desktop/underwater/ros_ws/build/imu_publisher/prefix_override:/home/johnsmith/Desktop/underwater/ros_ws/install/imu_publisher/lib/python3.8/site-packages:${PYTHONPATH} /usr/bin/python3 setup.py egg_info --egg-base ../../build/imu_publisher build --build-base /home/johnsmith/Desktop/underwater/ros_ws/build/imu_publisher/build install --record /home/johnsmith/Desktop/underwater/ros_ws/build/imu_publisher/install.log --install-scripts $base/lib/imu_publisher --single-version-externally-managed
[2.986s] DEBUG:colcon.colcon_core.event_handler.log_command:Invoked command in '/home/johnsmith/Desktop/underwater/ros_ws/src/imu_publisher' returned '0': PYTHONPATH=/home/johnsmith/Desktop/underwater/ros_ws/build/imu_publisher/prefix_override:/home/johnsmith/Desktop/underwater/ros_ws/install/imu_publisher/lib/python3.8/site-packages:${PYTHONPATH} /usr/bin/python3 setup.py egg_info --egg-base ../../build/imu_publisher build --build-base /home/johnsmith/Desktop/underwater/ros_ws/build/imu_publisher/build install --record /home/johnsmith/Desktop/underwater/ros_ws/build/imu_publisher/install.log --install-scripts $base/lib/imu_publisher --single-version-externally-managed
[2.993s] Level 1:colcon.colcon_core.environment:checking '/home/johnsmith/Desktop/underwater/ros_ws/install/imu_publisher' for CMake module files
[2.994s] Level 1:colcon.colcon_core.environment:checking '/home/johnsmith/Desktop/underwater/ros_ws/install/imu_publisher' for CMake config files
[2.996s] Level 1:colcon.colcon_core.environment:checking '/home/johnsmith/Desktop/underwater/ros_ws/install/imu_publisher/lib'
[2.996s] Level 1:colcon.colcon_core.environment:checking '/home/johnsmith/Desktop/underwater/ros_ws/install/imu_publisher/bin'
[2.997s] Level 1:colcon.colcon_core.environment:checking '/home/johnsmith/Desktop/underwater/ros_ws/install/imu_publisher/lib/pkgconfig/imu_publisher.pc'
[2.997s] Level 1:colcon.colcon_core.environment:checking '/home/johnsmith/Desktop/underwater/ros_ws/install/imu_publisher/lib/python3.8/site-packages'
[2.997s] Level 1:colcon.colcon_core.shell:create_environment_hook('imu_publisher', 'pythonpath')
[3.000s] INFO:colcon.colcon_core.shell:Creating environment hook '/home/johnsmith/Desktop/underwater/ros_ws/install/imu_publisher/share/imu_publisher/hook/pythonpath.ps1'
[3.002s] INFO:colcon.colcon_core.shell:Creating environment descriptor '/home/johnsmith/Desktop/underwater/ros_ws/install/imu_publisher/share/imu_publisher/hook/pythonpath.dsv'
[3.002s] INFO:colcon.colcon_core.shell:Creating environment hook '/home/johnsmith/Desktop/underwater/ros_ws/install/imu_publisher/share/imu_publisher/hook/pythonpath.sh'
[3.004s] Level 1:colcon.colcon_core.environment:checking '/home/johnsmith/Desktop/underwater/ros_ws/install/imu_publisher/bin'
[3.004s] Level 1:colcon.colcon_core.environment:create_environment_scripts_only(imu_publisher)
[3.007s] INFO:colcon.colcon_core.shell:Creating package script '/home/johnsmith/Desktop/underwater/ros_ws/install/imu_publisher/share/imu_publisher/package.ps1'
[3.008s] INFO:colcon.colcon_core.shell:Creating package descriptor '/home/johnsmith/Desktop/underwater/ros_ws/install/imu_publisher/share/imu_publisher/package.dsv'
[3.010s] INFO:colcon.colcon_core.shell:Creating package script '/home/johnsmith/Desktop/underwater/ros_ws/install/imu_publisher/share/imu_publisher/package.sh'
[3.011s] INFO:colcon.colcon_core.shell:Creating package script '/home/johnsmith/Desktop/underwater/ros_ws/install/imu_publisher/share/imu_publisher/package.bash'
[3.012s] INFO:colcon.colcon_core.shell:Creating package script '/home/johnsmith/Desktop/underwater/ros_ws/install/imu_publisher/share/imu_publisher/package.zsh'
[3.013s] Level 1:colcon.colcon_core.environment:create_file_with_runtime_dependencies(/home/johnsmith/Desktop/underwater/ros_ws/install/imu_publisher/share/colcon-core/packages/imu_publisher)
[3.014s] DEBUG:colcon.colcon_parallel_executor.executor.parallel:closing loop
[3.015s] DEBUG:colcon.colcon_parallel_executor.executor.parallel:loop closed
[3.015s] DEBUG:colcon.colcon_parallel_executor.executor.parallel:run_until_complete finished with '0'
[3.015s] DEBUG:colcon.colcon_core.event_reactor:joining thread
[3.026s] INFO:colcon.colcon_core.plugin_system:Skipping extension 'colcon_notification.desktop_notification.terminal_notifier': Not used on non-Darwin systems
[3.026s] INFO:colcon.colcon_core.plugin_system:Skipping extension 'colcon_notification.desktop_notification.win32': Not used on non-Windows systems
[3.026s] INFO:colcon.colcon_notification.desktop_notification:Sending desktop notification using 'notify2'
[3.057s] DEBUG:colcon.colcon_core.event_reactor:joined thread
[3.061s] INFO:colcon.colcon_core.shell:Creating prefix script '/home/johnsmith/Desktop/underwater/ros_ws/install/local_setup.ps1'
[3.064s] INFO:colcon.colcon_core.shell:Creating prefix util module '/home/johnsmith/Desktop/underwater/ros_ws/install/_local_setup_util_ps1.py'
[3.067s] INFO:colcon.colcon_core.shell:Creating prefix chain script '/home/johnsmith/Desktop/underwater/ros_ws/install/setup.ps1'
[3.071s] INFO:colcon.colcon_core.shell:Creating prefix script '/home/johnsmith/Desktop/underwater/ros_ws/install/local_setup.sh'
[3.072s] INFO:colcon.colcon_core.shell:Creating prefix util module '/home/johnsmith/Desktop/underwater/ros_ws/install/_local_setup_util_sh.py'
[3.073s] INFO:colcon.colcon_core.shell:Creating prefix chain script '/home/johnsmith/Desktop/underwater/ros_ws/install/setup.sh'
[3.076s] INFO:colcon.colcon_core.shell:Creating prefix script '/home/johnsmith/Desktop/underwater/ros_ws/install/local_setup.bash'
[3.077s] INFO:colcon.colcon_core.shell:Creating prefix chain script '/home/johnsmith/Desktop/underwater/ros_ws/install/setup.bash'
[3.079s] INFO:colcon.colcon_core.shell:Creating prefix script '/home/johnsmith/Desktop/underwater/ros_ws/install/local_setup.zsh'
[3.080s] INFO:colcon.colcon_core.shell:Creating prefix chain script '/home/johnsmith/Desktop/underwater/ros_ws/install/setup.zsh'
