[1.267s] Invoking command in '/home/johnsmith/Desktop/underwater/ros_ws/src/imu_publisher': PYTHONPATH=/home/johnsmith/Desktop/underwater/ros_ws/build/imu_publisher/prefix_override:/home/johnsmith/Desktop/underwater/ros_ws/install/imu_publisher/lib/python3.8/site-packages:${PYTHONPATH} /usr/bin/python3 setup.py egg_info --egg-base ../../build/imu_publisher build --build-base /home/johnsmith/Desktop/underwater/ros_ws/build/imu_publisher/build install --record /home/johnsmith/Desktop/underwater/ros_ws/build/imu_publisher/install.log --install-scripts $base/lib/imu_publisher --single-version-externally-managed
[1.665s] running egg_info
[1.665s] creating ../../build/imu_publisher/imu_publisher.egg-info
[1.666s] writing ../../build/imu_publisher/imu_publisher.egg-info/PKG-INFO
[1.666s] writing dependency_links to ../../build/imu_publisher/imu_publisher.egg-info/dependency_links.txt
[1.667s] writing entry points to ../../build/imu_publisher/imu_publisher.egg-info/entry_points.txt
[1.667s] writing requirements to ../../build/imu_publisher/imu_publisher.egg-info/requires.txt
[1.667s] writing top-level names to ../../build/imu_publisher/imu_publisher.egg-info/top_level.txt
[1.671s] writing manifest file '../../build/imu_publisher/imu_publisher.egg-info/SOURCES.txt'
[1.727s] reading manifest file '../../build/imu_publisher/imu_publisher.egg-info/SOURCES.txt'
[1.728s] writing manifest file '../../build/imu_publisher/imu_publisher.egg-info/SOURCES.txt'
[1.729s] running build
[1.729s] running build_py
[1.729s] creating /home/johnsmith/Desktop/underwater/ros_ws/build/imu_publisher/build
[1.729s] creating /home/johnsmith/Desktop/underwater/ros_ws/build/imu_publisher/build/lib
[1.730s] creating /home/johnsmith/Desktop/underwater/ros_ws/build/imu_publisher/build/lib/imu_publisher
[1.730s] copying imu_publisher/__init__.py -> /home/johnsmith/Desktop/underwater/ros_ws/build/imu_publisher/build/lib/imu_publisher
[1.730s] copying imu_publisher/imu_publisher_node.py -> /home/johnsmith/Desktop/underwater/ros_ws/build/imu_publisher/build/lib/imu_publisher
[1.730s] running install
[1.732s] running install_lib
[1.734s] creating /home/johnsmith/Desktop/underwater/ros_ws/install/imu_publisher/lib/python3.8/site-packages/imu_publisher
[1.735s] copying /home/johnsmith/Desktop/underwater/ros_ws/build/imu_publisher/build/lib/imu_publisher/__init__.py -> /home/johnsmith/Desktop/underwater/ros_ws/install/imu_publisher/lib/python3.8/site-packages/imu_publisher
[1.735s] copying /home/johnsmith/Desktop/underwater/ros_ws/build/imu_publisher/build/lib/imu_publisher/imu_publisher_node.py -> /home/johnsmith/Desktop/underwater/ros_ws/install/imu_publisher/lib/python3.8/site-packages/imu_publisher
[1.735s] byte-compiling /home/johnsmith/Desktop/underwater/ros_ws/install/imu_publisher/lib/python3.8/site-packages/imu_publisher/__init__.py to __init__.cpython-38.pyc
[1.737s] byte-compiling /home/johnsmith/Desktop/underwater/ros_ws/install/imu_publisher/lib/python3.8/site-packages/imu_publisher/imu_publisher_node.py to imu_publisher_node.cpython-38.pyc
[1.738s]   File "/home/johnsmith/Desktop/underwater/ros_ws/install/imu_publisher/lib/python3.8/site-packages/imu_publisher/imu_publisher_node.py", line 24
[1.738s]     msg.data = f"{}"
[1.739s]                ^
[1.739s] SyntaxError: f-string: empty expression not allowed
[1.739s] 
[1.739s] running install_data
[1.739s] creating /home/johnsmith/Desktop/underwater/ros_ws/install/imu_publisher/share/ament_index
[1.740s] creating /home/johnsmith/Desktop/underwater/ros_ws/install/imu_publisher/share/ament_index/resource_index
[1.740s] creating /home/johnsmith/Desktop/underwater/ros_ws/install/imu_publisher/share/ament_index/resource_index/packages
[1.740s] copying resource/imu_publisher -> /home/johnsmith/Desktop/underwater/ros_ws/install/imu_publisher/share/ament_index/resource_index/packages
[1.741s] copying package.xml -> /home/johnsmith/Desktop/underwater/ros_ws/install/imu_publisher/share/imu_publisher
[1.741s] running install_egg_info
[1.744s] Copying ../../build/imu_publisher/imu_publisher.egg-info to /home/johnsmith/Desktop/underwater/ros_ws/install/imu_publisher/lib/python3.8/site-packages/imu_publisher-0.0.0-py3.8.egg-info
[1.745s] running install_scripts
[1.778s] Installing imu_publisher_node script to /home/johnsmith/Desktop/underwater/ros_ws/install/imu_publisher/lib/imu_publisher
[1.778s] writing list of installed files to '/home/johnsmith/Desktop/underwater/ros_ws/build/imu_publisher/install.log'
[1.834s] Invoked command in '/home/johnsmith/Desktop/underwater/ros_ws/src/imu_publisher' returned '0': PYTHONPATH=/home/johnsmith/Desktop/underwater/ros_ws/build/imu_publisher/prefix_override:/home/johnsmith/Desktop/underwater/ros_ws/install/imu_publisher/lib/python3.8/site-packages:${PYTHONPATH} /usr/bin/python3 setup.py egg_info --egg-base ../../build/imu_publisher build --build-base /home/johnsmith/Desktop/underwater/ros_ws/build/imu_publisher/build install --record /home/johnsmith/Desktop/underwater/ros_ws/build/imu_publisher/install.log --install-scripts $base/lib/imu_publisher --single-version-externally-managed
