[1.456s] Invoking command in '/home/johnsmith/Desktop/underwater/ros_ws/src/imu_publisher': PYTHONPATH=/home/johnsmith/Desktop/underwater/ros_ws/build/imu_publisher/prefix_override:/home/johnsmith/Desktop/underwater/ros_ws/install/imu_publisher/lib/python3.8/site-packages:${PYTHONPATH} /usr/bin/python3 setup.py egg_info --egg-base ../../build/imu_publisher build --build-base /home/johnsmith/Desktop/underwater/ros_ws/build/imu_publisher/build install --record /home/johnsmith/Desktop/underwater/ros_ws/build/imu_publisher/install.log --install-scripts $base/lib/imu_publisher --single-version-externally-managed
[1.795s] running egg_info
[1.795s] writing ../../build/imu_publisher/imu_publisher.egg-info/PKG-INFO
[1.796s] writing dependency_links to ../../build/imu_publisher/imu_publisher.egg-info/dependency_links.txt
[1.796s] writing entry points to ../../build/imu_publisher/imu_publisher.egg-info/entry_points.txt
[1.796s] writing requirements to ../../build/imu_publisher/imu_publisher.egg-info/requires.txt
[1.796s] writing top-level names to ../../build/imu_publisher/imu_publisher.egg-info/top_level.txt
[1.846s] reading manifest file '../../build/imu_publisher/imu_publisher.egg-info/SOURCES.txt'
[1.847s] writing manifest file '../../build/imu_publisher/imu_publisher.egg-info/SOURCES.txt'
[1.847s] running build
[1.848s] running build_py
[1.848s] running install
[1.849s] running install_lib
[1.852s] running install_data
[1.852s] running install_egg_info
[1.855s] removing '/home/johnsmith/Desktop/underwater/ros_ws/install/imu_publisher/lib/python3.8/site-packages/imu_publisher-0.0.0-py3.8.egg-info' (and everything under it)
[1.856s] Copying ../../build/imu_publisher/imu_publisher.egg-info to /home/johnsmith/Desktop/underwater/ros_ws/install/imu_publisher/lib/python3.8/site-packages/imu_publisher-0.0.0-py3.8.egg-info
[1.857s] running install_scripts
[1.887s] Installing imu_publisher_node script to /home/johnsmith/Desktop/underwater/ros_ws/install/imu_publisher/lib/imu_publisher
[1.888s] writing list of installed files to '/home/johnsmith/Desktop/underwater/ros_ws/build/imu_publisher/install.log'
[1.948s] Invoked command in '/home/johnsmith/Desktop/underwater/ros_ws/src/imu_publisher' returned '0': PYTHONPATH=/home/johnsmith/Desktop/underwater/ros_ws/build/imu_publisher/prefix_override:/home/johnsmith/Desktop/underwater/ros_ws/install/imu_publisher/lib/python3.8/site-packages:${PYTHONPATH} /usr/bin/python3 setup.py egg_info --egg-base ../../build/imu_publisher build --build-base /home/johnsmith/Desktop/underwater/ros_ws/build/imu_publisher/build install --record /home/johnsmith/Desktop/underwater/ros_ws/build/imu_publisher/install.log --install-scripts $base/lib/imu_publisher --single-version-externally-managed
