-- Found ament_cmake: 0.9.11 (/opt/ros/foxy/share/ament_cmake/cmake)
-- Using PYTHON_EXECUTABLE: /usr/bin/python3
-- Override CMake install command with custom implementation using symlinks instead of copying resources
-- Found ament_cmake_auto: 0.9.11 (/opt/ros/foxy/share/ament_cmake_auto/cmake)
-- Found ament_cmake_ros: 0.9.2 (/opt/ros/foxy/share/ament_cmake_ros/cmake)
-- Found ament_cmake_copyright: 0.9.8 (/opt/ros/foxy/share/ament_cmake_copyright/cmake)
-- Found ament_cmake_cppcheck: 0.9.8 (/opt/ros/foxy/share/ament_cmake_cppcheck/cmake)
-- Found ament_cmake_cpplint: 0.9.8 (/opt/ros/foxy/share/ament_cmake_cpplint/cmake)
-- Found ament_cmake_flake8: 0.9.8 (/opt/ros/foxy/share/ament_cmake_flake8/cmake)
-- Found ament_cmake_lint_cmake: 0.9.8 (/opt/ros/foxy/share/ament_cmake_lint_cmake/cmake)
-- Found ament_cmake_pep257: 0.9.8 (/opt/ros/foxy/share/ament_cmake_pep257/cmake)
-- Found ament_cmake_clang_format: 0.9.8 (/opt/ros/foxy/share/ament_cmake_clang_format/cmake)
-- Found ament_cmake_xmllint: 0.9.8 (/opt/ros/foxy/share/ament_cmake_xmllint/cmake)
-- Configuring done
-- Generating done
-- Build files have been written to: /home/johnsmith/Desktop/underwater/flir_spinnaker_driver/build/flir_spinnaker_common
[35m[1mScanning dependencies of target flir_spinnaker_common[0m
[ 16%] [32mBuilding CXX object CMakeFiles/flir_spinnaker_common.dir/src/driver.cpp.o[0m
[ 50%] [32mBuilding CXX object CMakeFiles/flir_spinnaker_common.dir/src/pixel_format.cpp.o[0m
[ 50%] [32mBuilding CXX object CMakeFiles/flir_spinnaker_common.dir/src/driver_impl.cpp.o[0m
[ 66%] [32mBuilding CXX object CMakeFiles/flir_spinnaker_common.dir/src/image.cpp.o[0m
[ 83%] [32mBuilding CXX object CMakeFiles/flir_spinnaker_common.dir/src/genicam_utils.cpp.o[0m
[100%] [32m[1mLinking CXX shared library libflir_spinnaker_common.so[0m
[100%] Built target flir_spinnaker_common
-- Install configuration: "RelWithDebInfo"
-- Execute custom install script
-- Symlinking: /home/johnsmith/Desktop/underwater/flir_spinnaker_driver/install/flir_spinnaker_common/include/flir_spinnaker_common/driver.h
-- Symlinking: /home/johnsmith/Desktop/underwater/flir_spinnaker_driver/install/flir_spinnaker_common/include/flir_spinnaker_common/image.h
-- Symlinking: /home/johnsmith/Desktop/underwater/flir_spinnaker_driver/install/flir_spinnaker_common/include/flir_spinnaker_common/pixel_format.h
-- Symlinking: /home/johnsmith/Desktop/underwater/flir_spinnaker_driver/install/flir_spinnaker_common/share/ament_index/resource_index/package_run_dependencies/flir_spinnaker_common
-- Symlinking: /home/johnsmith/Desktop/underwater/flir_spinnaker_driver/install/flir_spinnaker_common/share/ament_index/resource_index/parent_prefix_path/flir_spinnaker_common
-- Symlinking: /home/johnsmith/Desktop/underwater/flir_spinnaker_driver/install/flir_spinnaker_common/share/flir_spinnaker_common/environment/ament_prefix_path.sh
-- Symlinking: /home/johnsmith/Desktop/underwater/flir_spinnaker_driver/install/flir_spinnaker_common/share/flir_spinnaker_common/environment/ament_prefix_path.dsv
-- Symlinking: /home/johnsmith/Desktop/underwater/flir_spinnaker_driver/install/flir_spinnaker_common/share/flir_spinnaker_common/environment/path.sh
-- Symlinking: /home/johnsmith/Desktop/underwater/flir_spinnaker_driver/install/flir_spinnaker_common/share/flir_spinnaker_common/environment/path.dsv
-- Symlinking: /home/johnsmith/Desktop/underwater/flir_spinnaker_driver/install/flir_spinnaker_common/share/flir_spinnaker_common/local_setup.bash
-- Symlinking: /home/johnsmith/Desktop/underwater/flir_spinnaker_driver/install/flir_spinnaker_common/share/flir_spinnaker_common/local_setup.sh
-- Symlinking: /home/johnsmith/Desktop/underwater/flir_spinnaker_driver/install/flir_spinnaker_common/share/flir_spinnaker_common/local_setup.zsh
-- Symlinking: /home/johnsmith/Desktop/underwater/flir_spinnaker_driver/install/flir_spinnaker_common/share/flir_spinnaker_common/local_setup.dsv
-- Symlinking: /home/johnsmith/Desktop/underwater/flir_spinnaker_driver/install/flir_spinnaker_common/share/flir_spinnaker_common/package.dsv
-- Symlinking: /home/johnsmith/Desktop/underwater/flir_spinnaker_driver/install/flir_spinnaker_common/share/ament_index/resource_index/packages/flir_spinnaker_common
-- Symlinking: /home/johnsmith/Desktop/underwater/flir_spinnaker_driver/install/flir_spinnaker_common/share/flir_spinnaker_common/cmake/ament_cmake_export_targets-extras.cmake
-- Symlinking: /home/johnsmith/Desktop/underwater/flir_spinnaker_driver/install/flir_spinnaker_common/share/flir_spinnaker_common/cmake/flir_spinnaker_commonConfig.cmake
-- Symlinking: /home/johnsmith/Desktop/underwater/flir_spinnaker_driver/install/flir_spinnaker_common/share/flir_spinnaker_common/cmake/flir_spinnaker_commonConfig-version.cmake
-- Symlinking: /home/johnsmith/Desktop/underwater/flir_spinnaker_driver/install/flir_spinnaker_common/share/flir_spinnaker_common/package.xml
-- Installing: /home/johnsmith/Desktop/underwater/flir_spinnaker_driver/install/flir_spinnaker_common/lib/libflir_spinnaker_common.so
-- Set runtime path of "/home/johnsmith/Desktop/underwater/flir_spinnaker_driver/install/flir_spinnaker_common/lib/libflir_spinnaker_common.so" to ""
-- Installing: /home/johnsmith/Desktop/underwater/flir_spinnaker_driver/install/flir_spinnaker_common/share/flir_spinnaker_common/cmake/export_flir_spinnaker_commonExport.cmake
-- Installing: /home/johnsmith/Desktop/underwater/flir_spinnaker_driver/install/flir_spinnaker_common/share/flir_spinnaker_common/cmake/export_flir_spinnaker_commonExport-relwithdebinfo.cmake
