[0.062s] Invoking command in '/home/johnsmith/Desktop/underwater/flir_spinnaker_driver/build/camera_control_msgs_ros2': CMAKE_PREFIX_PATH=/opt/ros/foxy /usr/bin/cmake /home/johnsmith/Desktop/underwater/flir_spinnaker_driver/src/camera_control_msgs_ros2 -DCMAKE_BUILD_TYPE=RelWithDebInfo -DCMAKE_EXPORT_COMPILE_COMMANDS=ON -DAMENT_CMAKE_SYMLINK_INSTALL=1 -DCMAKE_INSTALL_PREFIX=/home/johnsmith/Desktop/underwater/flir_spinnaker_driver/install/camera_control_msgs_ros2
[0.250s] -- The C compiler identification is GNU 9.4.0
[0.358s] -- The CXX compiler identification is GNU 9.4.0
[0.368s] -- Check for working C compiler: /usr/bin/cc
[0.527s] -- Check for working C compiler: /usr/bin/cc -- works
[0.528s] -- Detecting C compiler ABI info
[0.675s] -- Detecting C compiler ABI info - done
[0.694s] -- Detecting C compile features
[0.694s] -- Detecting C compile features - done
[0.699s] -- Check for working CXX compiler: /usr/bin/c++
[0.896s] -- Check for working CXX compiler: /usr/bin/c++ -- works
[0.898s] -- Detecting CXX compiler ABI info
[1.046s] -- Detecting CXX compiler ABI info - done
[1.065s] -- Detecting CXX compile features
[1.066s] -- Detecting CXX compile features - done
[1.070s] -- Found ament_cmake: 0.9.11 (/opt/ros/foxy/share/ament_cmake/cmake)
[1.121s] -- Found PythonInterp: /usr/bin/python3 (found suitable version "3.8.10", minimum required is "3") 
[1.121s] -- Using PYTHON_EXECUTABLE: /usr/bin/python3
[1.484s] -- Override CMake install command with custom implementation using symlinks instead of copying resources
[1.521s] -- Found builtin_interfaces: 1.0.0 (/opt/ros/foxy/share/builtin_interfaces/cmake)
[1.575s] -- Using all available rosidl_typesupport_c: rosidl_typesupport_fastrtps_c;rosidl_typesupport_introspection_c
[1.590s] -- Found rosidl_adapter: 1.3.0 (/opt/ros/foxy/share/rosidl_adapter/cmake)
[1.756s] -- Found OpenSSL: /usr/lib/aarch64-linux-gnu/libcrypto.so (found version "1.1.1f")  
[1.815s] -- Found FastRTPS: /opt/ros/foxy/include  
[1.970s] -- Using all available rosidl_typesupport_cpp: rosidl_typesupport_fastrtps_cpp;rosidl_typesupport_introspection_cpp
[2.026s] -- Found rosidl_default_generators: 1.0.1 (/opt/ros/foxy/share/rosidl_default_generators/cmake)
[2.047s] -- Found std_msgs: 2.0.5 (/opt/ros/foxy/share/std_msgs/cmake)
[2.119s] -- Found PythonInterp: /usr/bin/python3 (found version "3.8.10") 
[2.419s] -- Found ament_cmake_cppcheck: 0.9.8 (/opt/ros/foxy/share/ament_cmake_cppcheck/cmake)
[2.422s] -- Found ament_cmake_cpplint: 0.9.8 (/opt/ros/foxy/share/ament_cmake_cpplint/cmake)
[2.426s] -- Found ament_cmake_uncrustify: 0.9.8 (/opt/ros/foxy/share/ament_cmake_uncrustify/cmake)
[2.430s] -- Found ament_cmake_ros: 0.9.2 (/opt/ros/foxy/share/ament_cmake_ros/cmake)
[2.759s] -- Using all available rosidl_typesupport_c: rosidl_typesupport_fastrtps_c;rosidl_typesupport_introspection_c
[2.875s] -- Using all available rosidl_typesupport_cpp: rosidl_typesupport_fastrtps_cpp;rosidl_typesupport_introspection_cpp
[2.925s] -- Found PythonInterp: /usr/bin/python3 (found suitable version "3.8.10", minimum required is "3.5") 
[2.927s] -- Found python_cmake_module: 0.8.1 (/opt/ros/foxy/share/python_cmake_module/cmake)
[2.982s] -- Found PythonLibs: /usr/lib/aarch64-linux-gnu/libpython3.8.so (found suitable version "3.8.10", minimum required is "3.5") 
[2.982s] -- Using PYTHON_EXECUTABLE: /usr/bin/python3
[2.982s] -- Using PYTHON_INCLUDE_DIRS: /usr/include/python3.8
[2.982s] -- Using PYTHON_LIBRARIES: /usr/lib/aarch64-linux-gnu/libpython3.8.so
[3.026s] -- Found PythonExtra: .so  
[3.147s] -- Found ament_cmake_flake8: 0.9.8 (/opt/ros/foxy/share/ament_cmake_flake8/cmake)
[3.149s] -- Found ament_cmake_pep257: 0.9.8 (/opt/ros/foxy/share/ament_cmake_pep257/cmake)
[3.155s] -- Found ament_cmake_copyright: 0.9.8 (/opt/ros/foxy/share/ament_cmake_copyright/cmake)
[3.158s] -- Found ament_cmake_lint_cmake: 0.9.8 (/opt/ros/foxy/share/ament_cmake_lint_cmake/cmake)
[3.161s] -- Found ament_cmake_xmllint: 0.9.8 (/opt/ros/foxy/share/ament_cmake_xmllint/cmake)
[3.195s] -- Configuring done
[3.286s] -- Generating done
[3.294s] -- Build files have been written to: /home/johnsmith/Desktop/underwater/flir_spinnaker_driver/build/camera_control_msgs_ros2
