[0.565s] DEBUG:colcon:Command line arguments: ['/usr/bin/colcon', 'build', '--symlink-install', '--cmake-args', '-DCMAKE_BUILD_TYPE=RelWithDebInfo', '-DCMAKE_EXPORT_COMPILE_COMMANDS=ON']
[0.565s] DEBUG:colcon:Parsed command line arguments: Namespace(allow_overriding=[], ament_cmake_args=None, base_paths=['.'], build_base='build', catkin_cmake_args=None, catkin_skip_building_tests=False, cmake_args=['-DCMAKE_BUILD_TYPE=RelWithDebInfo', '-DCMAKE_EXPORT_COMPILE_COMMANDS=ON'], cmake_clean_cache=False, cmake_clean_first=False, cmake_force_configure=False, cmake_target=None, cmake_target_skip_unavailable=False, continue_on_error=False, event_handlers=None, executor='parallel', ignore_user_meta=False, install_base='install', log_base=None, log_level=None, main=<bound method BuildVerb.main of <colcon_core.verb.build.BuildVerb object at 0xffffb4688d90>>, merge_install=False, metas=['./colcon.meta'], packages_above=None, packages_above_and_dependencies=None, packages_above_depth=None, packages_end=None, packages_ignore=None, packages_ignore_regex=None, packages_select=None, packages_select_build_failed=False, packages_select_by_dep=None, packages_select_regex=None, packages_select_test_failures=False, packages_skip=None, packages_skip_build_finished=False, packages_skip_by_dep=None, packages_skip_regex=None, packages_skip_test_passed=False, packages_skip_up_to=None, packages_start=None, packages_up_to=None, packages_up_to_regex=None, parallel_workers=4, paths=None, symlink_install=True, test_result_base=None, verb_extension=<colcon_core.verb.build.BuildVerb object at 0xffffb4688d90>, verb_name='build', verb_parser=<colcon_defaults.argument_parser.defaults.DefaultArgumentsDecorator object at 0xffffb4692340>)
[0.620s] Level 1:colcon.colcon_core.package_discovery:discover_packages(colcon_meta) check parameters
[0.620s] Level 1:colcon.colcon_core.package_discovery:discover_packages(recursive) check parameters
[0.621s] Level 1:colcon.colcon_core.package_discovery:discover_packages(ignore) check parameters
[0.621s] Level 1:colcon.colcon_core.package_discovery:discover_packages(path) check parameters
[0.621s] Level 1:colcon.colcon_core.package_discovery:discover_packages(colcon_meta) discover
[0.621s] Level 1:colcon.colcon_core.package_discovery:discover_packages(recursive) discover
[0.621s] INFO:colcon.colcon_core.package_discovery:Crawling recursively for packages in '/home/johnsmith/Desktop/underwater/flir_spinnaker_driver'
[0.621s] Level 1:colcon.colcon_core.package_identification:_identify(.) by extensions ['ignore', 'ignore_ament_install']
[0.621s] Level 1:colcon.colcon_core.package_identification:_identify(.) by extension 'ignore'
[0.622s] Level 1:colcon.colcon_core.package_identification:_identify(.) by extension 'ignore_ament_install'
[0.622s] Level 1:colcon.colcon_core.package_identification:_identify(.) by extensions ['colcon_pkg']
[0.622s] Level 1:colcon.colcon_core.package_identification:_identify(.) by extension 'colcon_pkg'
[0.622s] Level 1:colcon.colcon_core.package_identification:_identify(.) by extensions ['colcon_meta']
[0.622s] Level 1:colcon.colcon_core.package_identification:_identify(.) by extension 'colcon_meta'
[0.622s] Level 1:colcon.colcon_core.package_identification:_identify(.) by extensions ['ros']
[0.622s] Level 1:colcon.colcon_core.package_identification:_identify(.) by extension 'ros'
[0.671s] Level 1:colcon.colcon_core.package_identification:_identify(.) by extensions ['cmake', 'python']
[0.671s] Level 1:colcon.colcon_core.package_identification:_identify(.) by extension 'cmake'
[0.671s] Level 1:colcon.colcon_core.package_identification:_identify(.) by extension 'python'
[0.671s] Level 1:colcon.colcon_core.package_identification:_identify(.) by extensions ['python_setup_py']
[0.671s] Level 1:colcon.colcon_core.package_identification:_identify(.) by extension 'python_setup_py'
[0.672s] Level 1:colcon.colcon_core.package_identification:_identify(build) by extensions ['ignore', 'ignore_ament_install']
[0.672s] Level 1:colcon.colcon_core.package_identification:_identify(build) by extension 'ignore'
[0.672s] Level 1:colcon.colcon_core.package_identification:_identify(build) ignored
[0.672s] Level 1:colcon.colcon_core.package_identification:_identify(install) by extensions ['ignore', 'ignore_ament_install']
[0.672s] Level 1:colcon.colcon_core.package_identification:_identify(install) by extension 'ignore'
[0.673s] Level 1:colcon.colcon_core.package_identification:_identify(install) ignored
[0.673s] Level 1:colcon.colcon_core.package_identification:_identify(log) by extensions ['ignore', 'ignore_ament_install']
[0.673s] Level 1:colcon.colcon_core.package_identification:_identify(log) by extension 'ignore'
[0.673s] Level 1:colcon.colcon_core.package_identification:_identify(log) ignored
[0.673s] Level 1:colcon.colcon_core.package_identification:_identify(src) by extensions ['ignore', 'ignore_ament_install']
[0.673s] Level 1:colcon.colcon_core.package_identification:_identify(src) by extension 'ignore'
[0.673s] Level 1:colcon.colcon_core.package_identification:_identify(src) by extension 'ignore_ament_install'
[0.674s] Level 1:colcon.colcon_core.package_identification:_identify(src) by extensions ['colcon_pkg']
[0.674s] Level 1:colcon.colcon_core.package_identification:_identify(src) by extension 'colcon_pkg'
[0.674s] Level 1:colcon.colcon_core.package_identification:_identify(src) by extensions ['colcon_meta']
[0.674s] Level 1:colcon.colcon_core.package_identification:_identify(src) by extension 'colcon_meta'
[0.674s] Level 1:colcon.colcon_core.package_identification:_identify(src) by extensions ['ros']
[0.674s] Level 1:colcon.colcon_core.package_identification:_identify(src) by extension 'ros'
[0.674s] Level 1:colcon.colcon_core.package_identification:_identify(src) by extensions ['cmake', 'python']
[0.674s] Level 1:colcon.colcon_core.package_identification:_identify(src) by extension 'cmake'
[0.674s] Level 1:colcon.colcon_core.package_identification:_identify(src) by extension 'python'
[0.674s] Level 1:colcon.colcon_core.package_identification:_identify(src) by extensions ['python_setup_py']
[0.674s] Level 1:colcon.colcon_core.package_identification:_identify(src) by extension 'python_setup_py'
[0.675s] Level 1:colcon.colcon_core.package_identification:_identify(src/camera_control_msgs_ros2) by extensions ['ignore', 'ignore_ament_install']
[0.675s] Level 1:colcon.colcon_core.package_identification:_identify(src/camera_control_msgs_ros2) by extension 'ignore'
[0.675s] Level 1:colcon.colcon_core.package_identification:_identify(src/camera_control_msgs_ros2) by extension 'ignore_ament_install'
[0.675s] Level 1:colcon.colcon_core.package_identification:_identify(src/camera_control_msgs_ros2) by extensions ['colcon_pkg']
[0.675s] Level 1:colcon.colcon_core.package_identification:_identify(src/camera_control_msgs_ros2) by extension 'colcon_pkg'
[0.675s] Level 1:colcon.colcon_core.package_identification:_identify(src/camera_control_msgs_ros2) by extensions ['colcon_meta']
[0.675s] Level 1:colcon.colcon_core.package_identification:_identify(src/camera_control_msgs_ros2) by extension 'colcon_meta'
[0.675s] Level 1:colcon.colcon_core.package_identification:_identify(src/camera_control_msgs_ros2) by extensions ['ros']
[0.675s] Level 1:colcon.colcon_core.package_identification:_identify(src/camera_control_msgs_ros2) by extension 'ros'
[0.681s] DEBUG:colcon.colcon_core.package_identification:Package 'src/camera_control_msgs_ros2' with type 'ros.ament_cmake' and name 'camera_control_msgs_ros2'
[0.681s] Level 1:colcon.colcon_core.package_identification:_identify(src/flir_spinnaker_common) by extensions ['ignore', 'ignore_ament_install']
[0.681s] Level 1:colcon.colcon_core.package_identification:_identify(src/flir_spinnaker_common) by extension 'ignore'
[0.682s] Level 1:colcon.colcon_core.package_identification:_identify(src/flir_spinnaker_common) by extension 'ignore_ament_install'
[0.682s] Level 1:colcon.colcon_core.package_identification:_identify(src/flir_spinnaker_common) by extensions ['colcon_pkg']
[0.682s] Level 1:colcon.colcon_core.package_identification:_identify(src/flir_spinnaker_common) by extension 'colcon_pkg'
[0.682s] Level 1:colcon.colcon_core.package_identification:_identify(src/flir_spinnaker_common) by extensions ['colcon_meta']
[0.682s] Level 1:colcon.colcon_core.package_identification:_identify(src/flir_spinnaker_common) by extension 'colcon_meta'
[0.682s] Level 1:colcon.colcon_core.package_identification:_identify(src/flir_spinnaker_common) by extensions ['ros']
[0.682s] Level 1:colcon.colcon_core.package_identification:_identify(src/flir_spinnaker_common) by extension 'ros'
[0.683s] DEBUG:colcon.colcon_core.package_identification:Package 'src/flir_spinnaker_common' with type 'ros.ament_cmake' and name 'flir_spinnaker_common'
[0.684s] Level 1:colcon.colcon_core.package_identification:_identify(src/flir_spinnaker_ros2) by extensions ['ignore', 'ignore_ament_install']
[0.684s] Level 1:colcon.colcon_core.package_identification:_identify(src/flir_spinnaker_ros2) by extension 'ignore'
[0.684s] Level 1:colcon.colcon_core.package_identification:_identify(src/flir_spinnaker_ros2) by extension 'ignore_ament_install'
[0.684s] Level 1:colcon.colcon_core.package_identification:_identify(src/flir_spinnaker_ros2) by extensions ['colcon_pkg']
[0.684s] Level 1:colcon.colcon_core.package_identification:_identify(src/flir_spinnaker_ros2) by extension 'colcon_pkg'
[0.684s] Level 1:colcon.colcon_core.package_identification:_identify(src/flir_spinnaker_ros2) by extensions ['colcon_meta']
[0.684s] Level 1:colcon.colcon_core.package_identification:_identify(src/flir_spinnaker_ros2) by extension 'colcon_meta'
[0.684s] Level 1:colcon.colcon_core.package_identification:_identify(src/flir_spinnaker_ros2) by extensions ['ros']
[0.685s] Level 1:colcon.colcon_core.package_identification:_identify(src/flir_spinnaker_ros2) by extension 'ros'
[0.687s] DEBUG:colcon.colcon_core.package_identification:Package 'src/flir_spinnaker_ros2' with type 'ros.ament_cmake' and name 'flir_spinnaker_ros2'
[0.687s] Level 1:colcon.colcon_core.package_identification:_identify(src/image_meta_msgs_ros2) by extensions ['ignore', 'ignore_ament_install']
[0.688s] Level 1:colcon.colcon_core.package_identification:_identify(src/image_meta_msgs_ros2) by extension 'ignore'
[0.688s] Level 1:colcon.colcon_core.package_identification:_identify(src/image_meta_msgs_ros2) by extension 'ignore_ament_install'
[0.688s] Level 1:colcon.colcon_core.package_identification:_identify(src/image_meta_msgs_ros2) by extensions ['colcon_pkg']
[0.688s] Level 1:colcon.colcon_core.package_identification:_identify(src/image_meta_msgs_ros2) by extension 'colcon_pkg'
[0.688s] Level 1:colcon.colcon_core.package_identification:_identify(src/image_meta_msgs_ros2) by extensions ['colcon_meta']
[0.689s] Level 1:colcon.colcon_core.package_identification:_identify(src/image_meta_msgs_ros2) by extension 'colcon_meta'
[0.689s] Level 1:colcon.colcon_core.package_identification:_identify(src/image_meta_msgs_ros2) by extensions ['ros']
[0.689s] Level 1:colcon.colcon_core.package_identification:_identify(src/image_meta_msgs_ros2) by extension 'ros'
[0.691s] DEBUG:colcon.colcon_core.package_identification:Package 'src/image_meta_msgs_ros2' with type 'ros.ament_cmake' and name 'image_meta_msgs_ros2'
[0.691s] Level 1:colcon.colcon_core.package_discovery:discover_packages(recursive) using defaults
[0.692s] Level 1:colcon.colcon_core.package_discovery:discover_packages(ignore) discover
[0.692s] Level 1:colcon.colcon_core.package_discovery:discover_packages(ignore) using defaults
[0.692s] Level 1:colcon.colcon_core.package_discovery:discover_packages(path) discover
[0.692s] Level 1:colcon.colcon_core.package_discovery:discover_packages(path) using defaults
[0.737s] Level 1:colcon.colcon_core.package_discovery:discover_packages(prefix_path) check parameters
[0.737s] Level 1:colcon.colcon_core.package_discovery:discover_packages(prefix_path) discover
[0.743s] DEBUG:colcon.colcon_installed_package_information.package_discovery:Found 260 installed packages in /opt/ros/foxy
[0.746s] Level 1:colcon.colcon_core.package_discovery:discover_packages(prefix_path) using defaults
[0.886s] Level 5:colcon.colcon_core.verb:set package 'camera_control_msgs_ros2' build argument 'cmake_args' from command line to '['-DCMAKE_BUILD_TYPE=RelWithDebInfo', '-DCMAKE_EXPORT_COMPILE_COMMANDS=ON']'
[0.886s] Level 5:colcon.colcon_core.verb:set package 'camera_control_msgs_ros2' build argument 'cmake_target' from command line to 'None'
[0.886s] Level 5:colcon.colcon_core.verb:set package 'camera_control_msgs_ros2' build argument 'cmake_target_skip_unavailable' from command line to 'False'
[0.886s] Level 5:colcon.colcon_core.verb:set package 'camera_control_msgs_ros2' build argument 'cmake_clean_cache' from command line to 'False'
[0.886s] Level 5:colcon.colcon_core.verb:set package 'camera_control_msgs_ros2' build argument 'cmake_clean_first' from command line to 'False'
[0.886s] Level 5:colcon.colcon_core.verb:set package 'camera_control_msgs_ros2' build argument 'cmake_force_configure' from command line to 'False'
[0.886s] Level 5:colcon.colcon_core.verb:set package 'camera_control_msgs_ros2' build argument 'ament_cmake_args' from command line to 'None'
[0.886s] Level 5:colcon.colcon_core.verb:set package 'camera_control_msgs_ros2' build argument 'catkin_cmake_args' from command line to 'None'
[0.887s] Level 5:colcon.colcon_core.verb:set package 'camera_control_msgs_ros2' build argument 'catkin_skip_building_tests' from command line to 'False'
[0.887s] DEBUG:colcon.colcon_core.verb:Building package 'camera_control_msgs_ros2' with the following arguments: {'ament_cmake_args': None, 'build_base': '/home/johnsmith/Desktop/underwater/flir_spinnaker_driver/build/camera_control_msgs_ros2', 'catkin_cmake_args': None, 'catkin_skip_building_tests': False, 'cmake_args': ['-DCMAKE_BUILD_TYPE=RelWithDebInfo', '-DCMAKE_EXPORT_COMPILE_COMMANDS=ON'], 'cmake_clean_cache': False, 'cmake_clean_first': False, 'cmake_force_configure': False, 'cmake_target': None, 'cmake_target_skip_unavailable': False, 'install_base': '/home/johnsmith/Desktop/underwater/flir_spinnaker_driver/install/camera_control_msgs_ros2', 'merge_install': False, 'path': '/home/johnsmith/Desktop/underwater/flir_spinnaker_driver/src/camera_control_msgs_ros2', 'symlink_install': True, 'test_result_base': None}
[0.889s] Level 5:colcon.colcon_core.verb:set package 'flir_spinnaker_common' build argument 'cmake_args' from command line to '['-DCMAKE_BUILD_TYPE=RelWithDebInfo', '-DCMAKE_EXPORT_COMPILE_COMMANDS=ON']'
[0.889s] Level 5:colcon.colcon_core.verb:set package 'flir_spinnaker_common' build argument 'cmake_target' from command line to 'None'
[0.889s] Level 5:colcon.colcon_core.verb:set package 'flir_spinnaker_common' build argument 'cmake_target_skip_unavailable' from command line to 'False'
[0.889s] Level 5:colcon.colcon_core.verb:set package 'flir_spinnaker_common' build argument 'cmake_clean_cache' from command line to 'False'
[0.889s] Level 5:colcon.colcon_core.verb:set package 'flir_spinnaker_common' build argument 'cmake_clean_first' from command line to 'False'
[0.889s] Level 5:colcon.colcon_core.verb:set package 'flir_spinnaker_common' build argument 'cmake_force_configure' from command line to 'False'
[0.889s] Level 5:colcon.colcon_core.verb:set package 'flir_spinnaker_common' build argument 'ament_cmake_args' from command line to 'None'
[0.889s] Level 5:colcon.colcon_core.verb:set package 'flir_spinnaker_common' build argument 'catkin_cmake_args' from command line to 'None'
[0.889s] Level 5:colcon.colcon_core.verb:set package 'flir_spinnaker_common' build argument 'catkin_skip_building_tests' from command line to 'False'
[0.889s] DEBUG:colcon.colcon_core.verb:Building package 'flir_spinnaker_common' with the following arguments: {'ament_cmake_args': None, 'build_base': '/home/johnsmith/Desktop/underwater/flir_spinnaker_driver/build/flir_spinnaker_common', 'catkin_cmake_args': None, 'catkin_skip_building_tests': False, 'cmake_args': ['-DCMAKE_BUILD_TYPE=RelWithDebInfo', '-DCMAKE_EXPORT_COMPILE_COMMANDS=ON'], 'cmake_clean_cache': False, 'cmake_clean_first': False, 'cmake_force_configure': False, 'cmake_target': None, 'cmake_target_skip_unavailable': False, 'install_base': '/home/johnsmith/Desktop/underwater/flir_spinnaker_driver/install/flir_spinnaker_common', 'merge_install': False, 'path': '/home/johnsmith/Desktop/underwater/flir_spinnaker_driver/src/flir_spinnaker_common', 'symlink_install': True, 'test_result_base': None}
[0.891s] Level 5:colcon.colcon_core.verb:set package 'image_meta_msgs_ros2' build argument 'cmake_args' from command line to '['-DCMAKE_BUILD_TYPE=RelWithDebInfo', '-DCMAKE_EXPORT_COMPILE_COMMANDS=ON']'
[0.892s] Level 5:colcon.colcon_core.verb:set package 'image_meta_msgs_ros2' build argument 'cmake_target' from command line to 'None'
[0.892s] Level 5:colcon.colcon_core.verb:set package 'image_meta_msgs_ros2' build argument 'cmake_target_skip_unavailable' from command line to 'False'
[0.892s] Level 5:colcon.colcon_core.verb:set package 'image_meta_msgs_ros2' build argument 'cmake_clean_cache' from command line to 'False'
[0.892s] Level 5:colcon.colcon_core.verb:set package 'image_meta_msgs_ros2' build argument 'cmake_clean_first' from command line to 'False'
[0.892s] Level 5:colcon.colcon_core.verb:set package 'image_meta_msgs_ros2' build argument 'cmake_force_configure' from command line to 'False'
[0.892s] Level 5:colcon.colcon_core.verb:set package 'image_meta_msgs_ros2' build argument 'ament_cmake_args' from command line to 'None'
[0.892s] Level 5:colcon.colcon_core.verb:set package 'image_meta_msgs_ros2' build argument 'catkin_cmake_args' from command line to 'None'
[0.892s] Level 5:colcon.colcon_core.verb:set package 'image_meta_msgs_ros2' build argument 'catkin_skip_building_tests' from command line to 'False'
[0.892s] DEBUG:colcon.colcon_core.verb:Building package 'image_meta_msgs_ros2' with the following arguments: {'ament_cmake_args': None, 'build_base': '/home/johnsmith/Desktop/underwater/flir_spinnaker_driver/build/image_meta_msgs_ros2', 'catkin_cmake_args': None, 'catkin_skip_building_tests': False, 'cmake_args': ['-DCMAKE_BUILD_TYPE=RelWithDebInfo', '-DCMAKE_EXPORT_COMPILE_COMMANDS=ON'], 'cmake_clean_cache': False, 'cmake_clean_first': False, 'cmake_force_configure': False, 'cmake_target': None, 'cmake_target_skip_unavailable': False, 'install_base': '/home/johnsmith/Desktop/underwater/flir_spinnaker_driver/install/image_meta_msgs_ros2', 'merge_install': False, 'path': '/home/johnsmith/Desktop/underwater/flir_spinnaker_driver/src/image_meta_msgs_ros2', 'symlink_install': True, 'test_result_base': None}
[0.894s] Level 5:colcon.colcon_core.verb:set package 'flir_spinnaker_ros2' build argument 'cmake_args' from command line to '['-DCMAKE_BUILD_TYPE=RelWithDebInfo', '-DCMAKE_EXPORT_COMPILE_COMMANDS=ON']'
[0.894s] Level 5:colcon.colcon_core.verb:set package 'flir_spinnaker_ros2' build argument 'cmake_target' from command line to 'None'
[0.894s] Level 5:colcon.colcon_core.verb:set package 'flir_spinnaker_ros2' build argument 'cmake_target_skip_unavailable' from command line to 'False'
[0.894s] Level 5:colcon.colcon_core.verb:set package 'flir_spinnaker_ros2' build argument 'cmake_clean_cache' from command line to 'False'
[0.894s] Level 5:colcon.colcon_core.verb:set package 'flir_spinnaker_ros2' build argument 'cmake_clean_first' from command line to 'False'
[0.894s] Level 5:colcon.colcon_core.verb:set package 'flir_spinnaker_ros2' build argument 'cmake_force_configure' from command line to 'False'
[0.894s] Level 5:colcon.colcon_core.verb:set package 'flir_spinnaker_ros2' build argument 'ament_cmake_args' from command line to 'None'
[0.894s] Level 5:colcon.colcon_core.verb:set package 'flir_spinnaker_ros2' build argument 'catkin_cmake_args' from command line to 'None'
[0.895s] Level 5:colcon.colcon_core.verb:set package 'flir_spinnaker_ros2' build argument 'catkin_skip_building_tests' from command line to 'False'
[0.895s] DEBUG:colcon.colcon_core.verb:Building package 'flir_spinnaker_ros2' with the following arguments: {'ament_cmake_args': None, 'build_base': '/home/johnsmith/Desktop/underwater/flir_spinnaker_driver/build/flir_spinnaker_ros2', 'catkin_cmake_args': None, 'catkin_skip_building_tests': False, 'cmake_args': ['-DCMAKE_BUILD_TYPE=RelWithDebInfo', '-DCMAKE_EXPORT_COMPILE_COMMANDS=ON'], 'cmake_clean_cache': False, 'cmake_clean_first': False, 'cmake_force_configure': False, 'cmake_target': None, 'cmake_target_skip_unavailable': False, 'install_base': '/home/johnsmith/Desktop/underwater/flir_spinnaker_driver/install/flir_spinnaker_ros2', 'merge_install': False, 'path': '/home/johnsmith/Desktop/underwater/flir_spinnaker_driver/src/flir_spinnaker_ros2', 'symlink_install': True, 'test_result_base': None}
[0.896s] INFO:colcon.colcon_core.executor:Executing jobs using 'parallel' executor
[0.903s] DEBUG:colcon.colcon_parallel_executor.executor.parallel:run_until_complete
[0.904s] INFO:colcon.colcon_ros.task.ament_cmake.build:Building ROS package in '/home/johnsmith/Desktop/underwater/flir_spinnaker_driver/src/camera_control_msgs_ros2' with build type 'ament_cmake'
[0.905s] INFO:colcon.colcon_cmake.task.cmake.build:Building CMake package in '/home/johnsmith/Desktop/underwater/flir_spinnaker_driver/src/camera_control_msgs_ros2'
[0.914s] INFO:colcon.colcon_core.plugin_system:Skipping extension 'colcon_core.shell.bat': Not used on non-Windows systems
[0.914s] INFO:colcon.colcon_core.shell:Skip shell extension 'powershell' for command environment: Not usable outside of PowerShell
[0.914s] DEBUG:colcon.colcon_core.shell:Skip shell extension 'dsv' for command environment
[0.931s] INFO:colcon.colcon_ros.task.ament_cmake.build:Building ROS package in '/home/johnsmith/Desktop/underwater/flir_spinnaker_driver/src/flir_spinnaker_common' with build type 'ament_cmake'
[0.932s] INFO:colcon.colcon_cmake.task.cmake.build:Building CMake package in '/home/johnsmith/Desktop/underwater/flir_spinnaker_driver/src/flir_spinnaker_common'
[0.936s] INFO:colcon.colcon_core.shell:Skip shell extension 'powershell' for command environment: Not usable outside of PowerShell
[0.936s] DEBUG:colcon.colcon_core.shell:Skip shell extension 'dsv' for command environment
[0.956s] INFO:colcon.colcon_ros.task.ament_cmake.build:Building ROS package in '/home/johnsmith/Desktop/underwater/flir_spinnaker_driver/src/image_meta_msgs_ros2' with build type 'ament_cmake'
[0.957s] INFO:colcon.colcon_cmake.task.cmake.build:Building CMake package in '/home/johnsmith/Desktop/underwater/flir_spinnaker_driver/src/image_meta_msgs_ros2'
[0.960s] INFO:colcon.colcon_core.shell:Skip shell extension 'powershell' for command environment: Not usable outside of PowerShell
[0.961s] DEBUG:colcon.colcon_core.shell:Skip shell extension 'dsv' for command environment
[0.994s] DEBUG:colcon.colcon_core.event_handler.log_command:Invoking command in '/home/johnsmith/Desktop/underwater/flir_spinnaker_driver/build/camera_control_msgs_ros2': CMAKE_PREFIX_PATH=/opt/ros/foxy /usr/bin/cmake --build /home/johnsmith/Desktop/underwater/flir_spinnaker_driver/build/camera_control_msgs_ros2 -- -j4 -l4
[1.022s] DEBUG:colcon.colcon_core.event_handler.log_command:Invoking command in '/home/johnsmith/Desktop/underwater/flir_spinnaker_driver/build/flir_spinnaker_common': CMAKE_PREFIX_PATH=/opt/ros/foxy /usr/bin/cmake /home/johnsmith/Desktop/underwater/flir_spinnaker_driver/src/flir_spinnaker_common -DCMAKE_BUILD_TYPE=RelWithDebInfo -DCMAKE_EXPORT_COMPILE_COMMANDS=ON -DAMENT_CMAKE_SYMLINK_INSTALL=1 -DCMAKE_INSTALL_PREFIX=/home/johnsmith/Desktop/underwater/flir_spinnaker_driver/install/flir_spinnaker_common
[1.036s] DEBUG:colcon.colcon_core.event_handler.log_command:Invoking command in '/home/johnsmith/Desktop/underwater/flir_spinnaker_driver/build/image_meta_msgs_ros2': CMAKE_PREFIX_PATH=/opt/ros/foxy /usr/bin/cmake --build /home/johnsmith/Desktop/underwater/flir_spinnaker_driver/build/image_meta_msgs_ros2 -- -j4 -l4
[2.295s] DEBUG:colcon.colcon_core.event_handler.log_command:Invoked command in '/home/johnsmith/Desktop/underwater/flir_spinnaker_driver/build/flir_spinnaker_common' returned '0': CMAKE_PREFIX_PATH=/opt/ros/foxy /usr/bin/cmake /home/johnsmith/Desktop/underwater/flir_spinnaker_driver/src/flir_spinnaker_common -DCMAKE_BUILD_TYPE=RelWithDebInfo -DCMAKE_EXPORT_COMPILE_COMMANDS=ON -DAMENT_CMAKE_SYMLINK_INSTALL=1 -DCMAKE_INSTALL_PREFIX=/home/johnsmith/Desktop/underwater/flir_spinnaker_driver/install/flir_spinnaker_common
[2.297s] DEBUG:colcon.colcon_core.event_handler.log_command:Invoking command in '/home/johnsmith/Desktop/underwater/flir_spinnaker_driver/build/flir_spinnaker_common': CMAKE_PREFIX_PATH=/opt/ros/foxy /usr/bin/cmake --build /home/johnsmith/Desktop/underwater/flir_spinnaker_driver/build/flir_spinnaker_common -- -j4 -l4
[10.761s] DEBUG:colcon.colcon_core.event_handler.log_command:Invoked command in '/home/johnsmith/Desktop/underwater/flir_spinnaker_driver/build/flir_spinnaker_common' returned '0': CMAKE_PREFIX_PATH=/opt/ros/foxy /usr/bin/cmake --build /home/johnsmith/Desktop/underwater/flir_spinnaker_driver/build/flir_spinnaker_common -- -j4 -l4
[10.877s] DEBUG:colcon.colcon_core.event_handler.log_command:Invoking command in '/home/johnsmith/Desktop/underwater/flir_spinnaker_driver/build/flir_spinnaker_common': CMAKE_PREFIX_PATH=/opt/ros/foxy /usr/bin/cmake --install /home/johnsmith/Desktop/underwater/flir_spinnaker_driver/build/flir_spinnaker_common
[11.420s] Level 1:colcon.colcon_core.environment:create_environment_scripts_only(flir_spinnaker_common)
[11.422s] DEBUG:colcon.colcon_core.event_handler.log_command:Invoked command in '/home/johnsmith/Desktop/underwater/flir_spinnaker_driver/build/flir_spinnaker_common' returned '0': CMAKE_PREFIX_PATH=/opt/ros/foxy /usr/bin/cmake --install /home/johnsmith/Desktop/underwater/flir_spinnaker_driver/build/flir_spinnaker_common
[11.432s] Level 1:colcon.colcon_core.environment:checking '/home/johnsmith/Desktop/underwater/flir_spinnaker_driver/install/flir_spinnaker_common' for CMake module files
[11.434s] Level 1:colcon.colcon_core.environment:checking '/home/johnsmith/Desktop/underwater/flir_spinnaker_driver/install/flir_spinnaker_common' for CMake config files
[11.436s] Level 1:colcon.colcon_core.shell:create_environment_hook('flir_spinnaker_common', 'cmake_prefix_path')
[11.439s] INFO:colcon.colcon_core.shell:Creating environment hook '/home/johnsmith/Desktop/underwater/flir_spinnaker_driver/install/flir_spinnaker_common/share/flir_spinnaker_common/hook/cmake_prefix_path.ps1'
[11.441s] INFO:colcon.colcon_core.shell:Creating environment descriptor '/home/johnsmith/Desktop/underwater/flir_spinnaker_driver/install/flir_spinnaker_common/share/flir_spinnaker_common/hook/cmake_prefix_path.dsv'
[11.442s] INFO:colcon.colcon_core.shell:Creating environment hook '/home/johnsmith/Desktop/underwater/flir_spinnaker_driver/install/flir_spinnaker_common/share/flir_spinnaker_common/hook/cmake_prefix_path.sh'
[11.444s] Level 1:colcon.colcon_core.environment:checking '/home/johnsmith/Desktop/underwater/flir_spinnaker_driver/install/flir_spinnaker_common/lib'
[11.444s] Level 1:colcon.colcon_core.shell:create_environment_hook('flir_spinnaker_common', 'ld_library_path_lib')
[11.447s] INFO:colcon.colcon_core.shell:Creating environment hook '/home/johnsmith/Desktop/underwater/flir_spinnaker_driver/install/flir_spinnaker_common/share/flir_spinnaker_common/hook/ld_library_path_lib.ps1'
[11.448s] INFO:colcon.colcon_core.shell:Creating environment descriptor '/home/johnsmith/Desktop/underwater/flir_spinnaker_driver/install/flir_spinnaker_common/share/flir_spinnaker_common/hook/ld_library_path_lib.dsv'
[11.448s] INFO:colcon.colcon_core.shell:Creating environment hook '/home/johnsmith/Desktop/underwater/flir_spinnaker_driver/install/flir_spinnaker_common/share/flir_spinnaker_common/hook/ld_library_path_lib.sh'
[11.449s] Level 1:colcon.colcon_core.environment:checking '/home/johnsmith/Desktop/underwater/flir_spinnaker_driver/install/flir_spinnaker_common/bin'
[11.449s] Level 1:colcon.colcon_core.environment:checking '/home/johnsmith/Desktop/underwater/flir_spinnaker_driver/install/flir_spinnaker_common/lib/pkgconfig/flir_spinnaker_common.pc'
[11.450s] Level 1:colcon.colcon_core.environment:checking '/home/johnsmith/Desktop/underwater/flir_spinnaker_driver/install/flir_spinnaker_common/lib/python3.8/site-packages'
[11.450s] Level 1:colcon.colcon_core.environment:checking '/home/johnsmith/Desktop/underwater/flir_spinnaker_driver/install/flir_spinnaker_common/bin'
[11.453s] INFO:colcon.colcon_core.shell:Creating package script '/home/johnsmith/Desktop/underwater/flir_spinnaker_driver/install/flir_spinnaker_common/share/flir_spinnaker_common/package.ps1'
[11.455s] INFO:colcon.colcon_core.shell:Creating package descriptor '/home/johnsmith/Desktop/underwater/flir_spinnaker_driver/install/flir_spinnaker_common/share/flir_spinnaker_common/package.dsv'
[11.456s] INFO:colcon.colcon_core.shell:Creating package script '/home/johnsmith/Desktop/underwater/flir_spinnaker_driver/install/flir_spinnaker_common/share/flir_spinnaker_common/package.sh'
[11.458s] INFO:colcon.colcon_core.shell:Creating package script '/home/johnsmith/Desktop/underwater/flir_spinnaker_driver/install/flir_spinnaker_common/share/flir_spinnaker_common/package.bash'
[11.459s] INFO:colcon.colcon_core.shell:Creating package script '/home/johnsmith/Desktop/underwater/flir_spinnaker_driver/install/flir_spinnaker_common/share/flir_spinnaker_common/package.zsh'
[11.460s] Level 1:colcon.colcon_core.environment:create_file_with_runtime_dependencies(/home/johnsmith/Desktop/underwater/flir_spinnaker_driver/install/flir_spinnaker_common/share/colcon-core/packages/flir_spinnaker_common)
[11.538s] Level 1:colcon.colcon_core.environment:create_environment_scripts_only(flir_spinnaker_common)
[11.542s] Level 1:colcon.colcon_core.environment:checking '/home/johnsmith/Desktop/underwater/flir_spinnaker_driver/install/flir_spinnaker_common' for CMake module files
[11.543s] Level 1:colcon.colcon_core.environment:checking '/home/johnsmith/Desktop/underwater/flir_spinnaker_driver/install/flir_spinnaker_common' for CMake config files
[11.544s] Level 1:colcon.colcon_core.shell:create_environment_hook('flir_spinnaker_common', 'cmake_prefix_path')
[11.548s] INFO:colcon.colcon_core.shell:Creating environment hook '/home/johnsmith/Desktop/underwater/flir_spinnaker_driver/install/flir_spinnaker_common/share/flir_spinnaker_common/hook/cmake_prefix_path.ps1'
[11.550s] INFO:colcon.colcon_core.shell:Creating environment descriptor '/home/johnsmith/Desktop/underwater/flir_spinnaker_driver/install/flir_spinnaker_common/share/flir_spinnaker_common/hook/cmake_prefix_path.dsv'
[11.550s] INFO:colcon.colcon_core.shell:Creating environment hook '/home/johnsmith/Desktop/underwater/flir_spinnaker_driver/install/flir_spinnaker_common/share/flir_spinnaker_common/hook/cmake_prefix_path.sh'
[11.552s] Level 1:colcon.colcon_core.environment:checking '/home/johnsmith/Desktop/underwater/flir_spinnaker_driver/install/flir_spinnaker_common/lib'
[11.552s] Level 1:colcon.colcon_core.shell:create_environment_hook('flir_spinnaker_common', 'ld_library_path_lib')
[11.555s] INFO:colcon.colcon_core.shell:Creating environment hook '/home/johnsmith/Desktop/underwater/flir_spinnaker_driver/install/flir_spinnaker_common/share/flir_spinnaker_common/hook/ld_library_path_lib.ps1'
[11.556s] INFO:colcon.colcon_core.shell:Creating environment descriptor '/home/johnsmith/Desktop/underwater/flir_spinnaker_driver/install/flir_spinnaker_common/share/flir_spinnaker_common/hook/ld_library_path_lib.dsv'
[11.557s] INFO:colcon.colcon_core.shell:Creating environment hook '/home/johnsmith/Desktop/underwater/flir_spinnaker_driver/install/flir_spinnaker_common/share/flir_spinnaker_common/hook/ld_library_path_lib.sh'
[11.558s] Level 1:colcon.colcon_core.environment:checking '/home/johnsmith/Desktop/underwater/flir_spinnaker_driver/install/flir_spinnaker_common/bin'
[11.558s] Level 1:colcon.colcon_core.environment:checking '/home/johnsmith/Desktop/underwater/flir_spinnaker_driver/install/flir_spinnaker_common/lib/pkgconfig/flir_spinnaker_common.pc'
[11.558s] Level 1:colcon.colcon_core.environment:checking '/home/johnsmith/Desktop/underwater/flir_spinnaker_driver/install/flir_spinnaker_common/lib/python3.8/site-packages'
[11.559s] Level 1:colcon.colcon_core.environment:checking '/home/johnsmith/Desktop/underwater/flir_spinnaker_driver/install/flir_spinnaker_common/bin'
[11.562s] INFO:colcon.colcon_core.shell:Creating package script '/home/johnsmith/Desktop/underwater/flir_spinnaker_driver/install/flir_spinnaker_common/share/flir_spinnaker_common/package.ps1'
[11.563s] INFO:colcon.colcon_core.shell:Creating package descriptor '/home/johnsmith/Desktop/underwater/flir_spinnaker_driver/install/flir_spinnaker_common/share/flir_spinnaker_common/package.dsv'
[11.564s] INFO:colcon.colcon_core.shell:Creating package script '/home/johnsmith/Desktop/underwater/flir_spinnaker_driver/install/flir_spinnaker_common/share/flir_spinnaker_common/package.sh'
[11.565s] INFO:colcon.colcon_core.shell:Creating package script '/home/johnsmith/Desktop/underwater/flir_spinnaker_driver/install/flir_spinnaker_common/share/flir_spinnaker_common/package.bash'
[11.566s] INFO:colcon.colcon_core.shell:Creating package script '/home/johnsmith/Desktop/underwater/flir_spinnaker_driver/install/flir_spinnaker_common/share/flir_spinnaker_common/package.zsh'
[11.568s] Level 1:colcon.colcon_core.environment:create_file_with_runtime_dependencies(/home/johnsmith/Desktop/underwater/flir_spinnaker_driver/install/flir_spinnaker_common/share/colcon-core/packages/flir_spinnaker_common)
[12.446s] DEBUG:colcon.colcon_core.event_handler.log_command:Invoked command in '/home/johnsmith/Desktop/underwater/flir_spinnaker_driver/build/camera_control_msgs_ros2' returned '0': CMAKE_PREFIX_PATH=/opt/ros/foxy /usr/bin/cmake --build /home/johnsmith/Desktop/underwater/flir_spinnaker_driver/build/camera_control_msgs_ros2 -- -j4 -l4
[12.483s] DEBUG:colcon.colcon_core.event_handler.log_command:Invoked command in '/home/johnsmith/Desktop/underwater/flir_spinnaker_driver/build/image_meta_msgs_ros2' returned '0': CMAKE_PREFIX_PATH=/opt/ros/foxy /usr/bin/cmake --build /home/johnsmith/Desktop/underwater/flir_spinnaker_driver/build/image_meta_msgs_ros2 -- -j4 -l4
[12.543s] DEBUG:colcon.colcon_core.event_handler.log_command:Invoking command in '/home/johnsmith/Desktop/underwater/flir_spinnaker_driver/build/camera_control_msgs_ros2': CMAKE_PREFIX_PATH=/opt/ros/foxy /usr/bin/cmake --install /home/johnsmith/Desktop/underwater/flir_spinnaker_driver/build/camera_control_msgs_ros2
[12.578s] DEBUG:colcon.colcon_core.event_handler.log_command:Invoking command in '/home/johnsmith/Desktop/underwater/flir_spinnaker_driver/build/image_meta_msgs_ros2': CMAKE_PREFIX_PATH=/opt/ros/foxy /usr/bin/cmake --install /home/johnsmith/Desktop/underwater/flir_spinnaker_driver/build/image_meta_msgs_ros2
[13.709s] Level 1:colcon.colcon_core.environment:create_environment_scripts_only(camera_control_msgs_ros2)
[13.714s] Level 1:colcon.colcon_core.environment:checking '/home/johnsmith/Desktop/underwater/flir_spinnaker_driver/install/camera_control_msgs_ros2' for CMake module files
[13.714s] DEBUG:colcon.colcon_core.event_handler.log_command:Invoked command in '/home/johnsmith/Desktop/underwater/flir_spinnaker_driver/build/camera_control_msgs_ros2' returned '0': CMAKE_PREFIX_PATH=/opt/ros/foxy /usr/bin/cmake --install /home/johnsmith/Desktop/underwater/flir_spinnaker_driver/build/camera_control_msgs_ros2
[13.716s] Level 1:colcon.colcon_core.environment:checking '/home/johnsmith/Desktop/underwater/flir_spinnaker_driver/install/camera_control_msgs_ros2' for CMake config files
[13.717s] Level 1:colcon.colcon_core.shell:create_environment_hook('camera_control_msgs_ros2', 'cmake_prefix_path')
[13.720s] INFO:colcon.colcon_core.shell:Creating environment hook '/home/johnsmith/Desktop/underwater/flir_spinnaker_driver/install/camera_control_msgs_ros2/share/camera_control_msgs_ros2/hook/cmake_prefix_path.ps1'
[13.722s] INFO:colcon.colcon_core.shell:Creating environment descriptor '/home/johnsmith/Desktop/underwater/flir_spinnaker_driver/install/camera_control_msgs_ros2/share/camera_control_msgs_ros2/hook/cmake_prefix_path.dsv'
[13.723s] INFO:colcon.colcon_core.shell:Creating environment hook '/home/johnsmith/Desktop/underwater/flir_spinnaker_driver/install/camera_control_msgs_ros2/share/camera_control_msgs_ros2/hook/cmake_prefix_path.sh'
[13.724s] Level 1:colcon.colcon_core.environment:checking '/home/johnsmith/Desktop/underwater/flir_spinnaker_driver/install/camera_control_msgs_ros2/lib'
[13.724s] Level 1:colcon.colcon_core.shell:create_environment_hook('camera_control_msgs_ros2', 'ld_library_path_lib')
[13.727s] INFO:colcon.colcon_core.shell:Creating environment hook '/home/johnsmith/Desktop/underwater/flir_spinnaker_driver/install/camera_control_msgs_ros2/share/camera_control_msgs_ros2/hook/ld_library_path_lib.ps1'
[13.728s] INFO:colcon.colcon_core.shell:Creating environment descriptor '/home/johnsmith/Desktop/underwater/flir_spinnaker_driver/install/camera_control_msgs_ros2/share/camera_control_msgs_ros2/hook/ld_library_path_lib.dsv'
[13.728s] INFO:colcon.colcon_core.shell:Creating environment hook '/home/johnsmith/Desktop/underwater/flir_spinnaker_driver/install/camera_control_msgs_ros2/share/camera_control_msgs_ros2/hook/ld_library_path_lib.sh'
[13.729s] Level 1:colcon.colcon_core.environment:checking '/home/johnsmith/Desktop/underwater/flir_spinnaker_driver/install/camera_control_msgs_ros2/bin'
[13.729s] Level 1:colcon.colcon_core.environment:checking '/home/johnsmith/Desktop/underwater/flir_spinnaker_driver/install/camera_control_msgs_ros2/lib/pkgconfig/camera_control_msgs_ros2.pc'
[13.730s] Level 1:colcon.colcon_core.environment:checking '/home/johnsmith/Desktop/underwater/flir_spinnaker_driver/install/camera_control_msgs_ros2/lib/python3.8/site-packages'
[13.731s] Level 1:colcon.colcon_core.shell:create_environment_hook('camera_control_msgs_ros2', 'pythonpath')
[13.734s] INFO:colcon.colcon_core.shell:Creating environment hook '/home/johnsmith/Desktop/underwater/flir_spinnaker_driver/install/camera_control_msgs_ros2/share/camera_control_msgs_ros2/hook/pythonpath.ps1'
[13.735s] INFO:colcon.colcon_core.shell:Creating environment descriptor '/home/johnsmith/Desktop/underwater/flir_spinnaker_driver/install/camera_control_msgs_ros2/share/camera_control_msgs_ros2/hook/pythonpath.dsv'
[13.736s] INFO:colcon.colcon_core.shell:Creating environment hook '/home/johnsmith/Desktop/underwater/flir_spinnaker_driver/install/camera_control_msgs_ros2/share/camera_control_msgs_ros2/hook/pythonpath.sh'
[13.737s] Level 1:colcon.colcon_core.environment:checking '/home/johnsmith/Desktop/underwater/flir_spinnaker_driver/install/camera_control_msgs_ros2/bin'
[13.740s] INFO:colcon.colcon_core.shell:Creating package script '/home/johnsmith/Desktop/underwater/flir_spinnaker_driver/install/camera_control_msgs_ros2/share/camera_control_msgs_ros2/package.ps1'
[13.741s] INFO:colcon.colcon_core.shell:Creating package descriptor '/home/johnsmith/Desktop/underwater/flir_spinnaker_driver/install/camera_control_msgs_ros2/share/camera_control_msgs_ros2/package.dsv'
[13.743s] INFO:colcon.colcon_core.shell:Creating package script '/home/johnsmith/Desktop/underwater/flir_spinnaker_driver/install/camera_control_msgs_ros2/share/camera_control_msgs_ros2/package.sh'
[13.745s] INFO:colcon.colcon_core.shell:Creating package script '/home/johnsmith/Desktop/underwater/flir_spinnaker_driver/install/camera_control_msgs_ros2/share/camera_control_msgs_ros2/package.bash'
[13.747s] INFO:colcon.colcon_core.shell:Creating package script '/home/johnsmith/Desktop/underwater/flir_spinnaker_driver/install/camera_control_msgs_ros2/share/camera_control_msgs_ros2/package.zsh'
[13.748s] Level 1:colcon.colcon_core.environment:create_file_with_runtime_dependencies(/home/johnsmith/Desktop/underwater/flir_spinnaker_driver/install/camera_control_msgs_ros2/share/colcon-core/packages/camera_control_msgs_ros2)
[13.757s] Level 1:colcon.colcon_core.environment:create_environment_scripts_only(image_meta_msgs_ros2)
[13.762s] Level 1:colcon.colcon_core.environment:checking '/home/johnsmith/Desktop/underwater/flir_spinnaker_driver/install/image_meta_msgs_ros2' for CMake module files
[13.763s] DEBUG:colcon.colcon_core.event_handler.log_command:Invoked command in '/home/johnsmith/Desktop/underwater/flir_spinnaker_driver/build/image_meta_msgs_ros2' returned '0': CMAKE_PREFIX_PATH=/opt/ros/foxy /usr/bin/cmake --install /home/johnsmith/Desktop/underwater/flir_spinnaker_driver/build/image_meta_msgs_ros2
[13.765s] Level 1:colcon.colcon_core.environment:checking '/home/johnsmith/Desktop/underwater/flir_spinnaker_driver/install/image_meta_msgs_ros2' for CMake config files
[13.766s] Level 1:colcon.colcon_core.shell:create_environment_hook('image_meta_msgs_ros2', 'cmake_prefix_path')
[13.769s] INFO:colcon.colcon_core.shell:Creating environment hook '/home/johnsmith/Desktop/underwater/flir_spinnaker_driver/install/image_meta_msgs_ros2/share/image_meta_msgs_ros2/hook/cmake_prefix_path.ps1'
[13.770s] INFO:colcon.colcon_core.shell:Creating environment descriptor '/home/johnsmith/Desktop/underwater/flir_spinnaker_driver/install/image_meta_msgs_ros2/share/image_meta_msgs_ros2/hook/cmake_prefix_path.dsv'
[13.771s] INFO:colcon.colcon_core.shell:Creating environment hook '/home/johnsmith/Desktop/underwater/flir_spinnaker_driver/install/image_meta_msgs_ros2/share/image_meta_msgs_ros2/hook/cmake_prefix_path.sh'
[13.772s] Level 1:colcon.colcon_core.environment:checking '/home/johnsmith/Desktop/underwater/flir_spinnaker_driver/install/image_meta_msgs_ros2/lib'
[13.773s] Level 1:colcon.colcon_core.shell:create_environment_hook('image_meta_msgs_ros2', 'ld_library_path_lib')
[13.775s] INFO:colcon.colcon_core.shell:Creating environment hook '/home/johnsmith/Desktop/underwater/flir_spinnaker_driver/install/image_meta_msgs_ros2/share/image_meta_msgs_ros2/hook/ld_library_path_lib.ps1'
[13.776s] INFO:colcon.colcon_core.shell:Creating environment descriptor '/home/johnsmith/Desktop/underwater/flir_spinnaker_driver/install/image_meta_msgs_ros2/share/image_meta_msgs_ros2/hook/ld_library_path_lib.dsv'
[13.777s] INFO:colcon.colcon_core.shell:Creating environment hook '/home/johnsmith/Desktop/underwater/flir_spinnaker_driver/install/image_meta_msgs_ros2/share/image_meta_msgs_ros2/hook/ld_library_path_lib.sh'
[13.777s] Level 1:colcon.colcon_core.environment:checking '/home/johnsmith/Desktop/underwater/flir_spinnaker_driver/install/image_meta_msgs_ros2/bin'
[13.778s] Level 1:colcon.colcon_core.environment:checking '/home/johnsmith/Desktop/underwater/flir_spinnaker_driver/install/image_meta_msgs_ros2/lib/pkgconfig/image_meta_msgs_ros2.pc'
[13.778s] Level 1:colcon.colcon_core.environment:checking '/home/johnsmith/Desktop/underwater/flir_spinnaker_driver/install/image_meta_msgs_ros2/lib/python3.8/site-packages'
[13.778s] Level 1:colcon.colcon_core.shell:create_environment_hook('image_meta_msgs_ros2', 'pythonpath')
[13.781s] INFO:colcon.colcon_core.shell:Creating environment hook '/home/johnsmith/Desktop/underwater/flir_spinnaker_driver/install/image_meta_msgs_ros2/share/image_meta_msgs_ros2/hook/pythonpath.ps1'
[13.782s] INFO:colcon.colcon_core.shell:Creating environment descriptor '/home/johnsmith/Desktop/underwater/flir_spinnaker_driver/install/image_meta_msgs_ros2/share/image_meta_msgs_ros2/hook/pythonpath.dsv'
[13.782s] INFO:colcon.colcon_core.shell:Creating environment hook '/home/johnsmith/Desktop/underwater/flir_spinnaker_driver/install/image_meta_msgs_ros2/share/image_meta_msgs_ros2/hook/pythonpath.sh'
[13.783s] Level 1:colcon.colcon_core.environment:checking '/home/johnsmith/Desktop/underwater/flir_spinnaker_driver/install/image_meta_msgs_ros2/bin'
[13.786s] INFO:colcon.colcon_core.shell:Creating package script '/home/johnsmith/Desktop/underwater/flir_spinnaker_driver/install/image_meta_msgs_ros2/share/image_meta_msgs_ros2/package.ps1'
[13.788s] INFO:colcon.colcon_core.shell:Creating package descriptor '/home/johnsmith/Desktop/underwater/flir_spinnaker_driver/install/image_meta_msgs_ros2/share/image_meta_msgs_ros2/package.dsv'
[13.789s] INFO:colcon.colcon_core.shell:Creating package script '/home/johnsmith/Desktop/underwater/flir_spinnaker_driver/install/image_meta_msgs_ros2/share/image_meta_msgs_ros2/package.sh'
[13.790s] INFO:colcon.colcon_core.shell:Creating package script '/home/johnsmith/Desktop/underwater/flir_spinnaker_driver/install/image_meta_msgs_ros2/share/image_meta_msgs_ros2/package.bash'
[13.790s] INFO:colcon.colcon_core.shell:Creating package script '/home/johnsmith/Desktop/underwater/flir_spinnaker_driver/install/image_meta_msgs_ros2/share/image_meta_msgs_ros2/package.zsh'
[13.791s] Level 1:colcon.colcon_core.environment:create_file_with_runtime_dependencies(/home/johnsmith/Desktop/underwater/flir_spinnaker_driver/install/image_meta_msgs_ros2/share/colcon-core/packages/image_meta_msgs_ros2)
[13.853s] Level 1:colcon.colcon_core.environment:create_environment_scripts_only(camera_control_msgs_ros2)
[13.858s] Level 1:colcon.colcon_core.environment:checking '/home/johnsmith/Desktop/underwater/flir_spinnaker_driver/install/camera_control_msgs_ros2' for CMake module files
[13.859s] Level 1:colcon.colcon_core.environment:checking '/home/johnsmith/Desktop/underwater/flir_spinnaker_driver/install/camera_control_msgs_ros2' for CMake config files
[13.861s] Level 1:colcon.colcon_core.shell:create_environment_hook('camera_control_msgs_ros2', 'cmake_prefix_path')
[13.864s] INFO:colcon.colcon_core.shell:Creating environment hook '/home/johnsmith/Desktop/underwater/flir_spinnaker_driver/install/camera_control_msgs_ros2/share/camera_control_msgs_ros2/hook/cmake_prefix_path.ps1'
[13.866s] INFO:colcon.colcon_core.shell:Creating environment descriptor '/home/johnsmith/Desktop/underwater/flir_spinnaker_driver/install/camera_control_msgs_ros2/share/camera_control_msgs_ros2/hook/cmake_prefix_path.dsv'
[13.867s] INFO:colcon.colcon_core.shell:Creating environment hook '/home/johnsmith/Desktop/underwater/flir_spinnaker_driver/install/camera_control_msgs_ros2/share/camera_control_msgs_ros2/hook/cmake_prefix_path.sh'
[13.868s] Level 1:colcon.colcon_core.environment:checking '/home/johnsmith/Desktop/underwater/flir_spinnaker_driver/install/camera_control_msgs_ros2/lib'
[13.868s] Level 1:colcon.colcon_core.shell:create_environment_hook('camera_control_msgs_ros2', 'ld_library_path_lib')
[13.871s] INFO:colcon.colcon_core.shell:Creating environment hook '/home/johnsmith/Desktop/underwater/flir_spinnaker_driver/install/camera_control_msgs_ros2/share/camera_control_msgs_ros2/hook/ld_library_path_lib.ps1'
[13.872s] INFO:colcon.colcon_core.shell:Creating environment descriptor '/home/johnsmith/Desktop/underwater/flir_spinnaker_driver/install/camera_control_msgs_ros2/share/camera_control_msgs_ros2/hook/ld_library_path_lib.dsv'
[13.873s] INFO:colcon.colcon_core.shell:Creating environment hook '/home/johnsmith/Desktop/underwater/flir_spinnaker_driver/install/camera_control_msgs_ros2/share/camera_control_msgs_ros2/hook/ld_library_path_lib.sh'
[13.874s] Level 1:colcon.colcon_core.environment:checking '/home/johnsmith/Desktop/underwater/flir_spinnaker_driver/install/camera_control_msgs_ros2/bin'
[13.874s] Level 1:colcon.colcon_core.environment:checking '/home/johnsmith/Desktop/underwater/flir_spinnaker_driver/install/camera_control_msgs_ros2/lib/pkgconfig/camera_control_msgs_ros2.pc'
[13.874s] Level 1:colcon.colcon_core.environment:checking '/home/johnsmith/Desktop/underwater/flir_spinnaker_driver/install/camera_control_msgs_ros2/lib/python3.8/site-packages'
[13.874s] Level 1:colcon.colcon_core.shell:create_environment_hook('camera_control_msgs_ros2', 'pythonpath')
[13.877s] INFO:colcon.colcon_core.shell:Creating environment hook '/home/johnsmith/Desktop/underwater/flir_spinnaker_driver/install/camera_control_msgs_ros2/share/camera_control_msgs_ros2/hook/pythonpath.ps1'
[13.878s] INFO:colcon.colcon_core.shell:Creating environment descriptor '/home/johnsmith/Desktop/underwater/flir_spinnaker_driver/install/camera_control_msgs_ros2/share/camera_control_msgs_ros2/hook/pythonpath.dsv'
[13.879s] INFO:colcon.colcon_core.shell:Creating environment hook '/home/johnsmith/Desktop/underwater/flir_spinnaker_driver/install/camera_control_msgs_ros2/share/camera_control_msgs_ros2/hook/pythonpath.sh'
[13.880s] Level 1:colcon.colcon_core.environment:checking '/home/johnsmith/Desktop/underwater/flir_spinnaker_driver/install/camera_control_msgs_ros2/bin'
[13.883s] INFO:colcon.colcon_core.shell:Creating package script '/home/johnsmith/Desktop/underwater/flir_spinnaker_driver/install/camera_control_msgs_ros2/share/camera_control_msgs_ros2/package.ps1'
[13.884s] INFO:colcon.colcon_core.shell:Creating package descriptor '/home/johnsmith/Desktop/underwater/flir_spinnaker_driver/install/camera_control_msgs_ros2/share/camera_control_msgs_ros2/package.dsv'
[13.885s] INFO:colcon.colcon_core.shell:Creating package script '/home/johnsmith/Desktop/underwater/flir_spinnaker_driver/install/camera_control_msgs_ros2/share/camera_control_msgs_ros2/package.sh'
[13.886s] INFO:colcon.colcon_core.shell:Creating package script '/home/johnsmith/Desktop/underwater/flir_spinnaker_driver/install/camera_control_msgs_ros2/share/camera_control_msgs_ros2/package.bash'
[13.887s] INFO:colcon.colcon_core.shell:Creating package script '/home/johnsmith/Desktop/underwater/flir_spinnaker_driver/install/camera_control_msgs_ros2/share/camera_control_msgs_ros2/package.zsh'
[13.889s] Level 1:colcon.colcon_core.environment:create_file_with_runtime_dependencies(/home/johnsmith/Desktop/underwater/flir_spinnaker_driver/install/camera_control_msgs_ros2/share/colcon-core/packages/camera_control_msgs_ros2)
[13.918s] Level 1:colcon.colcon_core.environment:create_environment_scripts_only(image_meta_msgs_ros2)
[13.923s] Level 1:colcon.colcon_core.environment:checking '/home/johnsmith/Desktop/underwater/flir_spinnaker_driver/install/image_meta_msgs_ros2' for CMake module files
[13.925s] Level 1:colcon.colcon_core.environment:checking '/home/johnsmith/Desktop/underwater/flir_spinnaker_driver/install/image_meta_msgs_ros2' for CMake config files
[13.926s] Level 1:colcon.colcon_core.shell:create_environment_hook('image_meta_msgs_ros2', 'cmake_prefix_path')
[13.929s] INFO:colcon.colcon_core.shell:Creating environment hook '/home/johnsmith/Desktop/underwater/flir_spinnaker_driver/install/image_meta_msgs_ros2/share/image_meta_msgs_ros2/hook/cmake_prefix_path.ps1'
[13.931s] INFO:colcon.colcon_core.shell:Creating environment descriptor '/home/johnsmith/Desktop/underwater/flir_spinnaker_driver/install/image_meta_msgs_ros2/share/image_meta_msgs_ros2/hook/cmake_prefix_path.dsv'
[13.932s] INFO:colcon.colcon_core.shell:Creating environment hook '/home/johnsmith/Desktop/underwater/flir_spinnaker_driver/install/image_meta_msgs_ros2/share/image_meta_msgs_ros2/hook/cmake_prefix_path.sh'
[13.933s] Level 1:colcon.colcon_core.environment:checking '/home/johnsmith/Desktop/underwater/flir_spinnaker_driver/install/image_meta_msgs_ros2/lib'
[13.933s] Level 1:colcon.colcon_core.shell:create_environment_hook('image_meta_msgs_ros2', 'ld_library_path_lib')
[13.936s] INFO:colcon.colcon_core.shell:Creating environment hook '/home/johnsmith/Desktop/underwater/flir_spinnaker_driver/install/image_meta_msgs_ros2/share/image_meta_msgs_ros2/hook/ld_library_path_lib.ps1'
[13.936s] INFO:colcon.colcon_core.shell:Creating environment descriptor '/home/johnsmith/Desktop/underwater/flir_spinnaker_driver/install/image_meta_msgs_ros2/share/image_meta_msgs_ros2/hook/ld_library_path_lib.dsv'
[13.937s] INFO:colcon.colcon_core.shell:Creating environment hook '/home/johnsmith/Desktop/underwater/flir_spinnaker_driver/install/image_meta_msgs_ros2/share/image_meta_msgs_ros2/hook/ld_library_path_lib.sh'
[13.938s] Level 1:colcon.colcon_core.environment:checking '/home/johnsmith/Desktop/underwater/flir_spinnaker_driver/install/image_meta_msgs_ros2/bin'
[13.938s] Level 1:colcon.colcon_core.environment:checking '/home/johnsmith/Desktop/underwater/flir_spinnaker_driver/install/image_meta_msgs_ros2/lib/pkgconfig/image_meta_msgs_ros2.pc'
[13.939s] Level 1:colcon.colcon_core.environment:checking '/home/johnsmith/Desktop/underwater/flir_spinnaker_driver/install/image_meta_msgs_ros2/lib/python3.8/site-packages'
[13.939s] Level 1:colcon.colcon_core.shell:create_environment_hook('image_meta_msgs_ros2', 'pythonpath')
[13.941s] INFO:colcon.colcon_core.shell:Creating environment hook '/home/johnsmith/Desktop/underwater/flir_spinnaker_driver/install/image_meta_msgs_ros2/share/image_meta_msgs_ros2/hook/pythonpath.ps1'
[13.942s] INFO:colcon.colcon_core.shell:Creating environment descriptor '/home/johnsmith/Desktop/underwater/flir_spinnaker_driver/install/image_meta_msgs_ros2/share/image_meta_msgs_ros2/hook/pythonpath.dsv'
[13.943s] INFO:colcon.colcon_core.shell:Creating environment hook '/home/johnsmith/Desktop/underwater/flir_spinnaker_driver/install/image_meta_msgs_ros2/share/image_meta_msgs_ros2/hook/pythonpath.sh'
[13.944s] Level 1:colcon.colcon_core.environment:checking '/home/johnsmith/Desktop/underwater/flir_spinnaker_driver/install/image_meta_msgs_ros2/bin'
[13.947s] INFO:colcon.colcon_core.shell:Creating package script '/home/johnsmith/Desktop/underwater/flir_spinnaker_driver/install/image_meta_msgs_ros2/share/image_meta_msgs_ros2/package.ps1'
[13.948s] INFO:colcon.colcon_core.shell:Creating package descriptor '/home/johnsmith/Desktop/underwater/flir_spinnaker_driver/install/image_meta_msgs_ros2/share/image_meta_msgs_ros2/package.dsv'
[13.949s] INFO:colcon.colcon_core.shell:Creating package script '/home/johnsmith/Desktop/underwater/flir_spinnaker_driver/install/image_meta_msgs_ros2/share/image_meta_msgs_ros2/package.sh'
[13.950s] INFO:colcon.colcon_core.shell:Creating package script '/home/johnsmith/Desktop/underwater/flir_spinnaker_driver/install/image_meta_msgs_ros2/share/image_meta_msgs_ros2/package.bash'
[13.951s] INFO:colcon.colcon_core.shell:Creating package script '/home/johnsmith/Desktop/underwater/flir_spinnaker_driver/install/image_meta_msgs_ros2/share/image_meta_msgs_ros2/package.zsh'
[13.952s] Level 1:colcon.colcon_core.environment:create_file_with_runtime_dependencies(/home/johnsmith/Desktop/underwater/flir_spinnaker_driver/install/image_meta_msgs_ros2/share/colcon-core/packages/image_meta_msgs_ros2)
[13.953s] INFO:colcon.colcon_ros.task.ament_cmake.build:Building ROS package in '/home/johnsmith/Desktop/underwater/flir_spinnaker_driver/src/flir_spinnaker_ros2' with build type 'ament_cmake'
[13.953s] INFO:colcon.colcon_cmake.task.cmake.build:Building CMake package in '/home/johnsmith/Desktop/underwater/flir_spinnaker_driver/src/flir_spinnaker_ros2'
[13.956s] INFO:colcon.colcon_core.shell:Skip shell extension 'powershell' for command environment: Not usable outside of PowerShell
[13.956s] DEBUG:colcon.colcon_core.shell:Skip shell extension 'dsv' for command environment
[13.993s] DEBUG:colcon.colcon_core.event_handler.log_command:Invoking command in '/home/johnsmith/Desktop/underwater/flir_spinnaker_driver/build/flir_spinnaker_ros2': AMENT_PREFIX_PATH=/home/johnsmith/Desktop/underwater/flir_spinnaker_driver/install/image_meta_msgs_ros2:/home/johnsmith/Desktop/underwater/flir_spinnaker_driver/install/flir_spinnaker_common:/home/johnsmith/Desktop/underwater/flir_spinnaker_driver/install/camera_control_msgs_ros2:${AMENT_PREFIX_PATH} CMAKE_PREFIX_PATH=/home/johnsmith/Desktop/underwater/flir_spinnaker_driver/install/image_meta_msgs_ros2:/home/johnsmith/Desktop/underwater/flir_spinnaker_driver/install/flir_spinnaker_common:/home/johnsmith/Desktop/underwater/flir_spinnaker_driver/install/camera_control_msgs_ros2:/opt/ros/foxy LD_LIBRARY_PATH=/home/johnsmith/Desktop/underwater/flir_spinnaker_driver/install/image_meta_msgs_ros2/lib:/home/johnsmith/Desktop/underwater/flir_spinnaker_driver/install/flir_spinnaker_common/lib:/home/johnsmith/Desktop/underwater/flir_spinnaker_driver/install/camera_control_msgs_ros2/lib:/opt/ros/foxy/opt/yaml_cpp_vendor/lib:/opt/ros/foxy/opt/rviz_ogre_vendor/lib:/opt/ros/foxy/lib/aarch64-linux-gnu:/opt/ros/foxy/lib:/usr/local/cuda-11.4/lib64 PYTHONPATH=/home/johnsmith/Desktop/underwater/flir_spinnaker_driver/install/image_meta_msgs_ros2/lib/python3.8/site-packages:/home/johnsmith/Desktop/underwater/flir_spinnaker_driver/install/camera_control_msgs_ros2/lib/python3.8/site-packages:${PYTHONPATH} /usr/bin/cmake /home/johnsmith/Desktop/underwater/flir_spinnaker_driver/src/flir_spinnaker_ros2 -DCMAKE_BUILD_TYPE=RelWithDebInfo -DCMAKE_EXPORT_COMPILE_COMMANDS=ON -DAMENT_CMAKE_SYMLINK_INSTALL=1 -DCMAKE_INSTALL_PREFIX=/home/johnsmith/Desktop/underwater/flir_spinnaker_driver/install/flir_spinnaker_ros2
[17.567s] DEBUG:colcon.colcon_core.event_handler.log_command:Invoked command in '/home/johnsmith/Desktop/underwater/flir_spinnaker_driver/build/flir_spinnaker_ros2' returned '0': AMENT_PREFIX_PATH=/home/johnsmith/Desktop/underwater/flir_spinnaker_driver/install/image_meta_msgs_ros2:/home/johnsmith/Desktop/underwater/flir_spinnaker_driver/install/flir_spinnaker_common:/home/johnsmith/Desktop/underwater/flir_spinnaker_driver/install/camera_control_msgs_ros2:${AMENT_PREFIX_PATH} CMAKE_PREFIX_PATH=/home/johnsmith/Desktop/underwater/flir_spinnaker_driver/install/image_meta_msgs_ros2:/home/johnsmith/Desktop/underwater/flir_spinnaker_driver/install/flir_spinnaker_common:/home/johnsmith/Desktop/underwater/flir_spinnaker_driver/install/camera_control_msgs_ros2:/opt/ros/foxy LD_LIBRARY_PATH=/home/johnsmith/Desktop/underwater/flir_spinnaker_driver/install/image_meta_msgs_ros2/lib:/home/johnsmith/Desktop/underwater/flir_spinnaker_driver/install/flir_spinnaker_common/lib:/home/johnsmith/Desktop/underwater/flir_spinnaker_driver/install/camera_control_msgs_ros2/lib:/opt/ros/foxy/opt/yaml_cpp_vendor/lib:/opt/ros/foxy/opt/rviz_ogre_vendor/lib:/opt/ros/foxy/lib/aarch64-linux-gnu:/opt/ros/foxy/lib:/usr/local/cuda-11.4/lib64 PYTHONPATH=/home/johnsmith/Desktop/underwater/flir_spinnaker_driver/install/image_meta_msgs_ros2/lib/python3.8/site-packages:/home/johnsmith/Desktop/underwater/flir_spinnaker_driver/install/camera_control_msgs_ros2/lib/python3.8/site-packages:${PYTHONPATH} /usr/bin/cmake /home/johnsmith/Desktop/underwater/flir_spinnaker_driver/src/flir_spinnaker_ros2 -DCMAKE_BUILD_TYPE=RelWithDebInfo -DCMAKE_EXPORT_COMPILE_COMMANDS=ON -DAMENT_CMAKE_SYMLINK_INSTALL=1 -DCMAKE_INSTALL_PREFIX=/home/johnsmith/Desktop/underwater/flir_spinnaker_driver/install/flir_spinnaker_ros2
[17.573s] DEBUG:colcon.colcon_core.event_handler.log_command:Invoking command in '/home/johnsmith/Desktop/underwater/flir_spinnaker_driver/build/flir_spinnaker_ros2': AMENT_PREFIX_PATH=/home/johnsmith/Desktop/underwater/flir_spinnaker_driver/install/image_meta_msgs_ros2:/home/johnsmith/Desktop/underwater/flir_spinnaker_driver/install/flir_spinnaker_common:/home/johnsmith/Desktop/underwater/flir_spinnaker_driver/install/camera_control_msgs_ros2:${AMENT_PREFIX_PATH} CMAKE_PREFIX_PATH=/home/johnsmith/Desktop/underwater/flir_spinnaker_driver/install/image_meta_msgs_ros2:/home/johnsmith/Desktop/underwater/flir_spinnaker_driver/install/flir_spinnaker_common:/home/johnsmith/Desktop/underwater/flir_spinnaker_driver/install/camera_control_msgs_ros2:/opt/ros/foxy LD_LIBRARY_PATH=/home/johnsmith/Desktop/underwater/flir_spinnaker_driver/install/image_meta_msgs_ros2/lib:/home/johnsmith/Desktop/underwater/flir_spinnaker_driver/install/flir_spinnaker_common/lib:/home/johnsmith/Desktop/underwater/flir_spinnaker_driver/install/camera_control_msgs_ros2/lib:/opt/ros/foxy/opt/yaml_cpp_vendor/lib:/opt/ros/foxy/opt/rviz_ogre_vendor/lib:/opt/ros/foxy/lib/aarch64-linux-gnu:/opt/ros/foxy/lib:/usr/local/cuda-11.4/lib64 PYTHONPATH=/home/johnsmith/Desktop/underwater/flir_spinnaker_driver/install/image_meta_msgs_ros2/lib/python3.8/site-packages:/home/johnsmith/Desktop/underwater/flir_spinnaker_driver/install/camera_control_msgs_ros2/lib/python3.8/site-packages:${PYTHONPATH} /usr/bin/cmake --build /home/johnsmith/Desktop/underwater/flir_spinnaker_driver/build/flir_spinnaker_ros2 -- -j4 -l4
[57.245s] DEBUG:colcon.colcon_core.event_handler.log_command:Invoked command in '/home/johnsmith/Desktop/underwater/flir_spinnaker_driver/build/flir_spinnaker_ros2' returned '0': AMENT_PREFIX_PATH=/home/johnsmith/Desktop/underwater/flir_spinnaker_driver/install/image_meta_msgs_ros2:/home/johnsmith/Desktop/underwater/flir_spinnaker_driver/install/flir_spinnaker_common:/home/johnsmith/Desktop/underwater/flir_spinnaker_driver/install/camera_control_msgs_ros2:${AMENT_PREFIX_PATH} CMAKE_PREFIX_PATH=/home/johnsmith/Desktop/underwater/flir_spinnaker_driver/install/image_meta_msgs_ros2:/home/johnsmith/Desktop/underwater/flir_spinnaker_driver/install/flir_spinnaker_common:/home/johnsmith/Desktop/underwater/flir_spinnaker_driver/install/camera_control_msgs_ros2:/opt/ros/foxy LD_LIBRARY_PATH=/home/johnsmith/Desktop/underwater/flir_spinnaker_driver/install/image_meta_msgs_ros2/lib:/home/johnsmith/Desktop/underwater/flir_spinnaker_driver/install/flir_spinnaker_common/lib:/home/johnsmith/Desktop/underwater/flir_spinnaker_driver/install/camera_control_msgs_ros2/lib:/opt/ros/foxy/opt/yaml_cpp_vendor/lib:/opt/ros/foxy/opt/rviz_ogre_vendor/lib:/opt/ros/foxy/lib/aarch64-linux-gnu:/opt/ros/foxy/lib:/usr/local/cuda-11.4/lib64 PYTHONPATH=/home/johnsmith/Desktop/underwater/flir_spinnaker_driver/install/image_meta_msgs_ros2/lib/python3.8/site-packages:/home/johnsmith/Desktop/underwater/flir_spinnaker_driver/install/camera_control_msgs_ros2/lib/python3.8/site-packages:${PYTHONPATH} /usr/bin/cmake --build /home/johnsmith/Desktop/underwater/flir_spinnaker_driver/build/flir_spinnaker_ros2 -- -j4 -l4
[57.298s] DEBUG:colcon.colcon_core.event_handler.log_command:Invoking command in '/home/johnsmith/Desktop/underwater/flir_spinnaker_driver/build/flir_spinnaker_ros2': AMENT_PREFIX_PATH=/home/johnsmith/Desktop/underwater/flir_spinnaker_driver/install/image_meta_msgs_ros2:/home/johnsmith/Desktop/underwater/flir_spinnaker_driver/install/flir_spinnaker_common:/home/johnsmith/Desktop/underwater/flir_spinnaker_driver/install/camera_control_msgs_ros2:${AMENT_PREFIX_PATH} CMAKE_PREFIX_PATH=/home/johnsmith/Desktop/underwater/flir_spinnaker_driver/install/image_meta_msgs_ros2:/home/johnsmith/Desktop/underwater/flir_spinnaker_driver/install/flir_spinnaker_common:/home/johnsmith/Desktop/underwater/flir_spinnaker_driver/install/camera_control_msgs_ros2:/opt/ros/foxy LD_LIBRARY_PATH=/home/johnsmith/Desktop/underwater/flir_spinnaker_driver/install/image_meta_msgs_ros2/lib:/home/johnsmith/Desktop/underwater/flir_spinnaker_driver/install/flir_spinnaker_common/lib:/home/johnsmith/Desktop/underwater/flir_spinnaker_driver/install/camera_control_msgs_ros2/lib:/opt/ros/foxy/opt/yaml_cpp_vendor/lib:/opt/ros/foxy/opt/rviz_ogre_vendor/lib:/opt/ros/foxy/lib/aarch64-linux-gnu:/opt/ros/foxy/lib:/usr/local/cuda-11.4/lib64 PYTHONPATH=/home/johnsmith/Desktop/underwater/flir_spinnaker_driver/install/image_meta_msgs_ros2/lib/python3.8/site-packages:/home/johnsmith/Desktop/underwater/flir_spinnaker_driver/install/camera_control_msgs_ros2/lib/python3.8/site-packages:${PYTHONPATH} /usr/bin/cmake --install /home/johnsmith/Desktop/underwater/flir_spinnaker_driver/build/flir_spinnaker_ros2
[57.913s] Level 1:colcon.colcon_core.environment:create_environment_scripts_only(flir_spinnaker_ros2)
[57.918s] Level 1:colcon.colcon_core.environment:checking '/home/johnsmith/Desktop/underwater/flir_spinnaker_driver/install/flir_spinnaker_ros2' for CMake module files
[57.919s] DEBUG:colcon.colcon_core.event_handler.log_command:Invoked command in '/home/johnsmith/Desktop/underwater/flir_spinnaker_driver/build/flir_spinnaker_ros2' returned '0': AMENT_PREFIX_PATH=/home/johnsmith/Desktop/underwater/flir_spinnaker_driver/install/image_meta_msgs_ros2:/home/johnsmith/Desktop/underwater/flir_spinnaker_driver/install/flir_spinnaker_common:/home/johnsmith/Desktop/underwater/flir_spinnaker_driver/install/camera_control_msgs_ros2:${AMENT_PREFIX_PATH} CMAKE_PREFIX_PATH=/home/johnsmith/Desktop/underwater/flir_spinnaker_driver/install/image_meta_msgs_ros2:/home/johnsmith/Desktop/underwater/flir_spinnaker_driver/install/flir_spinnaker_common:/home/johnsmith/Desktop/underwater/flir_spinnaker_driver/install/camera_control_msgs_ros2:/opt/ros/foxy LD_LIBRARY_PATH=/home/johnsmith/Desktop/underwater/flir_spinnaker_driver/install/image_meta_msgs_ros2/lib:/home/johnsmith/Desktop/underwater/flir_spinnaker_driver/install/flir_spinnaker_common/lib:/home/johnsmith/Desktop/underwater/flir_spinnaker_driver/install/camera_control_msgs_ros2/lib:/opt/ros/foxy/opt/yaml_cpp_vendor/lib:/opt/ros/foxy/opt/rviz_ogre_vendor/lib:/opt/ros/foxy/lib/aarch64-linux-gnu:/opt/ros/foxy/lib:/usr/local/cuda-11.4/lib64 PYTHONPATH=/home/johnsmith/Desktop/underwater/flir_spinnaker_driver/install/image_meta_msgs_ros2/lib/python3.8/site-packages:/home/johnsmith/Desktop/underwater/flir_spinnaker_driver/install/camera_control_msgs_ros2/lib/python3.8/site-packages:${PYTHONPATH} /usr/bin/cmake --install /home/johnsmith/Desktop/underwater/flir_spinnaker_driver/build/flir_spinnaker_ros2
[57.920s] Level 1:colcon.colcon_core.environment:checking '/home/johnsmith/Desktop/underwater/flir_spinnaker_driver/install/flir_spinnaker_ros2' for CMake config files
[57.921s] Level 1:colcon.colcon_core.shell:create_environment_hook('flir_spinnaker_ros2', 'cmake_prefix_path')
[57.924s] INFO:colcon.colcon_core.shell:Creating environment hook '/home/johnsmith/Desktop/underwater/flir_spinnaker_driver/install/flir_spinnaker_ros2/share/flir_spinnaker_ros2/hook/cmake_prefix_path.ps1'
[57.925s] INFO:colcon.colcon_core.shell:Creating environment descriptor '/home/johnsmith/Desktop/underwater/flir_spinnaker_driver/install/flir_spinnaker_ros2/share/flir_spinnaker_ros2/hook/cmake_prefix_path.dsv'
[57.926s] INFO:colcon.colcon_core.shell:Creating environment hook '/home/johnsmith/Desktop/underwater/flir_spinnaker_driver/install/flir_spinnaker_ros2/share/flir_spinnaker_ros2/hook/cmake_prefix_path.sh'
[57.927s] Level 1:colcon.colcon_core.environment:checking '/home/johnsmith/Desktop/underwater/flir_spinnaker_driver/install/flir_spinnaker_ros2/lib'
[57.927s] Level 1:colcon.colcon_core.shell:create_environment_hook('flir_spinnaker_ros2', 'ld_library_path_lib')
[57.929s] INFO:colcon.colcon_core.shell:Creating environment hook '/home/johnsmith/Desktop/underwater/flir_spinnaker_driver/install/flir_spinnaker_ros2/share/flir_spinnaker_ros2/hook/ld_library_path_lib.ps1'
[57.930s] INFO:colcon.colcon_core.shell:Creating environment descriptor '/home/johnsmith/Desktop/underwater/flir_spinnaker_driver/install/flir_spinnaker_ros2/share/flir_spinnaker_ros2/hook/ld_library_path_lib.dsv'
[57.931s] INFO:colcon.colcon_core.shell:Creating environment hook '/home/johnsmith/Desktop/underwater/flir_spinnaker_driver/install/flir_spinnaker_ros2/share/flir_spinnaker_ros2/hook/ld_library_path_lib.sh'
[57.931s] Level 1:colcon.colcon_core.environment:checking '/home/johnsmith/Desktop/underwater/flir_spinnaker_driver/install/flir_spinnaker_ros2/bin'
[57.932s] Level 1:colcon.colcon_core.environment:checking '/home/johnsmith/Desktop/underwater/flir_spinnaker_driver/install/flir_spinnaker_ros2/lib/pkgconfig/flir_spinnaker_ros2.pc'
[57.932s] Level 1:colcon.colcon_core.environment:checking '/home/johnsmith/Desktop/underwater/flir_spinnaker_driver/install/flir_spinnaker_ros2/lib/python3.8/site-packages'
[57.932s] Level 1:colcon.colcon_core.environment:checking '/home/johnsmith/Desktop/underwater/flir_spinnaker_driver/install/flir_spinnaker_ros2/bin'
[57.935s] INFO:colcon.colcon_core.shell:Creating package script '/home/johnsmith/Desktop/underwater/flir_spinnaker_driver/install/flir_spinnaker_ros2/share/flir_spinnaker_ros2/package.ps1'
[57.936s] INFO:colcon.colcon_core.shell:Creating package descriptor '/home/johnsmith/Desktop/underwater/flir_spinnaker_driver/install/flir_spinnaker_ros2/share/flir_spinnaker_ros2/package.dsv'
[57.937s] INFO:colcon.colcon_core.shell:Creating package script '/home/johnsmith/Desktop/underwater/flir_spinnaker_driver/install/flir_spinnaker_ros2/share/flir_spinnaker_ros2/package.sh'
[57.938s] INFO:colcon.colcon_core.shell:Creating package script '/home/johnsmith/Desktop/underwater/flir_spinnaker_driver/install/flir_spinnaker_ros2/share/flir_spinnaker_ros2/package.bash'
[57.939s] INFO:colcon.colcon_core.shell:Creating package script '/home/johnsmith/Desktop/underwater/flir_spinnaker_driver/install/flir_spinnaker_ros2/share/flir_spinnaker_ros2/package.zsh'
[57.940s] Level 1:colcon.colcon_core.environment:create_file_with_runtime_dependencies(/home/johnsmith/Desktop/underwater/flir_spinnaker_driver/install/flir_spinnaker_ros2/share/colcon-core/packages/flir_spinnaker_ros2)
[57.989s] Level 1:colcon.colcon_core.environment:create_environment_scripts_only(flir_spinnaker_ros2)
[57.992s] Level 1:colcon.colcon_core.environment:checking '/home/johnsmith/Desktop/underwater/flir_spinnaker_driver/install/flir_spinnaker_ros2' for CMake module files
[57.994s] Level 1:colcon.colcon_core.environment:checking '/home/johnsmith/Desktop/underwater/flir_spinnaker_driver/install/flir_spinnaker_ros2' for CMake config files
[57.994s] Level 1:colcon.colcon_core.shell:create_environment_hook('flir_spinnaker_ros2', 'cmake_prefix_path')
[57.998s] INFO:colcon.colcon_core.shell:Creating environment hook '/home/johnsmith/Desktop/underwater/flir_spinnaker_driver/install/flir_spinnaker_ros2/share/flir_spinnaker_ros2/hook/cmake_prefix_path.ps1'
[57.999s] INFO:colcon.colcon_core.shell:Creating environment descriptor '/home/johnsmith/Desktop/underwater/flir_spinnaker_driver/install/flir_spinnaker_ros2/share/flir_spinnaker_ros2/hook/cmake_prefix_path.dsv'
[58.000s] INFO:colcon.colcon_core.shell:Creating environment hook '/home/johnsmith/Desktop/underwater/flir_spinnaker_driver/install/flir_spinnaker_ros2/share/flir_spinnaker_ros2/hook/cmake_prefix_path.sh'
[58.001s] Level 1:colcon.colcon_core.environment:checking '/home/johnsmith/Desktop/underwater/flir_spinnaker_driver/install/flir_spinnaker_ros2/lib'
[58.001s] Level 1:colcon.colcon_core.shell:create_environment_hook('flir_spinnaker_ros2', 'ld_library_path_lib')
[58.004s] INFO:colcon.colcon_core.shell:Creating environment hook '/home/johnsmith/Desktop/underwater/flir_spinnaker_driver/install/flir_spinnaker_ros2/share/flir_spinnaker_ros2/hook/ld_library_path_lib.ps1'
[58.005s] INFO:colcon.colcon_core.shell:Creating environment descriptor '/home/johnsmith/Desktop/underwater/flir_spinnaker_driver/install/flir_spinnaker_ros2/share/flir_spinnaker_ros2/hook/ld_library_path_lib.dsv'
[58.005s] INFO:colcon.colcon_core.shell:Creating environment hook '/home/johnsmith/Desktop/underwater/flir_spinnaker_driver/install/flir_spinnaker_ros2/share/flir_spinnaker_ros2/hook/ld_library_path_lib.sh'
[58.006s] Level 1:colcon.colcon_core.environment:checking '/home/johnsmith/Desktop/underwater/flir_spinnaker_driver/install/flir_spinnaker_ros2/bin'
[58.006s] Level 1:colcon.colcon_core.environment:checking '/home/johnsmith/Desktop/underwater/flir_spinnaker_driver/install/flir_spinnaker_ros2/lib/pkgconfig/flir_spinnaker_ros2.pc'
[58.007s] Level 1:colcon.colcon_core.environment:checking '/home/johnsmith/Desktop/underwater/flir_spinnaker_driver/install/flir_spinnaker_ros2/lib/python3.8/site-packages'
[58.007s] Level 1:colcon.colcon_core.environment:checking '/home/johnsmith/Desktop/underwater/flir_spinnaker_driver/install/flir_spinnaker_ros2/bin'
[58.010s] INFO:colcon.colcon_core.shell:Creating package script '/home/johnsmith/Desktop/underwater/flir_spinnaker_driver/install/flir_spinnaker_ros2/share/flir_spinnaker_ros2/package.ps1'
[58.011s] INFO:colcon.colcon_core.shell:Creating package descriptor '/home/johnsmith/Desktop/underwater/flir_spinnaker_driver/install/flir_spinnaker_ros2/share/flir_spinnaker_ros2/package.dsv'
[58.012s] INFO:colcon.colcon_core.shell:Creating package script '/home/johnsmith/Desktop/underwater/flir_spinnaker_driver/install/flir_spinnaker_ros2/share/flir_spinnaker_ros2/package.sh'
[58.013s] INFO:colcon.colcon_core.shell:Creating package script '/home/johnsmith/Desktop/underwater/flir_spinnaker_driver/install/flir_spinnaker_ros2/share/flir_spinnaker_ros2/package.bash'
[58.014s] INFO:colcon.colcon_core.shell:Creating package script '/home/johnsmith/Desktop/underwater/flir_spinnaker_driver/install/flir_spinnaker_ros2/share/flir_spinnaker_ros2/package.zsh'
[58.014s] Level 1:colcon.colcon_core.environment:create_file_with_runtime_dependencies(/home/johnsmith/Desktop/underwater/flir_spinnaker_driver/install/flir_spinnaker_ros2/share/colcon-core/packages/flir_spinnaker_ros2)
[58.015s] DEBUG:colcon.colcon_parallel_executor.executor.parallel:closing loop
[58.016s] DEBUG:colcon.colcon_parallel_executor.executor.parallel:loop closed
[58.016s] DEBUG:colcon.colcon_parallel_executor.executor.parallel:run_until_complete finished with '0'
[58.016s] DEBUG:colcon.colcon_core.event_reactor:joining thread
[58.030s] INFO:colcon.colcon_core.plugin_system:Skipping extension 'colcon_notification.desktop_notification.terminal_notifier': Not used on non-Darwin systems
[58.030s] INFO:colcon.colcon_core.plugin_system:Skipping extension 'colcon_notification.desktop_notification.win32': Not used on non-Windows systems
[58.030s] INFO:colcon.colcon_notification.desktop_notification:Sending desktop notification using 'notify2'
[58.063s] DEBUG:colcon.colcon_core.event_reactor:joined thread
[58.066s] INFO:colcon.colcon_core.shell:Creating prefix script '/home/johnsmith/Desktop/underwater/flir_spinnaker_driver/install/local_setup.ps1'
[58.069s] INFO:colcon.colcon_core.shell:Creating prefix util module '/home/johnsmith/Desktop/underwater/flir_spinnaker_driver/install/_local_setup_util_ps1.py'
[58.071s] INFO:colcon.colcon_core.shell:Creating prefix chain script '/home/johnsmith/Desktop/underwater/flir_spinnaker_driver/install/setup.ps1'
[58.074s] INFO:colcon.colcon_core.shell:Creating prefix script '/home/johnsmith/Desktop/underwater/flir_spinnaker_driver/install/local_setup.sh'
[58.075s] INFO:colcon.colcon_core.shell:Creating prefix util module '/home/johnsmith/Desktop/underwater/flir_spinnaker_driver/install/_local_setup_util_sh.py'
[58.076s] INFO:colcon.colcon_core.shell:Creating prefix chain script '/home/johnsmith/Desktop/underwater/flir_spinnaker_driver/install/setup.sh'
[58.079s] INFO:colcon.colcon_core.shell:Creating prefix script '/home/johnsmith/Desktop/underwater/flir_spinnaker_driver/install/local_setup.bash'
[58.079s] INFO:colcon.colcon_core.shell:Creating prefix chain script '/home/johnsmith/Desktop/underwater/flir_spinnaker_driver/install/setup.bash'
[58.081s] INFO:colcon.colcon_core.shell:Creating prefix script '/home/johnsmith/Desktop/underwater/flir_spinnaker_driver/install/local_setup.zsh'
[58.082s] INFO:colcon.colcon_core.shell:Creating prefix chain script '/home/johnsmith/Desktop/underwater/flir_spinnaker_driver/install/setup.zsh'
