[1.254s] Invoking command in '/home/johnsmith/Desktop/underwater/ros_ws/src/imu_publisher': PYTHONPATH=/home/johnsmith/Desktop/underwater/ros_ws/build/imu_publisher/prefix_override:/home/johnsmith/Desktop/underwater/ros_ws/install/imu_publisher/lib/python3.8/site-packages:${PYTHONPATH} /usr/bin/python3 setup.py egg_info --egg-base ../../build/imu_publisher build --build-base /home/johnsmith/Desktop/underwater/ros_ws/build/imu_publisher/build install --record /home/johnsmith/Desktop/underwater/ros_ws/build/imu_publisher/install.log --install-scripts $base/lib/imu_publisher --single-version-externally-managed
[1.684s] running egg_info
[1.684s] writing ../../build/imu_publisher/imu_publisher.egg-info/PKG-INFO
[1.686s] writing dependency_links to ../../build/imu_publisher/imu_publisher.egg-info/dependency_links.txt
[1.686s] writing entry points to ../../build/imu_publisher/imu_publisher.egg-info/entry_points.txt
[1.686s] writing requirements to ../../build/imu_publisher/imu_publisher.egg-info/requires.txt
[1.687s] writing top-level names to ../../build/imu_publisher/imu_publisher.egg-info/top_level.txt
[1.747s] reading manifest file '../../build/imu_publisher/imu_publisher.egg-info/SOURCES.txt'
[1.749s] writing manifest file '../../build/imu_publisher/imu_publisher.egg-info/SOURCES.txt'
[1.750s] running build
[1.750s] running build_py
[1.750s] copying imu_publisher/imu_publisher_node.py -> /home/johnsmith/Desktop/underwater/ros_ws/build/imu_publisher/build/lib/imu_publisher
[1.751s] running install
[1.754s] running install_lib
[1.756s] copying /home/johnsmith/Desktop/underwater/ros_ws/build/imu_publisher/build/lib/imu_publisher/imu_publisher_node.py -> /home/johnsmith/Desktop/underwater/ros_ws/install/imu_publisher/lib/python3.8/site-packages/imu_publisher
[1.757s] byte-compiling /home/johnsmith/Desktop/underwater/ros_ws/install/imu_publisher/lib/python3.8/site-packages/imu_publisher/imu_publisher_node.py to imu_publisher_node.cpython-38.pyc
[1.761s] running install_data
[1.762s] running install_egg_info
[1.765s] removing '/home/johnsmith/Desktop/underwater/ros_ws/install/imu_publisher/lib/python3.8/site-packages/imu_publisher-0.0.0-py3.8.egg-info' (and everything under it)
[1.771s] Copying ../../build/imu_publisher/imu_publisher.egg-info to /home/johnsmith/Desktop/underwater/ros_ws/install/imu_publisher/lib/python3.8/site-packages/imu_publisher-0.0.0-py3.8.egg-info
[1.772s] running install_scripts
[1.806s] Installing imu_publisher_node script to /home/johnsmith/Desktop/underwater/ros_ws/install/imu_publisher/lib/imu_publisher
[1.816s] writing list of installed files to '/home/johnsmith/Desktop/underwater/ros_ws/build/imu_publisher/install.log'
[1.881s] Invoked command in '/home/johnsmith/Desktop/underwater/ros_ws/src/imu_publisher' returned '0': PYTHONPATH=/home/johnsmith/Desktop/underwater/ros_ws/build/imu_publisher/prefix_override:/home/johnsmith/Desktop/underwater/ros_ws/install/imu_publisher/lib/python3.8/site-packages:${PYTHONPATH} /usr/bin/python3 setup.py egg_info --egg-base ../../build/imu_publisher build --build-base /home/johnsmith/Desktop/underwater/ros_ws/build/imu_publisher/build install --record /home/johnsmith/Desktop/underwater/ros_ws/build/imu_publisher/install.log --install-scripts $base/lib/imu_publisher --single-version-externally-managed
