[0.636s] DEBUG:colcon:Command line arguments: ['/usr/bin/colcon', 'build', '--symlink-install', '--cmake-args', '-DCMAKE_BUILD_TYPE=RelWithDebInfo', '-DCMAKE_EXPORT_COMPILE_COMMANDS=ON']
[0.636s] DEBUG:colcon:Parsed command line arguments: Namespace(allow_overriding=[], ament_cmake_args=None, base_paths=['.'], build_base='build', catkin_cmake_args=None, catkin_skip_building_tests=False, cmake_args=['-DCMAKE_BUILD_TYPE=RelWithDebInfo', '-DCMAKE_EXPORT_COMPILE_COMMANDS=ON'], cmake_clean_cache=False, cmake_clean_first=False, cmake_force_configure=False, cmake_target=None, cmake_target_skip_unavailable=False, continue_on_error=False, event_handlers=None, executor='parallel', ignore_user_meta=False, install_base='install', log_base=None, log_level=None, main=<bound method BuildVerb.main of <colcon_core.verb.build.BuildVerb object at 0xffffa6fca7c0>>, merge_install=False, metas=['./colcon.meta'], packages_above=None, packages_above_and_dependencies=None, packages_above_depth=None, packages_end=None, packages_ignore=None, packages_ignore_regex=None, packages_select=None, packages_select_build_failed=False, packages_select_by_dep=None, packages_select_regex=None, packages_select_test_failures=False, packages_skip=None, packages_skip_build_finished=False, packages_skip_by_dep=None, packages_skip_regex=None, packages_skip_test_passed=False, packages_skip_up_to=None, packages_start=None, packages_up_to=None, packages_up_to_regex=None, parallel_workers=4, paths=None, symlink_install=True, test_result_base=None, verb_extension=<colcon_core.verb.build.BuildVerb object at 0xffffa6fca7c0>, verb_name='build', verb_parser=<colcon_defaults.argument_parser.defaults.DefaultArgumentsDecorator object at 0xffffa6fcad30>)
[0.706s] Level 1:colcon.colcon_core.package_discovery:discover_packages(colcon_meta) check parameters
[0.706s] Level 1:colcon.colcon_core.package_discovery:discover_packages(recursive) check parameters
[0.707s] Level 1:colcon.colcon_core.package_discovery:discover_packages(ignore) check parameters
[0.707s] Level 1:colcon.colcon_core.package_discovery:discover_packages(path) check parameters
[0.707s] Level 1:colcon.colcon_core.package_discovery:discover_packages(colcon_meta) discover
[0.707s] Level 1:colcon.colcon_core.package_discovery:discover_packages(recursive) discover
[0.707s] INFO:colcon.colcon_core.package_discovery:Crawling recursively for packages in '/home/johnsmith/Desktop/underwater/flir_spinnaker_driver'
[0.707s] Level 1:colcon.colcon_core.package_identification:_identify(.) by extensions ['ignore', 'ignore_ament_install']
[0.708s] Level 1:colcon.colcon_core.package_identification:_identify(.) by extension 'ignore'
[0.708s] Level 1:colcon.colcon_core.package_identification:_identify(.) by extension 'ignore_ament_install'
[0.708s] Level 1:colcon.colcon_core.package_identification:_identify(.) by extensions ['colcon_pkg']
[0.708s] Level 1:colcon.colcon_core.package_identification:_identify(.) by extension 'colcon_pkg'
[0.708s] Level 1:colcon.colcon_core.package_identification:_identify(.) by extensions ['colcon_meta']
[0.708s] Level 1:colcon.colcon_core.package_identification:_identify(.) by extension 'colcon_meta'
[0.708s] Level 1:colcon.colcon_core.package_identification:_identify(.) by extensions ['ros']
[0.708s] Level 1:colcon.colcon_core.package_identification:_identify(.) by extension 'ros'
[0.756s] Level 1:colcon.colcon_core.package_identification:_identify(.) by extensions ['cmake', 'python']
[0.756s] Level 1:colcon.colcon_core.package_identification:_identify(.) by extension 'cmake'
[0.756s] Level 1:colcon.colcon_core.package_identification:_identify(.) by extension 'python'
[0.756s] Level 1:colcon.colcon_core.package_identification:_identify(.) by extensions ['python_setup_py']
[0.756s] Level 1:colcon.colcon_core.package_identification:_identify(.) by extension 'python_setup_py'
[0.757s] Level 1:colcon.colcon_core.package_identification:_identify(build) by extensions ['ignore', 'ignore_ament_install']
[0.757s] Level 1:colcon.colcon_core.package_identification:_identify(build) by extension 'ignore'
[0.757s] Level 1:colcon.colcon_core.package_identification:_identify(build) ignored
[0.757s] Level 1:colcon.colcon_core.package_identification:_identify(install) by extensions ['ignore', 'ignore_ament_install']
[0.758s] Level 1:colcon.colcon_core.package_identification:_identify(install) by extension 'ignore'
[0.758s] Level 1:colcon.colcon_core.package_identification:_identify(install) ignored
[0.758s] Level 1:colcon.colcon_core.package_identification:_identify(log) by extensions ['ignore', 'ignore_ament_install']
[0.758s] Level 1:colcon.colcon_core.package_identification:_identify(log) by extension 'ignore'
[0.758s] Level 1:colcon.colcon_core.package_identification:_identify(log) ignored
[0.758s] Level 1:colcon.colcon_core.package_identification:_identify(src) by extensions ['ignore', 'ignore_ament_install']
[0.758s] Level 1:colcon.colcon_core.package_identification:_identify(src) by extension 'ignore'
[0.759s] Level 1:colcon.colcon_core.package_identification:_identify(src) by extension 'ignore_ament_install'
[0.759s] Level 1:colcon.colcon_core.package_identification:_identify(src) by extensions ['colcon_pkg']
[0.759s] Level 1:colcon.colcon_core.package_identification:_identify(src) by extension 'colcon_pkg'
[0.759s] Level 1:colcon.colcon_core.package_identification:_identify(src) by extensions ['colcon_meta']
[0.759s] Level 1:colcon.colcon_core.package_identification:_identify(src) by extension 'colcon_meta'
[0.759s] Level 1:colcon.colcon_core.package_identification:_identify(src) by extensions ['ros']
[0.759s] Level 1:colcon.colcon_core.package_identification:_identify(src) by extension 'ros'
[0.759s] Level 1:colcon.colcon_core.package_identification:_identify(src) by extensions ['cmake', 'python']
[0.759s] Level 1:colcon.colcon_core.package_identification:_identify(src) by extension 'cmake'
[0.760s] Level 1:colcon.colcon_core.package_identification:_identify(src) by extension 'python'
[0.760s] Level 1:colcon.colcon_core.package_identification:_identify(src) by extensions ['python_setup_py']
[0.760s] Level 1:colcon.colcon_core.package_identification:_identify(src) by extension 'python_setup_py'
[0.760s] Level 1:colcon.colcon_core.package_identification:_identify(src/camera_control_msgs_ros2) by extensions ['ignore', 'ignore_ament_install']
[0.760s] Level 1:colcon.colcon_core.package_identification:_identify(src/camera_control_msgs_ros2) by extension 'ignore'
[0.760s] Level 1:colcon.colcon_core.package_identification:_identify(src/camera_control_msgs_ros2) by extension 'ignore_ament_install'
[0.760s] Level 1:colcon.colcon_core.package_identification:_identify(src/camera_control_msgs_ros2) by extensions ['colcon_pkg']
[0.760s] Level 1:colcon.colcon_core.package_identification:_identify(src/camera_control_msgs_ros2) by extension 'colcon_pkg'
[0.760s] Level 1:colcon.colcon_core.package_identification:_identify(src/camera_control_msgs_ros2) by extensions ['colcon_meta']
[0.761s] Level 1:colcon.colcon_core.package_identification:_identify(src/camera_control_msgs_ros2) by extension 'colcon_meta'
[0.761s] Level 1:colcon.colcon_core.package_identification:_identify(src/camera_control_msgs_ros2) by extensions ['ros']
[0.761s] Level 1:colcon.colcon_core.package_identification:_identify(src/camera_control_msgs_ros2) by extension 'ros'
[0.767s] DEBUG:colcon.colcon_core.package_identification:Package 'src/camera_control_msgs_ros2' with type 'ros.ament_cmake' and name 'camera_control_msgs_ros2'
[0.767s] Level 1:colcon.colcon_core.package_identification:_identify(src/flir_spinnaker_common) by extensions ['ignore', 'ignore_ament_install']
[0.767s] Level 1:colcon.colcon_core.package_identification:_identify(src/flir_spinnaker_common) by extension 'ignore'
[0.767s] Level 1:colcon.colcon_core.package_identification:_identify(src/flir_spinnaker_common) by extension 'ignore_ament_install'
[0.768s] Level 1:colcon.colcon_core.package_identification:_identify(src/flir_spinnaker_common) by extensions ['colcon_pkg']
[0.768s] Level 1:colcon.colcon_core.package_identification:_identify(src/flir_spinnaker_common) by extension 'colcon_pkg'
[0.768s] Level 1:colcon.colcon_core.package_identification:_identify(src/flir_spinnaker_common) by extensions ['colcon_meta']
[0.768s] Level 1:colcon.colcon_core.package_identification:_identify(src/flir_spinnaker_common) by extension 'colcon_meta'
[0.768s] Level 1:colcon.colcon_core.package_identification:_identify(src/flir_spinnaker_common) by extensions ['ros']
[0.768s] Level 1:colcon.colcon_core.package_identification:_identify(src/flir_spinnaker_common) by extension 'ros'
[0.769s] DEBUG:colcon.colcon_core.package_identification:Package 'src/flir_spinnaker_common' with type 'ros.ament_cmake' and name 'flir_spinnaker_common'
[0.769s] Level 1:colcon.colcon_core.package_identification:_identify(src/flir_spinnaker_ros2) by extensions ['ignore', 'ignore_ament_install']
[0.770s] Level 1:colcon.colcon_core.package_identification:_identify(src/flir_spinnaker_ros2) by extension 'ignore'
[0.770s] Level 1:colcon.colcon_core.package_identification:_identify(src/flir_spinnaker_ros2) by extension 'ignore_ament_install'
[0.770s] Level 1:colcon.colcon_core.package_identification:_identify(src/flir_spinnaker_ros2) by extensions ['colcon_pkg']
[0.770s] Level 1:colcon.colcon_core.package_identification:_identify(src/flir_spinnaker_ros2) by extension 'colcon_pkg'
[0.770s] Level 1:colcon.colcon_core.package_identification:_identify(src/flir_spinnaker_ros2) by extensions ['colcon_meta']
[0.770s] Level 1:colcon.colcon_core.package_identification:_identify(src/flir_spinnaker_ros2) by extension 'colcon_meta'
[0.770s] Level 1:colcon.colcon_core.package_identification:_identify(src/flir_spinnaker_ros2) by extensions ['ros']
[0.770s] Level 1:colcon.colcon_core.package_identification:_identify(src/flir_spinnaker_ros2) by extension 'ros'
[0.773s] DEBUG:colcon.colcon_core.package_identification:Package 'src/flir_spinnaker_ros2' with type 'ros.ament_cmake' and name 'flir_spinnaker_ros2'
[0.773s] Level 1:colcon.colcon_core.package_identification:_identify(src/image_meta_msgs_ros2) by extensions ['ignore', 'ignore_ament_install']
[0.773s] Level 1:colcon.colcon_core.package_identification:_identify(src/image_meta_msgs_ros2) by extension 'ignore'
[0.773s] Level 1:colcon.colcon_core.package_identification:_identify(src/image_meta_msgs_ros2) by extension 'ignore_ament_install'
[0.773s] Level 1:colcon.colcon_core.package_identification:_identify(src/image_meta_msgs_ros2) by extensions ['colcon_pkg']
[0.774s] Level 1:colcon.colcon_core.package_identification:_identify(src/image_meta_msgs_ros2) by extension 'colcon_pkg'
[0.774s] Level 1:colcon.colcon_core.package_identification:_identify(src/image_meta_msgs_ros2) by extensions ['colcon_meta']
[0.774s] Level 1:colcon.colcon_core.package_identification:_identify(src/image_meta_msgs_ros2) by extension 'colcon_meta'
[0.774s] Level 1:colcon.colcon_core.package_identification:_identify(src/image_meta_msgs_ros2) by extensions ['ros']
[0.774s] Level 1:colcon.colcon_core.package_identification:_identify(src/image_meta_msgs_ros2) by extension 'ros'
[0.775s] DEBUG:colcon.colcon_core.package_identification:Package 'src/image_meta_msgs_ros2' with type 'ros.ament_cmake' and name 'image_meta_msgs_ros2'
[0.775s] Level 1:colcon.colcon_core.package_discovery:discover_packages(recursive) using defaults
[0.775s] Level 1:colcon.colcon_core.package_discovery:discover_packages(ignore) discover
[0.775s] Level 1:colcon.colcon_core.package_discovery:discover_packages(ignore) using defaults
[0.775s] Level 1:colcon.colcon_core.package_discovery:discover_packages(path) discover
[0.776s] Level 1:colcon.colcon_core.package_discovery:discover_packages(path) using defaults
[0.822s] Level 1:colcon.colcon_core.package_discovery:discover_packages(prefix_path) check parameters
[0.822s] Level 1:colcon.colcon_core.package_discovery:discover_packages(prefix_path) discover
[0.830s] DEBUG:colcon.colcon_installed_package_information.package_discovery:Found 256 installed packages in /opt/ros/foxy
[0.833s] Level 1:colcon.colcon_core.package_discovery:discover_packages(prefix_path) using defaults
[0.968s] Level 5:colcon.colcon_core.verb:set package 'camera_control_msgs_ros2' build argument 'cmake_args' from command line to '['-DCMAKE_BUILD_TYPE=RelWithDebInfo', '-DCMAKE_EXPORT_COMPILE_COMMANDS=ON']'
[0.968s] Level 5:colcon.colcon_core.verb:set package 'camera_control_msgs_ros2' build argument 'cmake_target' from command line to 'None'
[0.968s] Level 5:colcon.colcon_core.verb:set package 'camera_control_msgs_ros2' build argument 'cmake_target_skip_unavailable' from command line to 'False'
[0.968s] Level 5:colcon.colcon_core.verb:set package 'camera_control_msgs_ros2' build argument 'cmake_clean_cache' from command line to 'False'
[0.968s] Level 5:colcon.colcon_core.verb:set package 'camera_control_msgs_ros2' build argument 'cmake_clean_first' from command line to 'False'
[0.968s] Level 5:colcon.colcon_core.verb:set package 'camera_control_msgs_ros2' build argument 'cmake_force_configure' from command line to 'False'
[0.968s] Level 5:colcon.colcon_core.verb:set package 'camera_control_msgs_ros2' build argument 'ament_cmake_args' from command line to 'None'
[0.968s] Level 5:colcon.colcon_core.verb:set package 'camera_control_msgs_ros2' build argument 'catkin_cmake_args' from command line to 'None'
[0.968s] Level 5:colcon.colcon_core.verb:set package 'camera_control_msgs_ros2' build argument 'catkin_skip_building_tests' from command line to 'False'
[0.969s] DEBUG:colcon.colcon_core.verb:Building package 'camera_control_msgs_ros2' with the following arguments: {'ament_cmake_args': None, 'build_base': '/home/johnsmith/Desktop/underwater/flir_spinnaker_driver/build/camera_control_msgs_ros2', 'catkin_cmake_args': None, 'catkin_skip_building_tests': False, 'cmake_args': ['-DCMAKE_BUILD_TYPE=RelWithDebInfo', '-DCMAKE_EXPORT_COMPILE_COMMANDS=ON'], 'cmake_clean_cache': False, 'cmake_clean_first': False, 'cmake_force_configure': False, 'cmake_target': None, 'cmake_target_skip_unavailable': False, 'install_base': '/home/johnsmith/Desktop/underwater/flir_spinnaker_driver/install/camera_control_msgs_ros2', 'merge_install': False, 'path': '/home/johnsmith/Desktop/underwater/flir_spinnaker_driver/src/camera_control_msgs_ros2', 'symlink_install': True, 'test_result_base': None}
[0.970s] Level 5:colcon.colcon_core.verb:set package 'flir_spinnaker_common' build argument 'cmake_args' from command line to '['-DCMAKE_BUILD_TYPE=RelWithDebInfo', '-DCMAKE_EXPORT_COMPILE_COMMANDS=ON']'
[0.970s] Level 5:colcon.colcon_core.verb:set package 'flir_spinnaker_common' build argument 'cmake_target' from command line to 'None'
[0.971s] Level 5:colcon.colcon_core.verb:set package 'flir_spinnaker_common' build argument 'cmake_target_skip_unavailable' from command line to 'False'
[0.971s] Level 5:colcon.colcon_core.verb:set package 'flir_spinnaker_common' build argument 'cmake_clean_cache' from command line to 'False'
[0.971s] Level 5:colcon.colcon_core.verb:set package 'flir_spinnaker_common' build argument 'cmake_clean_first' from command line to 'False'
[0.971s] Level 5:colcon.colcon_core.verb:set package 'flir_spinnaker_common' build argument 'cmake_force_configure' from command line to 'False'
[0.971s] Level 5:colcon.colcon_core.verb:set package 'flir_spinnaker_common' build argument 'ament_cmake_args' from command line to 'None'
[0.971s] Level 5:colcon.colcon_core.verb:set package 'flir_spinnaker_common' build argument 'catkin_cmake_args' from command line to 'None'
[0.971s] Level 5:colcon.colcon_core.verb:set package 'flir_spinnaker_common' build argument 'catkin_skip_building_tests' from command line to 'False'
[0.971s] DEBUG:colcon.colcon_core.verb:Building package 'flir_spinnaker_common' with the following arguments: {'ament_cmake_args': None, 'build_base': '/home/johnsmith/Desktop/underwater/flir_spinnaker_driver/build/flir_spinnaker_common', 'catkin_cmake_args': None, 'catkin_skip_building_tests': False, 'cmake_args': ['-DCMAKE_BUILD_TYPE=RelWithDebInfo', '-DCMAKE_EXPORT_COMPILE_COMMANDS=ON'], 'cmake_clean_cache': False, 'cmake_clean_first': False, 'cmake_force_configure': False, 'cmake_target': None, 'cmake_target_skip_unavailable': False, 'install_base': '/home/johnsmith/Desktop/underwater/flir_spinnaker_driver/install/flir_spinnaker_common', 'merge_install': False, 'path': '/home/johnsmith/Desktop/underwater/flir_spinnaker_driver/src/flir_spinnaker_common', 'symlink_install': True, 'test_result_base': None}
[0.973s] Level 5:colcon.colcon_core.verb:set package 'image_meta_msgs_ros2' build argument 'cmake_args' from command line to '['-DCMAKE_BUILD_TYPE=RelWithDebInfo', '-DCMAKE_EXPORT_COMPILE_COMMANDS=ON']'
[0.973s] Level 5:colcon.colcon_core.verb:set package 'image_meta_msgs_ros2' build argument 'cmake_target' from command line to 'None'
[0.973s] Level 5:colcon.colcon_core.verb:set package 'image_meta_msgs_ros2' build argument 'cmake_target_skip_unavailable' from command line to 'False'
[0.973s] Level 5:colcon.colcon_core.verb:set package 'image_meta_msgs_ros2' build argument 'cmake_clean_cache' from command line to 'False'
[0.973s] Level 5:colcon.colcon_core.verb:set package 'image_meta_msgs_ros2' build argument 'cmake_clean_first' from command line to 'False'
[0.973s] Level 5:colcon.colcon_core.verb:set package 'image_meta_msgs_ros2' build argument 'cmake_force_configure' from command line to 'False'
[0.973s] Level 5:colcon.colcon_core.verb:set package 'image_meta_msgs_ros2' build argument 'ament_cmake_args' from command line to 'None'
[0.973s] Level 5:colcon.colcon_core.verb:set package 'image_meta_msgs_ros2' build argument 'catkin_cmake_args' from command line to 'None'
[0.973s] Level 5:colcon.colcon_core.verb:set package 'image_meta_msgs_ros2' build argument 'catkin_skip_building_tests' from command line to 'False'
[0.973s] DEBUG:colcon.colcon_core.verb:Building package 'image_meta_msgs_ros2' with the following arguments: {'ament_cmake_args': None, 'build_base': '/home/johnsmith/Desktop/underwater/flir_spinnaker_driver/build/image_meta_msgs_ros2', 'catkin_cmake_args': None, 'catkin_skip_building_tests': False, 'cmake_args': ['-DCMAKE_BUILD_TYPE=RelWithDebInfo', '-DCMAKE_EXPORT_COMPILE_COMMANDS=ON'], 'cmake_clean_cache': False, 'cmake_clean_first': False, 'cmake_force_configure': False, 'cmake_target': None, 'cmake_target_skip_unavailable': False, 'install_base': '/home/johnsmith/Desktop/underwater/flir_spinnaker_driver/install/image_meta_msgs_ros2', 'merge_install': False, 'path': '/home/johnsmith/Desktop/underwater/flir_spinnaker_driver/src/image_meta_msgs_ros2', 'symlink_install': True, 'test_result_base': None}
[0.975s] Level 5:colcon.colcon_core.verb:set package 'flir_spinnaker_ros2' build argument 'cmake_args' from command line to '['-DCMAKE_BUILD_TYPE=RelWithDebInfo', '-DCMAKE_EXPORT_COMPILE_COMMANDS=ON']'
[0.975s] Level 5:colcon.colcon_core.verb:set package 'flir_spinnaker_ros2' build argument 'cmake_target' from command line to 'None'
[0.975s] Level 5:colcon.colcon_core.verb:set package 'flir_spinnaker_ros2' build argument 'cmake_target_skip_unavailable' from command line to 'False'
[0.975s] Level 5:colcon.colcon_core.verb:set package 'flir_spinnaker_ros2' build argument 'cmake_clean_cache' from command line to 'False'
[0.975s] Level 5:colcon.colcon_core.verb:set package 'flir_spinnaker_ros2' build argument 'cmake_clean_first' from command line to 'False'
[0.975s] Level 5:colcon.colcon_core.verb:set package 'flir_spinnaker_ros2' build argument 'cmake_force_configure' from command line to 'False'
[0.975s] Level 5:colcon.colcon_core.verb:set package 'flir_spinnaker_ros2' build argument 'ament_cmake_args' from command line to 'None'
[0.975s] Level 5:colcon.colcon_core.verb:set package 'flir_spinnaker_ros2' build argument 'catkin_cmake_args' from command line to 'None'
[0.975s] Level 5:colcon.colcon_core.verb:set package 'flir_spinnaker_ros2' build argument 'catkin_skip_building_tests' from command line to 'False'
[0.975s] DEBUG:colcon.colcon_core.verb:Building package 'flir_spinnaker_ros2' with the following arguments: {'ament_cmake_args': None, 'build_base': '/home/johnsmith/Desktop/underwater/flir_spinnaker_driver/build/flir_spinnaker_ros2', 'catkin_cmake_args': None, 'catkin_skip_building_tests': False, 'cmake_args': ['-DCMAKE_BUILD_TYPE=RelWithDebInfo', '-DCMAKE_EXPORT_COMPILE_COMMANDS=ON'], 'cmake_clean_cache': False, 'cmake_clean_first': False, 'cmake_force_configure': False, 'cmake_target': None, 'cmake_target_skip_unavailable': False, 'install_base': '/home/johnsmith/Desktop/underwater/flir_spinnaker_driver/install/flir_spinnaker_ros2', 'merge_install': False, 'path': '/home/johnsmith/Desktop/underwater/flir_spinnaker_driver/src/flir_spinnaker_ros2', 'symlink_install': True, 'test_result_base': None}
[0.977s] INFO:colcon.colcon_core.executor:Executing jobs using 'parallel' executor
[0.984s] DEBUG:colcon.colcon_parallel_executor.executor.parallel:run_until_complete
[0.984s] INFO:colcon.colcon_ros.task.ament_cmake.build:Building ROS package in '/home/johnsmith/Desktop/underwater/flir_spinnaker_driver/src/camera_control_msgs_ros2' with build type 'ament_cmake'
[0.985s] INFO:colcon.colcon_cmake.task.cmake.build:Building CMake package in '/home/johnsmith/Desktop/underwater/flir_spinnaker_driver/src/camera_control_msgs_ros2'
[0.995s] INFO:colcon.colcon_core.plugin_system:Skipping extension 'colcon_core.shell.bat': Not used on non-Windows systems
[0.996s] INFO:colcon.colcon_core.shell:Skip shell extension 'powershell' for command environment: Not usable outside of PowerShell
[0.996s] DEBUG:colcon.colcon_core.shell:Skip shell extension 'dsv' for command environment
[1.007s] INFO:colcon.colcon_ros.task.ament_cmake.build:Building ROS package in '/home/johnsmith/Desktop/underwater/flir_spinnaker_driver/src/flir_spinnaker_common' with build type 'ament_cmake'
[1.008s] INFO:colcon.colcon_cmake.task.cmake.build:Building CMake package in '/home/johnsmith/Desktop/underwater/flir_spinnaker_driver/src/flir_spinnaker_common'
[1.011s] INFO:colcon.colcon_core.shell:Skip shell extension 'powershell' for command environment: Not usable outside of PowerShell
[1.012s] DEBUG:colcon.colcon_core.shell:Skip shell extension 'dsv' for command environment
[1.025s] INFO:colcon.colcon_ros.task.ament_cmake.build:Building ROS package in '/home/johnsmith/Desktop/underwater/flir_spinnaker_driver/src/image_meta_msgs_ros2' with build type 'ament_cmake'
[1.026s] INFO:colcon.colcon_cmake.task.cmake.build:Building CMake package in '/home/johnsmith/Desktop/underwater/flir_spinnaker_driver/src/image_meta_msgs_ros2'
[1.030s] INFO:colcon.colcon_core.shell:Skip shell extension 'powershell' for command environment: Not usable outside of PowerShell
[1.030s] DEBUG:colcon.colcon_core.shell:Skip shell extension 'dsv' for command environment
[1.048s] DEBUG:colcon.colcon_core.event_handler.log_command:Invoking command in '/home/johnsmith/Desktop/underwater/flir_spinnaker_driver/build/camera_control_msgs_ros2': CMAKE_PREFIX_PATH=/opt/ros/foxy /usr/bin/cmake /home/johnsmith/Desktop/underwater/flir_spinnaker_driver/src/camera_control_msgs_ros2 -DCMAKE_BUILD_TYPE=RelWithDebInfo -DCMAKE_EXPORT_COMPILE_COMMANDS=ON -DAMENT_CMAKE_SYMLINK_INSTALL=1 -DCMAKE_INSTALL_PREFIX=/home/johnsmith/Desktop/underwater/flir_spinnaker_driver/install/camera_control_msgs_ros2
[1.061s] DEBUG:colcon.colcon_core.event_handler.log_command:Invoking command in '/home/johnsmith/Desktop/underwater/flir_spinnaker_driver/build/flir_spinnaker_common': CMAKE_PREFIX_PATH=/opt/ros/foxy /usr/bin/cmake /home/johnsmith/Desktop/underwater/flir_spinnaker_driver/src/flir_spinnaker_common -DCMAKE_BUILD_TYPE=RelWithDebInfo -DCMAKE_EXPORT_COMPILE_COMMANDS=ON -DAMENT_CMAKE_SYMLINK_INSTALL=1 -DCMAKE_INSTALL_PREFIX=/home/johnsmith/Desktop/underwater/flir_spinnaker_driver/install/flir_spinnaker_common
[1.068s] DEBUG:colcon.colcon_core.event_handler.log_command:Invoking command in '/home/johnsmith/Desktop/underwater/flir_spinnaker_driver/build/image_meta_msgs_ros2': CMAKE_PREFIX_PATH=/opt/ros/foxy /usr/bin/cmake /home/johnsmith/Desktop/underwater/flir_spinnaker_driver/src/image_meta_msgs_ros2 -DCMAKE_BUILD_TYPE=RelWithDebInfo -DCMAKE_EXPORT_COMPILE_COMMANDS=ON -DAMENT_CMAKE_SYMLINK_INSTALL=1 -DCMAKE_INSTALL_PREFIX=/home/johnsmith/Desktop/underwater/flir_spinnaker_driver/install/image_meta_msgs_ros2
[2.229s] DEBUG:colcon.colcon_core.event_handler.log_command:Invoked command in '/home/johnsmith/Desktop/underwater/flir_spinnaker_driver/build/flir_spinnaker_common' returned '1': CMAKE_PREFIX_PATH=/opt/ros/foxy /usr/bin/cmake /home/johnsmith/Desktop/underwater/flir_spinnaker_driver/src/flir_spinnaker_common -DCMAKE_BUILD_TYPE=RelWithDebInfo -DCMAKE_EXPORT_COMPILE_COMMANDS=ON -DAMENT_CMAKE_SYMLINK_INSTALL=1 -DCMAKE_INSTALL_PREFIX=/home/johnsmith/Desktop/underwater/flir_spinnaker_driver/install/flir_spinnaker_common
[2.259s] Level 1:colcon.colcon_core.environment:create_environment_scripts_only(flir_spinnaker_common)
[2.273s] Level 1:colcon.colcon_core.environment:checking '/home/johnsmith/Desktop/underwater/flir_spinnaker_driver/install/flir_spinnaker_common' for CMake module files
[2.274s] Level 1:colcon.colcon_core.environment:checking '/home/johnsmith/Desktop/underwater/flir_spinnaker_driver/install/flir_spinnaker_common' for CMake config files
[2.275s] Level 1:colcon.colcon_core.environment:checking '/home/johnsmith/Desktop/underwater/flir_spinnaker_driver/install/flir_spinnaker_common/bin'
[2.275s] Level 1:colcon.colcon_core.environment:checking '/home/johnsmith/Desktop/underwater/flir_spinnaker_driver/install/flir_spinnaker_common/lib/pkgconfig/flir_spinnaker_common.pc'
[2.276s] Level 1:colcon.colcon_core.environment:checking '/home/johnsmith/Desktop/underwater/flir_spinnaker_driver/install/flir_spinnaker_common/lib/python3.8/site-packages'
[2.276s] Level 1:colcon.colcon_core.environment:checking '/home/johnsmith/Desktop/underwater/flir_spinnaker_driver/install/flir_spinnaker_common/bin'
[2.279s] INFO:colcon.colcon_core.shell:Creating package script '/home/johnsmith/Desktop/underwater/flir_spinnaker_driver/install/flir_spinnaker_common/share/flir_spinnaker_common/package.ps1'
[2.281s] INFO:colcon.colcon_core.shell:Creating package descriptor '/home/johnsmith/Desktop/underwater/flir_spinnaker_driver/install/flir_spinnaker_common/share/flir_spinnaker_common/package.dsv'
[2.282s] INFO:colcon.colcon_core.shell:Creating package script '/home/johnsmith/Desktop/underwater/flir_spinnaker_driver/install/flir_spinnaker_common/share/flir_spinnaker_common/package.sh'
[2.284s] INFO:colcon.colcon_core.shell:Creating package script '/home/johnsmith/Desktop/underwater/flir_spinnaker_driver/install/flir_spinnaker_common/share/flir_spinnaker_common/package.bash'
[2.285s] INFO:colcon.colcon_core.shell:Creating package script '/home/johnsmith/Desktop/underwater/flir_spinnaker_driver/install/flir_spinnaker_common/share/flir_spinnaker_common/package.zsh'
[2.288s] Level 1:colcon.colcon_core.environment:create_file_with_runtime_dependencies(/home/johnsmith/Desktop/underwater/flir_spinnaker_driver/install/flir_spinnaker_common/share/colcon-core/packages/flir_spinnaker_common)
[4.320s] DEBUG:colcon.colcon_parallel_executor.executor.parallel:closing loop
[4.320s] DEBUG:colcon.colcon_parallel_executor.executor.parallel:loop closed
[4.320s] DEBUG:colcon.colcon_parallel_executor.executor.parallel:run_until_complete finished with '1'
[4.321s] DEBUG:colcon.colcon_core.event_reactor:joining thread
[4.336s] INFO:colcon.colcon_core.plugin_system:Skipping extension 'colcon_notification.desktop_notification.terminal_notifier': Not used on non-Darwin systems
[4.337s] INFO:colcon.colcon_core.plugin_system:Skipping extension 'colcon_notification.desktop_notification.win32': Not used on non-Windows systems
[4.337s] INFO:colcon.colcon_notification.desktop_notification:Sending desktop notification using 'notify2'
[4.383s] DEBUG:colcon.colcon_core.event_reactor:joined thread
[4.387s] INFO:colcon.colcon_core.shell:Creating prefix script '/home/johnsmith/Desktop/underwater/flir_spinnaker_driver/install/local_setup.ps1'
[4.389s] INFO:colcon.colcon_core.shell:Creating prefix util module '/home/johnsmith/Desktop/underwater/flir_spinnaker_driver/install/_local_setup_util_ps1.py'
[4.392s] INFO:colcon.colcon_core.shell:Creating prefix chain script '/home/johnsmith/Desktop/underwater/flir_spinnaker_driver/install/setup.ps1'
[4.395s] INFO:colcon.colcon_core.shell:Creating prefix script '/home/johnsmith/Desktop/underwater/flir_spinnaker_driver/install/local_setup.sh'
[4.396s] INFO:colcon.colcon_core.shell:Creating prefix util module '/home/johnsmith/Desktop/underwater/flir_spinnaker_driver/install/_local_setup_util_sh.py'
[4.397s] INFO:colcon.colcon_core.shell:Creating prefix chain script '/home/johnsmith/Desktop/underwater/flir_spinnaker_driver/install/setup.sh'
[4.400s] INFO:colcon.colcon_core.shell:Creating prefix script '/home/johnsmith/Desktop/underwater/flir_spinnaker_driver/install/local_setup.bash'
[4.401s] INFO:colcon.colcon_core.shell:Creating prefix chain script '/home/johnsmith/Desktop/underwater/flir_spinnaker_driver/install/setup.bash'
[4.404s] INFO:colcon.colcon_core.shell:Creating prefix script '/home/johnsmith/Desktop/underwater/flir_spinnaker_driver/install/local_setup.zsh'
[4.405s] INFO:colcon.colcon_core.shell:Creating prefix chain script '/home/johnsmith/Desktop/underwater/flir_spinnaker_driver/install/setup.zsh'
